#
# There is insufficient memory for the Java Runtime Environment to continue.
# Native memory allocation (mmap) failed to map 110100480 bytes for G1 virtual space
# Possible reasons:
#   The system is out of physical RAM or swap space
#   The process is running with CompressedOops enabled, and the Java Heap may be blocking the growth of the native heap
# Possible solutions:
#   Reduce memory load on the system
#   Increase physical memory or swap space
#   Check if swap backing store is full
#   Decrease Java heap size (-Xmx/-Xms)
#   Decrease number of Java threads
#   Decrease Java thread stack sizes (-Xss)
#   Set larger code cache with -XX:ReservedCodeCacheSize=
#   JVM is running with Unscaled Compressed Oops mode in which the Java heap is
#     placed in the first 4GB address space. The Java Heap base address is the
#     maximum limit for the native heap growth. Please use -XX:HeapBaseMinAddress
#     to set the Java Heap base and to place the Java Heap above 4GB virtual address.
# This output file may be truncated or incomplete.
#
#  Out of Memory Error (os_windows.cpp:3771), pid=8740, tid=13788
#
# JRE version: OpenJDK Runtime Environment (17.0.7) (build 17.0.7+0-b2043.56-10550314)
# Java VM: OpenJDK 64-Bit Server VM (17.0.7+0-b2043.56-10550314, mixed mode, tiered, compressed oops, compressed class ptrs, g1 gc, windows-amd64)
# No core dump will be written. Minidumps are not enabled by default on client versions of Windows
#

---------------  S U M M A R Y ------------

Command Line: org.jetbrains.kotlin.cli.jvm.K2JVMCompiler @C:\Users\athul\AndroidStudioProjects\Roam\app\build\20240213_13569185143432398014.compiler.options

Host: AMD Ryzen 5 3550H with Radeon Vega Mobile Gfx  , 8 cores, 3G,  Windows 11 , 64 bit Build 26040 (10.0.26040.1000)
Time: Tue Feb 13 02:45:47 2024 India Standard Time elapsed time: 11.174717 seconds (0d 0h 0m 11s)

---------------  T H R E A D  ---------------

Current thread (0x000001a4792e8050):  VMThread "VM Thread" [stack: 0x0000006e51100000,0x0000006e51200000] [id=13788]

Stack: [0x0000006e51100000,0x0000006e51200000]
Native frames: (J=compiled Java code, j=interpreted, Vv=VM code, C=native code)
V  [jvm.dll+0x683bfa]
V  [jvm.dll+0x8430a4]
V  [jvm.dll+0x8449be]
V  [jvm.dll+0x845023]
V  [jvm.dll+0x24ad2f]
V  [jvm.dll+0x680ac9]
V  [jvm.dll+0x67519a]
V  [jvm.dll+0x30b3cb]
V  [jvm.dll+0x312876]
V  [jvm.dll+0x36221e]
V  [jvm.dll+0x36244f]
V  [jvm.dll+0x2e14a8]
V  [jvm.dll+0x2df684]
V  [jvm.dll+0x2dec8c]
V  [jvm.dll+0x32382b]
V  [jvm.dll+0x8496eb]
V  [jvm.dll+0x84a424]
V  [jvm.dll+0x84a93d]
V  [jvm.dll+0x84ad14]
V  [jvm.dll+0x84ade0]
V  [jvm.dll+0x7f2aea]
V  [jvm.dll+0x682a35]
C  [ucrtbase.dll+0x6bcc0]
C  [KERNEL32.DLL+0x28d17]
C  [ntdll.dll+0x28260]

VM_Operation (0x0000006e519fdb80): G1CollectForAllocation, mode: safepoint, requested by thread 0x000001a4795c7cf0


---------------  P R O C E S S  ---------------

Threads class SMR info:
_java_thread_list=0x000001a47ef27000, length=13, elements={
0x000001a4601406b0, 0x000001a4792eb790, 0x000001a4792ee350, 0x000001a479342010,
0x000001a479342bc0, 0x000001a479345780, 0x000001a47934cc60, 0x000001a47934dc20,
0x000001a4795c7cf0, 0x000001a479351540, 0x000001a479726cd0, 0x000001a479737cd0,
0x000001a400bff990
}

Java Threads: ( => current thread )
  0x000001a4601406b0 JavaThread "main" [_thread_blocked, id=7728, stack(0x0000006e50b00000,0x0000006e50c00000)]
  0x000001a4792eb790 JavaThread "Reference Handler" daemon [_thread_blocked, id=15396, stack(0x0000006e51200000,0x0000006e51300000)]
  0x000001a4792ee350 JavaThread "Finalizer" daemon [_thread_blocked, id=12184, stack(0x0000006e51300000,0x0000006e51400000)]
  0x000001a479342010 JavaThread "Signal Dispatcher" daemon [_thread_blocked, id=9232, stack(0x0000006e51400000,0x0000006e51500000)]
  0x000001a479342bc0 JavaThread "Attach Listener" daemon [_thread_blocked, id=860, stack(0x0000006e51500000,0x0000006e51600000)]
  0x000001a479345780 JavaThread "Service Thread" daemon [_thread_blocked, id=7528, stack(0x0000006e51600000,0x0000006e51700000)]
  0x000001a47934cc60 JavaThread "Monitor Deflation Thread" daemon [_thread_blocked, id=17392, stack(0x0000006e51700000,0x0000006e51800000)]
  0x000001a47934dc20 JavaThread "C2 CompilerThread0" daemon [_thread_blocked, id=16108, stack(0x0000006e51800000,0x0000006e51900000)]
  0x000001a4795c7cf0 JavaThread "C1 CompilerThread0" daemon [_thread_blocked, id=14464, stack(0x0000006e51900000,0x0000006e51a00000)]
  0x000001a479351540 JavaThread "Sweeper thread" daemon [_thread_blocked, id=15204, stack(0x0000006e51a00000,0x0000006e51b00000)]
  0x000001a479726cd0 JavaThread "Notification Thread" daemon [_thread_blocked, id=3032, stack(0x0000006e51b00000,0x0000006e51c00000)]
  0x000001a479737cd0 JavaThread "Common-Cleaner" daemon [_thread_blocked, id=3840, stack(0x0000006e51d00000,0x0000006e51e00000)]
  0x000001a400bff990 JavaThread "C2 CompilerThread1" daemon [_thread_blocked, id=14116, stack(0x0000006e51e00000,0x0000006e51f00000)]

Other Threads:
=>0x000001a4792e8050 VMThread "VM Thread" [stack: 0x0000006e51100000,0x0000006e51200000] [id=13788]
  0x000001a460192280 WatcherThread [stack: 0x0000006e51c00000,0x0000006e51d00000] [id=5860]
  0x000001a46017b5c0 GCTaskThread "GC Thread#0" [stack: 0x0000006e50c00000,0x0000006e50d00000] [id=16448]
  0x000001a47e383c30 GCTaskThread "GC Thread#1" [stack: 0x0000006e51f00000,0x0000006e52000000] [id=15864]
  0x000001a47e3ad090 GCTaskThread "GC Thread#2" [stack: 0x0000006e52000000,0x0000006e52100000] [id=12020]
  0x000001a47e3ad340 GCTaskThread "GC Thread#3" [stack: 0x0000006e52100000,0x0000006e52200000] [id=7620]
  0x000001a47e3ad5f0 GCTaskThread "GC Thread#4" [stack: 0x0000006e52200000,0x0000006e52300000] [id=15152]
  0x000001a47e647ac0 GCTaskThread "GC Thread#5" [stack: 0x0000006e52300000,0x0000006e52400000] [id=2624]
  0x000001a47e648d90 GCTaskThread "GC Thread#6" [stack: 0x0000006e52400000,0x0000006e52500000] [id=6708]
  0x000001a47e648ae0 GCTaskThread "GC Thread#7" [stack: 0x0000006e52500000,0x0000006e52600000] [id=5780]
  0x000001a460183260 ConcurrentGCThread "G1 Main Marker" [stack: 0x0000006e50d00000,0x0000006e50e00000] [id=312]
  0x000001a460185690 ConcurrentGCThread "G1 Conc#0" [stack: 0x0000006e50e00000,0x0000006e50f00000] [id=15288]
  0x000001a47e649040 ConcurrentGCThread "G1 Conc#1" [stack: 0x0000006e52600000,0x0000006e52700000] [id=4692]
  0x000001a4601da320 ConcurrentGCThread "G1 Refine#0" [stack: 0x0000006e50f00000,0x0000006e51000000] [id=16928]
  0x000001a400af0ab0 ConcurrentGCThread "G1 Refine#1" [stack: 0x0000006e52700000,0x0000006e52800000] [id=14324]
  0x000001a400aefc50 ConcurrentGCThread "G1 Refine#2" [stack: 0x0000006e52800000,0x0000006e52900000] [id=5852]
  0x000001a400aef3b0 ConcurrentGCThread "G1 Refine#3" [stack: 0x0000006e52900000,0x0000006e52a00000] [id=16896]
  0x000001a4601dabe0 ConcurrentGCThread "G1 Service" [stack: 0x0000006e51000000,0x0000006e51100000] [id=14972]

Threads with active compile tasks:
C2 CompilerThread0    11205 7760       4       org.jetbrains.kotlin.com.intellij.lang.impl.PsiBuilderImpl::insertLeaves (88 bytes)
C1 CompilerThread0    11205 7854       2       org.jetbrains.kotlin.resolve.calls.smartcasts.DataFlowValueKindUtilsKt::variableKind (259 bytes)
C2 CompilerThread1    11205 7846   !   4       java.util.concurrent.ConcurrentHashMap::putVal (432 bytes)

VM state: at safepoint (normal execution)

VM Mutex/Monitor currently owned by a thread:  ([mutex/lock_event])
[0x000001a46013c030] Threads_lock - owner thread: 0x000001a4792e8050
[0x000001a46013b100] Heap_lock - owner thread: 0x000001a4795c7cf0

Heap address: 0x00000000ca000000, size: 864 MB, Compressed Oops mode: 32-bit

CDS archive(s) not mapped
Compressed class space mapped at: 0x0000000100000000-0x0000000140000000, reserved size: 1073741824
Narrow klass base: 0x0000000000000000, Narrow klass shift: 3, Narrow klass range: 0x140000000

GC Precious Log:
 CPUs: 8 total, 8 available
 Memory: 3455M
 Large Page Support: Disabled
 NUMA Support: Disabled
 Compressed Oops: Enabled (32-bit)
 Heap Region Size: 1M
 Heap Min Capacity: 8M
 Heap Initial Capacity: 54M
 Heap Max Capacity: 864M
 Pre-touch: Disabled
 Parallel Workers: 8
 Concurrent Workers: 2
 Concurrent Refinement Workers: 8
 Periodic GC: Disabled

Heap:
 garbage-first heap   total 107520K, used 58368K [0x00000000ca000000, 0x0000000100000000)
  region size 1024K, 4 young (4096K), 4 survivors (4096K)
 Metaspace       used 62604K, committed 62912K, reserved 1114112K
  class space    used 7488K, committed 7616K, reserved 1048576K

Heap Regions: E=young(eden), S=young(survivor), O=old, HS=humongous(starts), HC=humongous(continues), CS=collection set, F=free, OA=open archive, CA=closed archive, TAMS=top-at-mark-start (previous, next)
|   0|0x00000000ca000000, 0x00000000ca100000, 0x00000000ca100000|100%|HS|  |TAMS 0x00000000ca100000, 0x00000000ca100000| Complete 
|   1|0x00000000ca100000, 0x00000000ca200000, 0x00000000ca200000|100%|HC|  |TAMS 0x00000000ca200000, 0x00000000ca200000| Complete 
|   2|0x00000000ca200000, 0x00000000ca300000, 0x00000000ca300000|100%|HC|  |TAMS 0x00000000ca300000, 0x00000000ca300000| Complete 
|   3|0x00000000ca300000, 0x00000000ca400000, 0x00000000ca400000|100%|HC|  |TAMS 0x00000000ca400000, 0x00000000ca400000| Complete 
|   4|0x00000000ca400000, 0x00000000ca500000, 0x00000000ca500000|100%| O|  |TAMS 0x00000000ca500000, 0x00000000ca500000| Untracked 
|   5|0x00000000ca500000, 0x00000000ca600000, 0x00000000ca600000|100%| O|  |TAMS 0x00000000ca600000, 0x00000000ca600000| Untracked 
|   6|0x00000000ca600000, 0x00000000ca700000, 0x00000000ca700000|100%| O|  |TAMS 0x00000000ca700000, 0x00000000ca700000| Untracked 
|   7|0x00000000ca700000, 0x00000000ca800000, 0x00000000ca800000|100%| O|  |TAMS 0x00000000ca800000, 0x00000000ca800000| Untracked 
|   8|0x00000000ca800000, 0x00000000ca900000, 0x00000000ca900000|100%| O|  |TAMS 0x00000000ca900000, 0x00000000ca900000| Untracked 
|   9|0x00000000ca900000, 0x00000000caa00000, 0x00000000caa00000|100%| O|  |TAMS 0x00000000caa00000, 0x00000000caa00000| Untracked 
|  10|0x00000000caa00000, 0x00000000cab00000, 0x00000000cab00000|100%| O|  |TAMS 0x00000000cab00000, 0x00000000cab00000| Untracked 
|  11|0x00000000cab00000, 0x00000000cac00000, 0x00000000cac00000|100%| O|  |TAMS 0x00000000cab00000, 0x00000000cab00000| Untracked 
|  12|0x00000000cac00000, 0x00000000cad00000, 0x00000000cad00000|100%| O|  |TAMS 0x00000000cad00000, 0x00000000cad00000| Untracked 
|  13|0x00000000cad00000, 0x00000000cae00000, 0x00000000cae00000|100%| O|  |TAMS 0x00000000cae00000, 0x00000000cae00000| Untracked 
|  14|0x00000000cae00000, 0x00000000caf00000, 0x00000000caf00000|100%| O|  |TAMS 0x00000000caf00000, 0x00000000caf00000| Untracked 
|  15|0x00000000caf00000, 0x00000000cb000000, 0x00000000cb000000|100%| O|  |TAMS 0x00000000cb000000, 0x00000000cb000000| Untracked 
|  16|0x00000000cb000000, 0x00000000cb100000, 0x00000000cb100000|100%| O|  |TAMS 0x00000000cb100000, 0x00000000cb100000| Untracked 
|  17|0x00000000cb100000, 0x00000000cb200000, 0x00000000cb200000|100%| O|  |TAMS 0x00000000cb200000, 0x00000000cb200000| Untracked 
|  18|0x00000000cb200000, 0x00000000cb300000, 0x00000000cb300000|100%| O|  |TAMS 0x00000000cb300000, 0x00000000cb300000| Untracked 
|  19|0x00000000cb300000, 0x00000000cb400000, 0x00000000cb400000|100%| O|  |TAMS 0x00000000cb400000, 0x00000000cb400000| Untracked 
|  20|0x00000000cb400000, 0x00000000cb500000, 0x00000000cb500000|100%| O|  |TAMS 0x00000000cb500000, 0x00000000cb500000| Untracked 
|  21|0x00000000cb500000, 0x00000000cb600000, 0x00000000cb600000|100%| O|  |TAMS 0x00000000cb600000, 0x00000000cb600000| Untracked 
|  22|0x00000000cb600000, 0x00000000cb700000, 0x00000000cb700000|100%| O|  |TAMS 0x00000000cb700000, 0x00000000cb700000| Untracked 
|  23|0x00000000cb700000, 0x00000000cb800000, 0x00000000cb800000|100%| O|  |TAMS 0x00000000cb800000, 0x00000000cb800000| Untracked 
|  24|0x00000000cb800000, 0x00000000cb900000, 0x00000000cb900000|100%|HS|  |TAMS 0x00000000cb900000, 0x00000000cb900000| Complete 
|  25|0x00000000cb900000, 0x00000000cba00000, 0x00000000cba00000|100%|HC|  |TAMS 0x00000000cba00000, 0x00000000cba00000| Complete 
|  26|0x00000000cba00000, 0x00000000cbb00000, 0x00000000cbb00000|100%| O|  |TAMS 0x00000000cbb00000, 0x00000000cbb00000| Untracked 
|  27|0x00000000cbb00000, 0x00000000cbc00000, 0x00000000cbc00000|100%| O|  |TAMS 0x00000000cbc00000, 0x00000000cbc00000| Untracked 
|  28|0x00000000cbc00000, 0x00000000cbd00000, 0x00000000cbd00000|100%| O|  |TAMS 0x00000000cbd00000, 0x00000000cbd00000| Untracked 
|  29|0x00000000cbd00000, 0x00000000cbe00000, 0x00000000cbe00000|100%| O|  |TAMS 0x00000000cbe00000, 0x00000000cbe00000| Untracked 
|  30|0x00000000cbe00000, 0x00000000cbf00000, 0x00000000cbf00000|100%| O|  |TAMS 0x00000000cbf00000, 0x00000000cbf00000| Untracked 
|  31|0x00000000cbf00000, 0x00000000cc000000, 0x00000000cc000000|100%| O|  |TAMS 0x00000000cc000000, 0x00000000cc000000| Untracked 
|  32|0x00000000cc000000, 0x00000000cc100000, 0x00000000cc100000|100%| O|  |TAMS 0x00000000cc100000, 0x00000000cc100000| Untracked 
|  33|0x00000000cc100000, 0x00000000cc200000, 0x00000000cc200000|100%| O|  |TAMS 0x00000000cc200000, 0x00000000cc200000| Untracked 
|  34|0x00000000cc200000, 0x00000000cc300000, 0x00000000cc300000|100%| O|  |TAMS 0x00000000cc300000, 0x00000000cc300000| Untracked 
|  35|0x00000000cc300000, 0x00000000cc400000, 0x00000000cc400000|100%| O|  |TAMS 0x00000000cc400000, 0x00000000cc400000| Untracked 
|  36|0x00000000cc400000, 0x00000000cc500000, 0x00000000cc500000|100%| O|  |TAMS 0x00000000cc500000, 0x00000000cc500000| Untracked 
|  37|0x00000000cc500000, 0x00000000cc600000, 0x00000000cc600000|100%| O|  |TAMS 0x00000000cc600000, 0x00000000cc600000| Untracked 
|  38|0x00000000cc600000, 0x00000000cc700000, 0x00000000cc700000|100%| O|  |TAMS 0x00000000cc700000, 0x00000000cc700000| Untracked 
|  39|0x00000000cc700000, 0x00000000cc800000, 0x00000000cc800000|100%| O|  |TAMS 0x00000000cc777600, 0x00000000cc800000| Untracked 
|  40|0x00000000cc800000, 0x00000000cc900000, 0x00000000cc900000|100%| O|  |TAMS 0x00000000cc800000, 0x00000000cc900000| Untracked 
|  41|0x00000000cc900000, 0x00000000cca00000, 0x00000000cca00000|100%| O|  |TAMS 0x00000000cc900000, 0x00000000cca00000| Untracked 
|  42|0x00000000cca00000, 0x00000000ccb00000, 0x00000000ccb00000|100%| O|  |TAMS 0x00000000cca00000, 0x00000000ccb00000| Untracked 
|  43|0x00000000ccb00000, 0x00000000ccc00000, 0x00000000ccc00000|100%| O|  |TAMS 0x00000000ccb00000, 0x00000000ccc00000| Untracked 
|  44|0x00000000ccc00000, 0x00000000ccd00000, 0x00000000ccd00000|100%| O|  |TAMS 0x00000000ccc00000, 0x00000000ccd00000| Untracked 
|  45|0x00000000ccd00000, 0x00000000cce00000, 0x00000000cce00000|100%| O|  |TAMS 0x00000000ccd00000, 0x00000000cce00000| Untracked 
|  46|0x00000000cce00000, 0x00000000ccf00000, 0x00000000ccf00000|100%| O|  |TAMS 0x00000000cce00000, 0x00000000ccf00000| Untracked 
|  47|0x00000000ccf00000, 0x00000000cd000000, 0x00000000cd000000|100%| O|  |TAMS 0x00000000ccf00000, 0x00000000cd000000| Untracked 
|  48|0x00000000cd000000, 0x00000000cd100000, 0x00000000cd100000|100%| O|  |TAMS 0x00000000cd000000, 0x00000000cd100000| Untracked 
|  49|0x00000000cd100000, 0x00000000cd200000, 0x00000000cd200000|100%| O|  |TAMS 0x00000000cd100000, 0x00000000cd200000| Untracked 
|  50|0x00000000cd200000, 0x00000000cd300000, 0x00000000cd300000|100%| O|  |TAMS 0x00000000cd200000, 0x00000000cd300000| Untracked 
|  51|0x00000000cd300000, 0x00000000cd400000, 0x00000000cd400000|100%| O|  |TAMS 0x00000000cd300000, 0x00000000cd400000| Untracked 
|  52|0x00000000cd400000, 0x00000000cd500000, 0x00000000cd500000|100%| O|  |TAMS 0x00000000cd400000, 0x00000000cd4f9000| Untracked 
|  53|0x00000000cd500000, 0x00000000cd500000, 0x00000000cd600000|  0%| F|  |TAMS 0x00000000cd500000, 0x00000000cd500000| Untracked 
|  54|0x00000000cd600000, 0x00000000cd600000, 0x00000000cd700000|  0%| F|  |TAMS 0x00000000cd600000, 0x00000000cd600000| Untracked 
|  55|0x00000000cd700000, 0x00000000cd700000, 0x00000000cd800000|  0%| F|  |TAMS 0x00000000cd700000, 0x00000000cd700000| Untracked 
|  56|0x00000000cd800000, 0x00000000cd800000, 0x00000000cd900000|  0%| F|  |TAMS 0x00000000cd800000, 0x00000000cd800000| Untracked 
|  57|0x00000000cd900000, 0x00000000cd900000, 0x00000000cda00000|  0%| F|  |TAMS 0x00000000cd900000, 0x00000000cd900000| Untracked 
|  58|0x00000000cda00000, 0x00000000cda00000, 0x00000000cdb00000|  0%| F|  |TAMS 0x00000000cda00000, 0x00000000cda00000| Untracked 
|  59|0x00000000cdb00000, 0x00000000cdb00000, 0x00000000cdc00000|  0%| F|  |TAMS 0x00000000cdb00000, 0x00000000cdb00000| Untracked 
|  60|0x00000000cdc00000, 0x00000000cdc00000, 0x00000000cdd00000|  0%| F|  |TAMS 0x00000000cdc00000, 0x00000000cdc00000| Untracked 
|  61|0x00000000cdd00000, 0x00000000cdd00000, 0x00000000cde00000|  0%| F|  |TAMS 0x00000000cdd00000, 0x00000000cdd00000| Untracked 
|  62|0x00000000cde00000, 0x00000000cde00000, 0x00000000cdf00000|  0%| F|  |TAMS 0x00000000cde00000, 0x00000000cde00000| Untracked 
|  63|0x00000000cdf00000, 0x00000000cdf00000, 0x00000000ce000000|  0%| F|  |TAMS 0x00000000cdf00000, 0x00000000cdf00000| Untracked 
|  64|0x00000000ce000000, 0x00000000ce000000, 0x00000000ce100000|  0%| F|  |TAMS 0x00000000ce000000, 0x00000000ce000000| Untracked 
|  65|0x00000000ce100000, 0x00000000ce100000, 0x00000000ce200000|  0%| F|  |TAMS 0x00000000ce100000, 0x00000000ce100000| Untracked 
|  66|0x00000000ce200000, 0x00000000ce200000, 0x00000000ce300000|  0%| F|  |TAMS 0x00000000ce200000, 0x00000000ce200000| Untracked 
|  67|0x00000000ce300000, 0x00000000ce300000, 0x00000000ce400000|  0%| F|  |TAMS 0x00000000ce300000, 0x00000000ce300000| Untracked 
|  68|0x00000000ce400000, 0x00000000ce400000, 0x00000000ce500000|  0%| F|  |TAMS 0x00000000ce400000, 0x00000000ce400000| Untracked 
|  69|0x00000000ce500000, 0x00000000ce500000, 0x00000000ce600000|  0%| F|  |TAMS 0x00000000ce500000, 0x00000000ce500000| Untracked 
|  70|0x00000000ce600000, 0x00000000ce600000, 0x00000000ce700000|  0%| F|  |TAMS 0x00000000ce600000, 0x00000000ce600000| Untracked 
|  71|0x00000000ce700000, 0x00000000ce700000, 0x00000000ce800000|  0%| F|  |TAMS 0x00000000ce700000, 0x00000000ce700000| Untracked 
|  72|0x00000000ce800000, 0x00000000ce900000, 0x00000000ce900000|100%| S|CS|TAMS 0x00000000ce800000, 0x00000000ce800000| Complete 
|  73|0x00000000ce900000, 0x00000000cea00000, 0x00000000cea00000|100%| S|CS|TAMS 0x00000000ce900000, 0x00000000ce900000| Complete 
|  74|0x00000000cea00000, 0x00000000ceb00000, 0x00000000ceb00000|100%| S|CS|TAMS 0x00000000cea00000, 0x00000000cea00000| Complete 
|  75|0x00000000ceb00000, 0x00000000cec00000, 0x00000000cec00000|100%| S|CS|TAMS 0x00000000ceb00000, 0x00000000ceb00000| Complete 
|  76|0x00000000cec00000, 0x00000000cec00000, 0x00000000ced00000|  0%| F|  |TAMS 0x00000000cec00000, 0x00000000cec00000| Untracked 
|  77|0x00000000ced00000, 0x00000000ced00000, 0x00000000cee00000|  0%| F|  |TAMS 0x00000000ced00000, 0x00000000ced00000| Untracked 
|  78|0x00000000cee00000, 0x00000000cee00000, 0x00000000cef00000|  0%| F|  |TAMS 0x00000000cee00000, 0x00000000cee00000| Untracked 
|  79|0x00000000cef00000, 0x00000000cef00000, 0x00000000cf000000|  0%| F|  |TAMS 0x00000000cef00000, 0x00000000cef00000| Untracked 
|  80|0x00000000cf000000, 0x00000000cf000000, 0x00000000cf100000|  0%| F|  |TAMS 0x00000000cf000000, 0x00000000cf000000| Untracked 
|  81|0x00000000cf100000, 0x00000000cf100000, 0x00000000cf200000|  0%| F|  |TAMS 0x00000000cf100000, 0x00000000cf100000| Untracked 
|  82|0x00000000cf200000, 0x00000000cf200000, 0x00000000cf300000|  0%| F|  |TAMS 0x00000000cf200000, 0x00000000cf200000| Untracked 
|  83|0x00000000cf300000, 0x00000000cf300000, 0x00000000cf400000|  0%| F|  |TAMS 0x00000000cf300000, 0x00000000cf300000| Untracked 
|  84|0x00000000cf400000, 0x00000000cf400000, 0x00000000cf500000|  0%| F|  |TAMS 0x00000000cf400000, 0x00000000cf400000| Untracked 
|  85|0x00000000cf500000, 0x00000000cf500000, 0x00000000cf600000|  0%| F|  |TAMS 0x00000000cf500000, 0x00000000cf500000| Untracked 
|  86|0x00000000cf600000, 0x00000000cf600000, 0x00000000cf700000|  0%| F|  |TAMS 0x00000000cf600000, 0x00000000cf600000| Untracked 
|  87|0x00000000cf700000, 0x00000000cf700000, 0x00000000cf800000|  0%| F|  |TAMS 0x00000000cf700000, 0x00000000cf700000| Untracked 
|  88|0x00000000cf800000, 0x00000000cf800000, 0x00000000cf900000|  0%| F|  |TAMS 0x00000000cf800000, 0x00000000cf800000| Untracked 
|  89|0x00000000cf900000, 0x00000000cf900000, 0x00000000cfa00000|  0%| F|  |TAMS 0x00000000cf900000, 0x00000000cf900000| Untracked 
|  90|0x00000000cfa00000, 0x00000000cfa00000, 0x00000000cfb00000|  0%| F|  |TAMS 0x00000000cfa00000, 0x00000000cfa00000| Untracked 
|  91|0x00000000cfb00000, 0x00000000cfb00000, 0x00000000cfc00000|  0%| F|  |TAMS 0x00000000cfb00000, 0x00000000cfb00000| Untracked 
|  92|0x00000000cfc00000, 0x00000000cfc00000, 0x00000000cfd00000|  0%| F|  |TAMS 0x00000000cfc00000, 0x00000000cfc00000| Untracked 
|  93|0x00000000cfd00000, 0x00000000cfd00000, 0x00000000cfe00000|  0%| F|  |TAMS 0x00000000cfd00000, 0x00000000cfd00000| Untracked 
|  94|0x00000000cfe00000, 0x00000000cfe00000, 0x00000000cff00000|  0%| F|  |TAMS 0x00000000cfe00000, 0x00000000cfe00000| Untracked 
|  95|0x00000000cff00000, 0x00000000cff00000, 0x00000000d0000000|  0%| F|  |TAMS 0x00000000cff00000, 0x00000000cff00000| Untracked 
|  96|0x00000000d0000000, 0x00000000d0000000, 0x00000000d0100000|  0%| F|  |TAMS 0x00000000d0000000, 0x00000000d0000000| Untracked 
|  97|0x00000000d0100000, 0x00000000d0100000, 0x00000000d0200000|  0%| F|  |TAMS 0x00000000d0100000, 0x00000000d0100000| Untracked 
|  98|0x00000000d0200000, 0x00000000d0200000, 0x00000000d0300000|  0%| F|  |TAMS 0x00000000d0200000, 0x00000000d0200000| Untracked 
|  99|0x00000000d0300000, 0x00000000d0300000, 0x00000000d0400000|  0%| F|  |TAMS 0x00000000d0300000, 0x00000000d0300000| Untracked 
| 100|0x00000000d0400000, 0x00000000d0400000, 0x00000000d0500000|  0%| F|  |TAMS 0x00000000d0400000, 0x00000000d0400000| Untracked 
| 101|0x00000000d0500000, 0x00000000d0500000, 0x00000000d0600000|  0%| F|  |TAMS 0x00000000d0500000, 0x00000000d0500000| Untracked 
| 102|0x00000000d0600000, 0x00000000d0600000, 0x00000000d0700000|  0%| F|  |TAMS 0x00000000d0600000, 0x00000000d0600000| Untracked 
| 103|0x00000000d0700000, 0x00000000d0700000, 0x00000000d0800000|  0%| F|  |TAMS 0x00000000d0700000, 0x00000000d0700000| Untracked 
| 104|0x00000000d0800000, 0x00000000d0800000, 0x00000000d0900000|  0%| F|  |TAMS 0x00000000d0800000, 0x00000000d0800000| Untracked 

Card table byte_map: [0x000001a474a30000,0x000001a474be0000] _byte_map_base: 0x000001a4743e0000

Marking Bits (Prev, Next): (CMBitMap*) 0x000001a46017bc10, (CMBitMap*) 0x000001a46017bbd0
 Prev Bits: [0x000001a475b10000, 0x000001a476890000)
 Next Bits: [0x000001a474d90000, 0x000001a475b10000)

Polling page: 0x000001a460200000

Metaspace:

Usage:
  Non-class:     53.82 MB used.
      Class:      7.31 MB used.
       Both:     61.14 MB used.

Virtual space:
  Non-class space:       64.00 MB reserved,      54.00 MB ( 84%) committed,  1 nodes.
      Class space:        1.00 GB reserved,       7.44 MB ( <1%) committed,  1 nodes.
             Both:        1.06 GB reserved,      61.44 MB (  6%) committed. 

Chunk freelists:
   Non-Class:  9.20 MB
       Class:  8.58 MB
        Both:  17.78 MB

MaxMetaspaceSize: unlimited
CompressedClassSpaceSize: 1.00 GB
Initial GC threshold: 21.00 MB
Current GC threshold: 98.06 MB
CDS: off
MetaspaceReclaimPolicy: balanced
 - commit_granule_bytes: 65536.
 - commit_granule_words: 8192.
 - virtual_space_node_default_size: 8388608.
 - enlarge_chunks_in_place: 1.
 - new_chunks_are_fully_committed: 0.
 - uncommit_free_chunks: 1.
 - use_allocation_guard: 0.
 - handle_deallocations: 1.


Internal statistics:

num_allocs_failed_limit: 9.
num_arena_births: 294.
num_arena_deaths: 0.
num_vsnodes_births: 2.
num_vsnodes_deaths: 0.
num_space_committed: 981.
num_space_uncommitted: 0.
num_chunks_returned_to_freelist: 9.
num_chunks_taken_from_freelist: 2256.
num_chunk_merges: 9.
num_chunk_splits: 1820.
num_chunks_enlarged: 1589.
num_inconsistent_stats: 0.

CodeHeap 'non-profiled nmethods': size=120000Kb used=2946Kb max_used=3024Kb free=117053Kb
 bounds [0x000001a46c9e0000, 0x000001a46ccf0000, 0x000001a473f10000]
CodeHeap 'profiled nmethods': size=120000Kb used=14441Kb max_used=14936Kb free=105559Kb
 bounds [0x000001a464f10000, 0x000001a465dc0000, 0x000001a46c440000]
CodeHeap 'non-nmethods': size=5760Kb used=1291Kb max_used=1358Kb free=4468Kb
 bounds [0x000001a46c440000, 0x000001a46c6b0000, 0x000001a46c9e0000]
 total_blobs=7464 nmethods=6859 adapters=515
 compilation: enabled
              stopped_count=0, restarted_count=0
 full_count=0

Compilation events (20 events):
Event: 9.120 Thread 0x000001a400bff990 7809       4       kotlin.sequences.FlatteningSequence$iterator$1::hasNext (5 bytes)
Event: 9.121 Thread 0x000001a4795c7cf0 7845       2       org.jetbrains.org.objectweb.asm.FieldVisitor::visitEnd (15 bytes)
Event: 9.121 Thread 0x000001a4795c7cf0 nmethod 7845 0x000001a465503a90 code [0x000001a465503c20, 0x000001a465503d48]
Event: 9.123 Thread 0x000001a400bff990 nmethod 7809 0x000001a46cc2e110 code [0x000001a46cc2e2a0, 0x000001a46cc2e5f8]
Event: 9.123 Thread 0x000001a400bff990 7846   !   4       java.util.concurrent.ConcurrentHashMap::putVal (432 bytes)
Event: 9.125 Thread 0x000001a4795c7cf0 7847       2       org.jetbrains.kotlin.com.intellij.openapi.util.SimpleModificationTracker::<init> (5 bytes)
Event: 9.125 Thread 0x000001a4795c7cf0 nmethod 7847 0x000001a465287d10 code [0x000001a465287ea0, 0x000001a465287f98]
Event: 9.126 Thread 0x000001a4795c7cf0 7848       2       org.jetbrains.kotlin.descriptors.DescriptorVisibilityUtils::findInvisibleMember (32 bytes)
Event: 9.127 Thread 0x000001a4795c7cf0 nmethod 7848 0x000001a464f3b690 code [0x000001a464f3b900, 0x000001a464f3bef8]
Event: 9.127 Thread 0x000001a4795c7cf0 7849       2       org.jetbrains.kotlin.resolve.calls.util.CallUtilKt::isFakeElement (36 bytes)
Event: 9.128 Thread 0x000001a4795c7cf0 nmethod 7849 0x000001a464f3a590 code [0x000001a464f3a860, 0x000001a464f3b0b8]
Event: 9.128 Thread 0x000001a4795c7cf0 7850       2       org.jetbrains.kotlin.resolve.calls.components.CheckVisibility::process (216 bytes)
Event: 9.129 Thread 0x000001a4795c7cf0 nmethod 7850 0x000001a464f38f10 code [0x000001a464f39240, 0x000001a464f39d88]
Event: 9.131 Thread 0x000001a4795c7cf0 7851       2       org.jetbrains.kotlin.utils.addToStdlib.AddToStdlibKt::trimToSize (25 bytes)
Event: 9.131 Thread 0x000001a4795c7cf0 nmethod 7851 0x000001a464f38810 code [0x000001a464f38a00, 0x000001a464f38d08]
Event: 9.132 Thread 0x000001a4795c7cf0 7852       2       org.jetbrains.kotlin.resolve.calls.components.ClassicTypeSystemContextForCS::areEqualTypeConstructors (7 bytes)
Event: 9.132 Thread 0x000001a4795c7cf0 nmethod 7852 0x000001a464f38310 code [0x000001a464f384a0, 0x000001a464f385c8]
Event: 9.133 Thread 0x000001a4795c7cf0 7853       2       org.jetbrains.kotlin.types.expressions.DataFlowAnalyzer::checkType (150 bytes)
Event: 9.134 Thread 0x000001a4795c7cf0 nmethod 7853 0x000001a465768e10 code [0x000001a465769060, 0x000001a4657696b8]
Event: 9.134 Thread 0x000001a4795c7cf0 7854       2       org.jetbrains.kotlin.resolve.calls.smartcasts.DataFlowValueKindUtilsKt::variableKind (259 bytes)

GC Heap History (20 events):
Event: 3.281 GC heap after
{Heap after GC invocations=10 (full 0):
 garbage-first heap   total 54272K, used 21987K [0x00000000ca000000, 0x0000000100000000)
  region size 1024K, 1 young (1024K), 1 survivors (1024K)
 Metaspace       used 35785K, committed 35968K, reserved 1114112K
  class space    used 4575K, committed 4672K, reserved 1048576K
}
Event: 3.606 GC heap before
{Heap before GC invocations=11 (full 0):
 garbage-first heap   total 54272K, used 37347K [0x00000000ca000000, 0x0000000100000000)
  region size 1024K, 17 young (17408K), 1 survivors (1024K)
 Metaspace       used 38972K, committed 39168K, reserved 1114112K
  class space    used 4926K, committed 4992K, reserved 1048576K
}
Event: 3.609 GC heap after
{Heap after GC invocations=12 (full 0):
 garbage-first heap   total 54272K, used 23802K [0x00000000ca000000, 0x0000000100000000)
  region size 1024K, 3 young (3072K), 3 survivors (3072K)
 Metaspace       used 38972K, committed 39168K, reserved 1114112K
  class space    used 4926K, committed 4992K, reserved 1048576K
}
Event: 3.618 GC heap before
{Heap before GC invocations=12 (full 0):
 garbage-first heap   total 54272K, used 23802K [0x00000000ca000000, 0x0000000100000000)
  region size 1024K, 4 young (4096K), 3 survivors (3072K)
 Metaspace       used 39121K, committed 39296K, reserved 1114112K
  class space    used 4935K, committed 4992K, reserved 1048576K
}
Event: 3.622 GC heap after
{Heap after GC invocations=13 (full 0):
 garbage-first heap   total 54272K, used 23041K [0x00000000ca000000, 0x0000000100000000)
  region size 1024K, 1 young (1024K), 1 survivors (1024K)
 Metaspace       used 39121K, committed 39296K, reserved 1114112K
  class space    used 4935K, committed 4992K, reserved 1048576K
}
Event: 3.874 GC heap before
{Heap before GC invocations=13 (full 0):
 garbage-first heap   total 54272K, used 37377K [0x00000000ca000000, 0x0000000100000000)
  region size 1024K, 16 young (16384K), 1 survivors (1024K)
 Metaspace       used 42285K, committed 42560K, reserved 1114112K
  class space    used 5218K, committed 5312K, reserved 1048576K
}
Event: 3.876 GC heap after
{Heap after GC invocations=14 (full 0):
 garbage-first heap   total 107520K, used 23923K [0x00000000ca000000, 0x0000000100000000)
  region size 1024K, 2 young (2048K), 2 survivors (2048K)
 Metaspace       used 42285K, committed 42560K, reserved 1114112K
  class space    used 5218K, committed 5312K, reserved 1048576K
}
Event: 5.023 GC heap before
{Heap before GC invocations=14 (full 0):
 garbage-first heap   total 107520K, used 71027K [0x00000000ca000000, 0x0000000100000000)
  region size 1024K, 46 young (47104K), 2 survivors (2048K)
 Metaspace       used 49004K, committed 49280K, reserved 1114112K
  class space    used 5967K, committed 6144K, reserved 1048576K
}
Event: 5.042 GC heap after
{Heap after GC invocations=15 (full 0):
 garbage-first heap   total 107520K, used 35457K [0x00000000ca000000, 0x0000000100000000)
  region size 1024K, 6 young (6144K), 6 survivors (6144K)
 Metaspace       used 49004K, committed 49280K, reserved 1114112K
  class space    used 5967K, committed 6144K, reserved 1048576K
}
Event: 5.590 GC heap before
{Heap before GC invocations=15 (full 0):
 garbage-first heap   total 107520K, used 71297K [0x00000000ca000000, 0x0000000100000000)
  region size 1024K, 40 young (40960K), 6 survivors (6144K)
 Metaspace       used 52130K, committed 52352K, reserved 1114112K
  class space    used 6346K, committed 6464K, reserved 1048576K
}
Event: 5.611 GC heap after
{Heap after GC invocations=16 (full 0):
 garbage-first heap   total 107520K, used 40550K [0x00000000ca000000, 0x0000000100000000)
  region size 1024K, 5 young (5120K), 5 survivors (5120K)
 Metaspace       used 52130K, committed 52352K, reserved 1114112K
  class space    used 6346K, committed 6464K, reserved 1048576K
}
Event: 6.242 GC heap before
{Heap before GC invocations=16 (full 0):
 garbage-first heap   total 107520K, used 74342K [0x00000000ca000000, 0x0000000100000000)
  region size 1024K, 38 young (38912K), 5 survivors (5120K)
 Metaspace       used 56185K, committed 56512K, reserved 1114112K
  class space    used 6813K, committed 6976K, reserved 1048576K
}
Event: 6.256 GC heap after
{Heap after GC invocations=17 (full 0):
 garbage-first heap   total 107520K, used 43339K [0x00000000ca000000, 0x0000000100000000)
  region size 1024K, 3 young (3072K), 3 survivors (3072K)
 Metaspace       used 56185K, committed 56512K, reserved 1114112K
  class space    used 6813K, committed 6976K, reserved 1048576K
}
Event: 7.400 GC heap before
{Heap before GC invocations=17 (full 0):
 garbage-first heap   total 107520K, used 69963K [0x00000000ca000000, 0x0000000100000000)
  region size 1024K, 30 young (30720K), 3 survivors (3072K)
 Metaspace       used 59902K, committed 60160K, reserved 1114112K
  class space    used 7206K, committed 7360K, reserved 1048576K
}
Event: 7.419 GC heap after
{Heap after GC invocations=18 (full 0):
 garbage-first heap   total 107520K, used 46929K [0x00000000ca000000, 0x0000000100000000)
  region size 1024K, 5 young (5120K), 5 survivors (5120K)
 Metaspace       used 59902K, committed 60160K, reserved 1114112K
  class space    used 7206K, committed 7360K, reserved 1048576K
}
Event: 8.208 GC heap before
{Heap before GC invocations=19 (full 0):
 garbage-first heap   total 107520K, used 80721K [0x00000000ca000000, 0x0000000100000000)
  region size 1024K, 38 young (38912K), 5 survivors (5120K)
 Metaspace       used 60317K, committed 60544K, reserved 1114112K
  class space    used 7223K, committed 7360K, reserved 1048576K
}
Event: 8.233 GC heap after
{Heap after GC invocations=20 (full 0):
 garbage-first heap   total 107520K, used 53154K [0x00000000ca000000, 0x0000000100000000)
  region size 1024K, 5 young (5120K), 5 survivors (5120K)
 Metaspace       used 60317K, committed 60544K, reserved 1114112K
  class space    used 7223K, committed 7360K, reserved 1048576K
}
Event: 8.257 GC heap before
{Heap before GC invocations=20 (full 0):
 garbage-first heap   total 107520K, used 54178K [0x00000000ca000000, 0x0000000100000000)
  region size 1024K, 6 young (6144K), 5 survivors (5120K)
 Metaspace       used 60321K, committed 60608K, reserved 1114112K
  class space    used 7223K, committed 7360K, reserved 1048576K
}
Event: 8.273 GC heap after
{Heap after GC invocations=21 (full 0):
 garbage-first heap   total 107520K, used 54216K [0x00000000ca000000, 0x0000000100000000)
  region size 1024K, 1 young (1024K), 1 survivors (1024K)
 Metaspace       used 60321K, committed 60608K, reserved 1114112K
  class space    used 7223K, committed 7360K, reserved 1048576K
}
Event: 9.135 GC heap before
{Heap before GC invocations=21 (full 0):
 garbage-first heap   total 107520K, used 82888K [0x00000000ca000000, 0x0000000100000000)
  region size 1024K, 29 young (29696K), 1 survivors (1024K)
 Metaspace       used 62604K, committed 62912K, reserved 1114112K
  class space    used 7488K, committed 7616K, reserved 1048576K
}

Dll operation events (2 events):
Event: 0.045 Loaded shared library C:\Program Files\Android\Android Studio\jbr\bin\java.dll
Event: 2.060 Loaded shared library C:\Program Files\Android\Android Studio\jbr\bin\verify.dll

Deoptimization events (20 events):
Event: 9.001 Thread 0x000001a4601406b0 DEOPT PACKING pc=0x000001a46cafe044 sp=0x0000006e50bfd860
Event: 9.001 Thread 0x000001a4601406b0 DEOPT UNPACKING pc=0x000001a46c4969a3 sp=0x0000006e50bfd820 mode 2
Event: 9.001 Thread 0x000001a4601406b0 Uncommon trap: trap_request=0xffffffde fr.pc=0x000001a46cafe044 relative=0x0000000000000224
Event: 9.001 Thread 0x000001a4601406b0 Uncommon trap: reason=class_check action=maybe_recompile pc=0x000001a46cafe044 method=org.jetbrains.kotlin.com.google.common.collect.AbstractMapBasedMultimap.createCollection(Ljava/lang/Object;)Ljava/util/Collection; @ 1 c2
Event: 9.001 Thread 0x000001a4601406b0 DEOPT PACKING pc=0x000001a46cafe044 sp=0x0000006e50bfbf60
Event: 9.001 Thread 0x000001a4601406b0 DEOPT UNPACKING pc=0x000001a46c4969a3 sp=0x0000006e50bfbf20 mode 2
Event: 9.001 Thread 0x000001a4601406b0 Uncommon trap: trap_request=0xffffffde fr.pc=0x000001a46cafe044 relative=0x0000000000000224
Event: 9.001 Thread 0x000001a4601406b0 Uncommon trap: reason=class_check action=maybe_recompile pc=0x000001a46cafe044 method=org.jetbrains.kotlin.com.google.common.collect.AbstractMapBasedMultimap.createCollection(Ljava/lang/Object;)Ljava/util/Collection; @ 1 c2
Event: 9.001 Thread 0x000001a4601406b0 DEOPT PACKING pc=0x000001a46cafe044 sp=0x0000006e50bfbf60
Event: 9.001 Thread 0x000001a4601406b0 DEOPT UNPACKING pc=0x000001a46c4969a3 sp=0x0000006e50bfbf20 mode 2
Event: 9.093 Thread 0x000001a4601406b0 DEOPT PACKING pc=0x000001a4658c6ab7 sp=0x0000006e50bfdc10
Event: 9.093 Thread 0x000001a4601406b0 DEOPT UNPACKING pc=0x000001a46c497143 sp=0x0000006e50bfd0d8 mode 0
Event: 9.106 Thread 0x000001a4601406b0 Uncommon trap: trap_request=0xffffffde fr.pc=0x000001a46cb309d4 relative=0x00000000000006d4
Event: 9.106 Thread 0x000001a4601406b0 Uncommon trap: reason=class_check action=maybe_recompile pc=0x000001a46cb309d4 method=org.jetbrains.kotlin.types.FlexibleType.getArguments()Ljava/util/List; @ 4 c2
Event: 9.106 Thread 0x000001a4601406b0 DEOPT PACKING pc=0x000001a46cb309d4 sp=0x0000006e50bfc180
Event: 9.106 Thread 0x000001a4601406b0 DEOPT UNPACKING pc=0x000001a46c4969a3 sp=0x0000006e50bfc158 mode 2
Event: 9.106 Thread 0x000001a4601406b0 Uncommon trap: trap_request=0xffffffde fr.pc=0x000001a46cb309d4 relative=0x00000000000006d4
Event: 9.106 Thread 0x000001a4601406b0 Uncommon trap: reason=class_check action=maybe_recompile pc=0x000001a46cb309d4 method=org.jetbrains.kotlin.types.FlexibleType.getArguments()Ljava/util/List; @ 4 c2
Event: 9.106 Thread 0x000001a4601406b0 DEOPT PACKING pc=0x000001a46cb309d4 sp=0x0000006e50bfc7a0
Event: 9.106 Thread 0x000001a4601406b0 DEOPT UNPACKING pc=0x000001a46c4969a3 sp=0x0000006e50bfc778 mode 2

Classes unloaded (0 events):
No events

Classes redefined (0 events):
No events

Internal exceptions (20 events):
Event: 5.789 Thread 0x000001a4601406b0 Exception <a 'java/lang/NoSuchMethodError'{0x00000000cfe58a28}: 'java.lang.Object java.lang.invoke.DirectMethodHandle$Holder.newInvokeSpecial(java.lang.Object, java.lang.Object, java.lang.Object, java.lang.Object, java.lang.Object, java.lang.Object)'> (0x00000000cfe58a28) 
thrown [s\src\hotspot\share\interpreter\linkResolver.cpp, line 771]
Event: 5.815 Thread 0x000001a4601406b0 Exception <a 'java/lang/NoSuchMethodError'{0x00000000cfd37208}: 'int java.lang.invoke.DirectMethodHandle$Holder.invokeInterface(java.lang.Object, java.lang.Object)'> (0x00000000cfd37208) 
thrown [s\src\hotspot\share\interpreter\linkResolver.cpp, line 771]
Event: 6.018 Thread 0x000001a4601406b0 Implicit null exception at 0x000001a46ca27f0e to 0x000001a46ca28148
Event: 6.297 Thread 0x000001a4601406b0 Exception <a 'java/lang/NoSuchMethodError'{0x00000000d08ce668}: 'java.lang.Object java.lang.invoke.DirectMethodHandle$Holder.newInvokeSpecial(java.lang.Object, java.lang.Object, java.lang.Object, java.lang.Object, java.lang.Object, java.lang.Object, java.lang.Object, java.lang.Object)'> (0x00000000d08ce668) 
thrown [s\src\hotspot\share\interpreter\linkResolver.cpp, line 771]
Event: 6.298 Thread 0x000001a4601406b0 Exception <a 'java/lang/NoSuchMethodError'{0x00000000d08d3c80}: 'java.lang.Object java.lang.invoke.DirectMethodHandle$Holder.invokeSpecial(java.lang.Object, java.lang.Object, java.lang.Object, java.lang.Object, java.lang.Object, java.lang.Object, java.lang.Object, java.lang.Object, java.lang.Object)'> (0x00000000d08d3c80) 
thrown [s\src\hotspot\share\interpreter\linkResolver.cpp, line 771]
Event: 6.299 Thread 0x000001a4601406b0 Exception <a 'java/lang/NoSuchMethodError'{0x00000000d08d8bb0}: 'java.lang.Object java.lang.invoke.Invokers$Holder.linkToTargetMethod(java.lang.Object, java.lang.Object, java.lang.Object, java.lang.Object, java.lang.Object, java.lang.Object, java.lang.Object, java.lang.Object)'> (0x00000000d08d8bb0) 
thrown [s\src\hotspot\share\interpreter\linkResolver.cpp, line 771]
Event: 6.317 Thread 0x000001a4601406b0 Implicit null exception at 0x000001a46cb1b158 to 0x000001a46cb1b1ea
Event: 6.317 Thread 0x000001a4601406b0 Implicit null exception at 0x000001a46cafc38f to 0x000001a46cafc405
Event: 6.442 Thread 0x000001a4601406b0 Exception <a 'java/lang/NoSuchMethodError'{0x00000000d05be228}: 'java.lang.Object java.lang.invoke.DirectMethodHandle$Holder.invokeStaticInit(java.lang.Object, java.lang.Object, java.lang.Object)'> (0x00000000d05be228) 
thrown [s\src\hotspot\share\interpreter\linkResolver.cpp, line 771]
Event: 6.446 Thread 0x000001a4601406b0 Exception <a 'java/lang/NoSuchMethodError'{0x00000000d05deef0}: 'java.lang.Object java.lang.invoke.DirectMethodHandle$Holder.newInvokeSpecial(java.lang.Object, int, java.lang.Object)'> (0x00000000d05deef0) 
thrown [s\src\hotspot\share\interpreter\linkResolver.cpp, line 771]
Event: 6.942 Thread 0x000001a4601406b0 Exception <a 'java/lang/NoSuchMethodError'{0x00000000cf711fb0}: 'java.lang.Object java.lang.invoke.DirectMethodHandle$Holder.invokeInterface(java.lang.Object, java.lang.Object, java.lang.Object)'> (0x00000000cf711fb0) 
thrown [s\src\hotspot\share\interpreter\linkResolver.cpp, line 771]
Event: 6.943 Thread 0x000001a4601406b0 Exception <a 'java/lang/IncompatibleClassChangeError'{0x00000000cf715e70}: Found class java.lang.Object, but interface was expected> (0x00000000cf715e70) 
thrown [s\src\hotspot\share\interpreter\linkResolver.cpp, line 838]
Event: 7.361 Thread 0x000001a4601406b0 Exception <a 'java/lang/NoSuchMethodError'{0x00000000cefc3f18}: 'java.lang.Object java.lang.invoke.DirectMethodHandle$Holder.invokeStatic(java.lang.Object, java.lang.Object, java.lang.Object, java.lang.Object, int)'> (0x00000000cefc3f18) 
thrown [s\src\hotspot\share\interpreter\linkResolver.cpp, line 771]
Event: 7.362 Thread 0x000001a4601406b0 Exception <a 'java/lang/NoSuchMethodError'{0x00000000cefcd860}: 'java.lang.Object java.lang.invoke.DirectMethodHandle$Holder.newInvokeSpecial(java.lang.Object, java.lang.Object, java.lang.Object, java.lang.Object, int)'> (0x00000000cefcd860) 
thrown [s\src\hotspot\share\interpreter\linkResolver.cpp, line 771]
Event: 7.362 Thread 0x000001a4601406b0 Exception <a 'java/lang/NoSuchMethodError'{0x00000000cefd5930}: 'java.lang.Object java.lang.invoke.Invokers$Holder.linkToTargetMethod(java.lang.Object, java.lang.Object, java.lang.Object, int, java.lang.Object)'> (0x00000000cefd5930) 
thrown [s\src\hotspot\share\interpreter\linkResolver.cpp, line 771]
Event: 8.836 Thread 0x000001a4601406b0 Exception <a 'java/lang/NoSuchMethodError'{0x00000000cf465830}: 'void java.lang.invoke.DirectMethodHandle$Holder.invokeInterface(java.lang.Object, java.lang.Object)'> (0x00000000cf465830) 
thrown [s\src\hotspot\share\interpreter\linkResolver.cpp, line 771]
Event: 8.866 Thread 0x000001a4601406b0 Exception <a 'java/lang/NoSuchMethodError'{0x00000000cf4e1dd0}: 'void java.lang.invoke.DirectMethodHandle$Holder.invokeSpecial(java.lang.Object, java.lang.Object, int, java.lang.Object)'> (0x00000000cf4e1dd0) 
thrown [s\src\hotspot\share\interpreter\linkResolver.cpp, line 771]
Event: 8.918 Thread 0x000001a4601406b0 Exception <a 'java/lang/NoSuchMethodError'{0x00000000cf2645f0}: 'java.lang.Object java.lang.invoke.DirectMethodHandle$Holder.newInvokeSpecial(java.lang.Object, java.lang.Object, java.lang.Object, java.lang.Object, java.lang.Object, java.lang.Object, java.lang.Object)'> (0x00000000cf2645f0) 
thrown [s\src\hotspot\share\interpreter\linkResolver.cpp, line 771]
Event: 8.918 Thread 0x000001a4601406b0 Exception <a 'java/lang/NoSuchMethodError'{0x00000000cf2691a8}: 'java.lang.Object java.lang.invoke.Invokers$Holder.linkToTargetMethod(java.lang.Object, java.lang.Object, java.lang.Object, java.lang.Object, java.lang.Object, java.lang.Object, java.lang.Object)'> (0x00000000cf2691a8) 
thrown [s\src\hotspot\share\interpreter\linkResolver.cpp, line 771]
Event: 8.927 Thread 0x000001a4601406b0 Exception <a 'java/lang/NoSuchMethodError'{0x00000000cf29b600}: 'int java.lang.invoke.DirectMethodHandle$Holder.invokeStaticInit(java.lang.Object, int)'> (0x00000000cf29b600) 
thrown [s\src\hotspot\share\interpreter\linkResolver.cpp, line 771]

VM Operations (20 events):
Event: 8.413 Executing VM operation: ICBufferFull done
Event: 8.545 Executing VM operation: ICBufferFull
Event: 8.546 Executing VM operation: ICBufferFull done
Event: 8.780 Executing VM operation: ICBufferFull
Event: 8.780 Executing VM operation: ICBufferFull done
Event: 8.802 Executing VM operation: HandshakeAllThreads
Event: 8.802 Executing VM operation: HandshakeAllThreads done
Event: 8.832 Executing VM operation: HandshakeAllThreads
Event: 8.832 Executing VM operation: HandshakeAllThreads done
Event: 8.854 Executing VM operation: HandshakeAllThreads
Event: 8.855 Executing VM operation: HandshakeAllThreads done
Event: 8.905 Executing VM operation: HandshakeAllThreads
Event: 8.905 Executing VM operation: HandshakeAllThreads done
Event: 8.931 Executing VM operation: HandshakeAllThreads
Event: 8.931 Executing VM operation: HandshakeAllThreads done
Event: 8.981 Executing VM operation: HandshakeAllThreads
Event: 8.981 Executing VM operation: HandshakeAllThreads done
Event: 9.030 Executing VM operation: ICBufferFull
Event: 9.030 Executing VM operation: ICBufferFull done
Event: 9.135 Executing VM operation: G1CollectForAllocation

Events (20 events):
Event: 8.841 loading class java/util/stream/Node$OfPrimitive
Event: 8.841 loading class java/util/stream/Node$OfPrimitive done
Event: 8.841 loading class java/util/stream/Node$OfInt done
Event: 8.841 loading class java/util/stream/Nodes$EmptyNode$OfInt done
Event: 8.841 loading class java/util/stream/Nodes$EmptyNode$OfLong
Event: 8.841 loading class java/util/stream/Node$OfLong
Event: 8.842 loading class java/util/stream/Node$OfLong done
Event: 8.842 loading class java/util/stream/Nodes$EmptyNode$OfLong done
Event: 8.842 loading class java/util/stream/Nodes$EmptyNode$OfDouble
Event: 8.842 loading class java/util/stream/Node$OfDouble
Event: 8.842 loading class java/util/stream/Node$OfDouble done
Event: 8.842 loading class java/util/stream/Nodes$EmptyNode$OfDouble done
Event: 8.842 loading class java/util/stream/Nodes$SpinedNodeBuilder
Event: 8.842 loading class java/util/stream/Node$Builder
Event: 8.842 loading class java/util/stream/Node$Builder done
Event: 8.842 loading class java/util/stream/SpinedBuffer
Event: 8.842 loading class java/util/stream/AbstractSpinedBuffer
Event: 8.842 loading class java/util/stream/AbstractSpinedBuffer done
Event: 8.842 loading class java/util/stream/SpinedBuffer done
Event: 8.842 loading class java/util/stream/Nodes$SpinedNodeBuilder done


Dynamic libraries:
0x00007ff63c380000 - 0x00007ff63c38a000 	C:\Program Files\Android\Android Studio\jbr\bin\java.exe
0x00007ffc1b130000 - 0x00007ffc1b37e000 	C:\WINDOWS\SYSTEM32\ntdll.dll
0x00007ffc1a350000 - 0x00007ffc1a416000 	C:\WINDOWS\System32\KERNEL32.DLL
0x00007ffc188f0000 - 0x00007ffc18c83000 	C:\WINDOWS\System32\KERNELBASE.dll
0x00007ffc18c90000 - 0x00007ffc18dcd000 	C:\WINDOWS\System32\ucrtbase.dll
0x00007ffbe5470000 - 0x00007ffbe5487000 	C:\Program Files\Android\Android Studio\jbr\bin\jli.dll
0x00007ffbea5f0000 - 0x00007ffbea60b000 	C:\Program Files\Android\Android Studio\jbr\bin\VCRUNTIME140.dll
0x00007ffc19fe0000 - 0x00007ffc1a19f000 	C:\WINDOWS\System32\USER32.dll
0x00007ffc18770000 - 0x00007ffc18797000 	C:\WINDOWS\System32\win32u.dll
0x00007ffc1acf0000 - 0x00007ffc1ad1a000 	C:\WINDOWS\System32\GDI32.dll
0x00007ffc175e0000 - 0x00007ffc17871000 	C:\WINDOWS\WinSxS\amd64_microsoft.windows.common-controls_6595b64144ccf1df_6.0.26040.1000_none_3b9025f0e753cce1\COMCTL32.dll
0x00007ffc1aa70000 - 0x00007ffc1ab18000 	C:\WINDOWS\System32\msvcrt.dll
0x00007ffc18610000 - 0x00007ffc18730000 	C:\WINDOWS\System32\gdi32full.dll
0x00007ffc18840000 - 0x00007ffc188e3000 	C:\WINDOWS\System32\msvcp_win.dll
0x00007ffc1ad20000 - 0x00007ffc1ad4d000 	C:\WINDOWS\System32\IMM32.DLL
0x00007ffc147a0000 - 0x00007ffc147ac000 	C:\Program Files\Android\Android Studio\jbr\bin\vcruntime140_1.dll
0x00007ffba1f50000 - 0x00007ffba1fdd000 	C:\Program Files\Android\Android Studio\jbr\bin\msvcp140.dll
0x00007ffb9e4e0000 - 0x00007ffb9f160000 	C:\Program Files\Android\Android Studio\jbr\bin\server\jvm.dll
0x00007ffc1ab20000 - 0x00007ffc1abd1000 	C:\WINDOWS\System32\ADVAPI32.dll
0x00007ffc194c0000 - 0x00007ffc19566000 	C:\WINDOWS\System32\sechost.dll
0x00007ffc18740000 - 0x00007ffc18766000 	C:\WINDOWS\System32\bcrypt.dll
0x00007ffc1afd0000 - 0x00007ffc1b0e9000 	C:\WINDOWS\System32\RPCRT4.dll
0x00007ffc10280000 - 0x00007ffc102b6000 	C:\WINDOWS\SYSTEM32\WINMM.dll
0x00007ffbf8290000 - 0x00007ffbf829a000 	C:\WINDOWS\SYSTEM32\WSOCK32.dll
0x00007ffc14d40000 - 0x00007ffc14d4b000 	C:\WINDOWS\SYSTEM32\VERSION.dll
0x00007ffc18fc0000 - 0x00007ffc19034000 	C:\WINDOWS\System32\WS2_32.dll
0x00007ffc16390000 - 0x00007ffc163a9000 	C:\WINDOWS\SYSTEM32\kernel.appcore.dll
0x00007ffbef9b0000 - 0x00007ffbef9ba000 	C:\Program Files\Android\Android Studio\jbr\bin\jimage.dll
0x00007ffc17ca0000 - 0x00007ffc17edd000 	C:\WINDOWS\SYSTEM32\DBGHELP.DLL
0x00007ffc1a520000 - 0x00007ffc1a899000 	C:\WINDOWS\System32\combase.dll
0x00007ffc19570000 - 0x00007ffc19646000 	C:\WINDOWS\System32\OLEAUT32.dll
0x00007ffc17b90000 - 0x00007ffc17bc9000 	C:\WINDOWS\SYSTEM32\dbgcore.DLL
0x00007ffc187a0000 - 0x00007ffc1883c000 	C:\WINDOWS\System32\bcryptPrimitives.dll
0x00007ffbea4c0000 - 0x00007ffbea4e5000 	C:\Program Files\Android\Android Studio\jbr\bin\java.dll
0x00007ffbeaab0000 - 0x00007ffbeaac8000 	C:\Program Files\Android\Android Studio\jbr\bin\zip.dll
0x00007ffc19660000 - 0x00007ffc19e1a000 	C:\WINDOWS\System32\SHELL32.dll
0x00007ffc15310000 - 0x00007ffc15b67000 	C:\WINDOWS\SYSTEM32\windows.storage.dll
0x00007ffc1aef0000 - 0x00007ffc1afc7000 	C:\WINDOWS\System32\SHCORE.dll
0x00007ffc1ac80000 - 0x00007ffc1acdd000 	C:\WINDOWS\System32\shlwapi.dll
0x00007ffc183b0000 - 0x00007ffc183d4000 	C:\WINDOWS\SYSTEM32\profapi.dll
0x00007ffbe7160000 - 0x00007ffbe7179000 	C:\Program Files\Android\Android Studio\jbr\bin\net.dll
0x00007ffc0f970000 - 0x00007ffc0fa8d000 	C:\WINDOWS\SYSTEM32\WINHTTP.dll
0x00007ffc16830000 - 0x00007ffc16898000 	C:\WINDOWS\system32\mswsock.dll
0x00007ffbe5490000 - 0x00007ffbe54a6000 	C:\Program Files\Android\Android Studio\jbr\bin\nio.dll
0x00007ffbef9a0000 - 0x00007ffbef9b0000 	C:\Program Files\Android\Android Studio\jbr\bin\verify.dll

dbghelp: loaded successfully - version: 4.0.5 - missing functions: none
symbol engine: initialized successfully - sym options: 0x614 - pdb path: .;C:\Program Files\Android\Android Studio\jbr\bin;C:\WINDOWS\SYSTEM32;C:\WINDOWS\WinSxS\amd64_microsoft.windows.common-controls_6595b64144ccf1df_6.0.26040.1000_none_3b9025f0e753cce1;C:\Program Files\Android\Android Studio\jbr\bin\server

VM Arguments:
java_command: org.jetbrains.kotlin.cli.jvm.K2JVMCompiler @C:\Users\athul\AndroidStudioProjects\Roam\app\build\20240213_13569185143432398014.compiler.options
java_class_path (initial): C:\Users\athul\.gradle\caches\modules-2\files-2.1\org.jetbrains.kotlin\kotlin-compiler-embeddable\1.9.10\57ca1b0823ae3ecb451a97e1f8e6de0b19ea5294\kotlin-compiler-embeddable-1.9.10.jar;C:\Users\athul\.gradle\caches\modules-2\files-2.1\org.jetbrains.kotlin\kotlin-stdlib\1.9.10\72812e8a368917ab5c0a5081b56915ffdfec93b7\kotlin-stdlib-1.9.10.jar;C:\Users\athul\.gradle\caches\modules-2\files-2.1\org.jetbrains.kotlin\kotlin-script-runtime\1.9.10\398513a8534701579cccaf5953ea914416b4696c\kotlin-script-runtime-1.9.10.jar;C:\Users\athul\.gradle\caches\modules-2\files-2.1\org.jetbrains.kotlin\kotlin-reflect\1.6.10\1cbe9c92c12a94eea200d23c2bbaedaf3daf5132\kotlin-reflect-1.6.10.jar;C:\Users\athul\.gradle\caches\modules-2\files-2.1\org.jetbrains.kotlin\kotlin-daemon-embeddable\1.9.10\bda2f7daa6b89d2ded2d9e1e0b0cadaf9446ade1\kotlin-daemon-embeddable-1.9.10.jar;C:\Users\athul\.gradle\caches\modules-2\files-2.1\org.jetbrains.intellij.deps\trove4j\1.0.20200330\3afb14d5f9ceb459d724e907a21145e8ff394f02\trove4j-1.0.20200330.jar;C:\Users\athul\.gradle\caches\modules-2\files-2.1\org.jetbrains.kotlin\kotlin-stdlib-common\1.9.10\dafaf2c27f27c09220cee312df10917d9a5d97ce\kotlin-stdlib-common-1.9.10.jar;C:\Users\athul\.gradle\caches\modules-2\files-2.1\org.jetbrains\annotations\13.0\919f0dfe192fb4e063e7dacadee7f8bb9a2672a9\annotations-13.0.jar
Launcher Type: SUN_STANDARD

[Global flags]
     intx CICompilerCount                          = 4                                         {product} {ergonomic}
     uint ConcGCThreads                            = 2                                         {product} {ergonomic}
     uint G1ConcRefinementThreads                  = 8                                         {product} {ergonomic}
   size_t G1HeapRegionSize                         = 1048576                                   {product} {ergonomic}
    uintx GCDrainStackTargetSize                   = 64                                        {product} {ergonomic}
   size_t InitialHeapSize                          = 56623104                                  {product} {ergonomic}
   size_t MarkStackSize                            = 4194304                                   {product} {ergonomic}
   size_t MaxHeapSize                              = 905969664                                 {product} {ergonomic}
   size_t MaxNewSize                               = 543162368                                 {product} {ergonomic}
   size_t MinHeapDeltaBytes                        = 1048576                                   {product} {ergonomic}
   size_t MinHeapSize                              = 8388608                                   {product} {ergonomic}
    uintx NonNMethodCodeHeapSize                   = 5839372                                {pd product} {ergonomic}
    uintx NonProfiledCodeHeapSize                  = 122909434                              {pd product} {ergonomic}
    uintx ProfiledCodeHeapSize                     = 122909434                              {pd product} {ergonomic}
    uintx ReservedCodeCacheSize                    = 251658240                              {pd product} {ergonomic}
     bool SegmentedCodeCache                       = true                                      {product} {ergonomic}
   size_t SoftMaxHeapSize                          = 905969664                              {manageable} {ergonomic}
     bool UseCompressedClassPointers               = true                           {product lp64_product} {ergonomic}
     bool UseCompressedOops                        = true                           {product lp64_product} {ergonomic}
     bool UseG1GC                                  = true                                      {product} {ergonomic}
     bool UseLargePagesIndividualAllocation        = false                                  {pd product} {ergonomic}

Logging:
Log output configuration:
 #0: stdout all=warning uptime,level,tags
 #1: stderr all=off uptime,level,tags

Environment Variables:
PATH=C:\WINDOWS\system32;C:\WINDOWS;C:\WINDOWS\System32\Wbem;C:\WINDOWS\System32\WindowsPowerShell\v1.0\;C:\WINDOWS\System32\OpenSSH\;C:\Program Files\nodejs\;C:\Program Files\Git\cmd;C:\Program Files\GitHub CLI\;C:\Users\athul\AppData\Local\Microsoft\WindowsApps;C:\Users\athul\AppData\Roaming\npm;C:\Users\athul\AppData\Local\Programs\Microsoft VS Code\bin;C:\Users\athul\AppData\Local\GitHubDesktop\bin
USERNAME=athul
OS=Windows_NT
PROCESSOR_IDENTIFIER=AMD64 Family 23 Model 24 Stepping 1, AuthenticAMD
TMP=C:\Users\athul\AppData\Local\Temp
TEMP=C:\Users\athul\AppData\Local\Temp


JNI global refs:
JNI global refs: 10, weak refs: 16

JNI global refs memory usage: 843, weak refs: 841

OOME stack traces (most recent first):
Classloader memory used:
Loader jdk.internal.loader.ClassLoaders$AppClassLoader                                 : 6405K
Loader bootstrap                                                                       : 1377K
Loader java.net.URLClassLoader                                                         : 23097B
Loader jdk.internal.reflect.DelegatingClassLoader                                      : 18583B
Loader jdk.internal.loader.ClassLoaders$PlatformClassLoader                            : 2276B


---------------  S Y S T E M  ---------------

OS:
 Windows 11 , 64 bit Build 26040 (10.0.26040.1000)
OS uptime: 0 days 23:24 hours

CPU: total 8 (initial active 8) (8 cores per cpu, 2 threads per core) family 23 model 24 stepping 1 microcode 0x8108109, cx8, cmov, fxsr, ht, mmx, 3dnowpref, sse, sse2, sse3, ssse3, sse4a, sse4.1, sse4.2, popcnt, lzcnt, tsc, tscinvbit, avx, avx2, aes, clmul, bmi1, bmi2, adx, sha, fma, vzeroupper, clflush, clflushopt

Memory: 4k page, system-wide physical 3455M (290M free)
TotalPageFile size 14207M (AvailPageFile size 65M)
current process WorkingSet (physical memory assigned to process): 257M, peak: 285M
current process commit charge ("private bytes"): 295M, peak: 420M

vm_info: OpenJDK 64-Bit Server VM (17.0.7+0-b2043.56-10550314) for windows-amd64 JRE (17.0.7+0-b2043.56-10550314), built on Jul 24 2023 18:27:45 by "androidbuild" with MS VC++ 16.10 / 16.11 (VS2019)

END.
