#
# There is insufficient memory for the Java Runtime Environment to continue.
# Native memory allocation (mmap) failed to map 136314880 bytes for G1 virtual space
# Possible reasons:
#   The system is out of physical RAM or swap space
#   The process is running with CompressedOops enabled, and the Java Heap may be blocking the growth of the native heap
# Possible solutions:
#   Reduce memory load on the system
#   Increase physical memory or swap space
#   Check if swap backing store is full
#   Decrease Java heap size (-Xmx/-Xms)
#   Decrease number of Java threads
#   Decrease Java thread stack sizes (-Xss)
#   Set larger code cache with -XX:ReservedCodeCacheSize=
#   JVM is running with Unscaled Compressed Oops mode in which the Java heap is
#     placed in the first 4GB address space. The Java Heap base address is the
#     maximum limit for the native heap growth. Please use -XX:HeapBaseMinAddress
#     to set the Java Heap base and to place the Java Heap above 4GB virtual address.
# This output file may be truncated or incomplete.
#
#  Out of Memory Error (os_windows.cpp:3771), pid=2628, tid=6632
#
# JRE version: OpenJDK Runtime Environment (17.0.7) (build 17.0.7+0-b2043.56-10550314)
# Java VM: OpenJDK 64-Bit Server VM (17.0.7+0-b2043.56-10550314, mixed mode, tiered, compressed oops, compressed class ptrs, g1 gc, windows-amd64)
# No core dump will be written. Minidumps are not enabled by default on client versions of Windows
#

---------------  S U M M A R Y ------------

Command Line: org.jetbrains.kotlin.cli.jvm.K2JVMCompiler @C:\Users\athul\AndroidStudioProjects\Roam\app\build\20240213_5079564224270196497.compiler.options

Host: AMD Ryzen 5 3550H with Radeon Vega Mobile Gfx  , 8 cores, 3G,  Windows 11 , 64 bit Build 26040 (10.0.26040.1000)
Time: Tue Feb 13 02:43:13 2024 India Standard Time elapsed time: 9.944272 seconds (0d 0h 0m 9s)

---------------  T H R E A D  ---------------

Current thread (0x0000021a12c87d90):  VMThread "VM Thread" [stack: 0x000000d773300000,0x000000d773400000] [id=6632]

Stack: [0x000000d773300000,0x000000d773400000]
Native frames: (J=compiled Java code, j=interpreted, Vv=VM code, C=native code)
V  [jvm.dll+0x683bfa]
V  [jvm.dll+0x8430a4]
V  [jvm.dll+0x8449be]
V  [jvm.dll+0x845023]
V  [jvm.dll+0x24ad2f]
V  [jvm.dll+0x680ac9]
V  [jvm.dll+0x67519a]
V  [jvm.dll+0x30b3cb]
V  [jvm.dll+0x312876]
V  [jvm.dll+0x36221e]
V  [jvm.dll+0x36244f]
V  [jvm.dll+0x2e14a8]
V  [jvm.dll+0x2df684]
V  [jvm.dll+0x2dec8c]
V  [jvm.dll+0x32382b]
V  [jvm.dll+0x8496eb]
V  [jvm.dll+0x84a424]
V  [jvm.dll+0x84a93d]
V  [jvm.dll+0x84ad14]
V  [jvm.dll+0x84ade0]
V  [jvm.dll+0x7f2aea]
V  [jvm.dll+0x682a35]
C  [ucrtbase.dll+0x6bcc0]
C  [KERNEL32.DLL+0x28d17]
C  [ntdll.dll+0x28260]

VM_Operation (0x000000d772dfabc0): G1CollectForAllocation, mode: safepoint, requested by thread 0x0000021a7b8a1350


---------------  P R O C E S S  ---------------

Threads class SMR info:
_java_thread_list=0x0000021a17ce8710, length=13, elements={
0x0000021a7b8a1350, 0x0000021a12c8c770, 0x0000021a12c8f040, 0x0000021a12cef6a0,
0x0000021a12ce7360, 0x0000021a12ce7e30, 0x0000021a12ce8f10, 0x0000021a12cdd2e0,
0x0000021a12ce1d10, 0x0000021a12ce2220, 0x0000021a17175c10, 0x0000021a1718d420,
0x0000021a185c23e0
}

Java Threads: ( => current thread )
  0x0000021a7b8a1350 JavaThread "main" [_thread_blocked, id=13416, stack(0x000000d772d00000,0x000000d772e00000)]
  0x0000021a12c8c770 JavaThread "Reference Handler" daemon [_thread_blocked, id=10356, stack(0x000000d773400000,0x000000d773500000)]
  0x0000021a12c8f040 JavaThread "Finalizer" daemon [_thread_blocked, id=8672, stack(0x000000d773500000,0x000000d773600000)]
  0x0000021a12cef6a0 JavaThread "Signal Dispatcher" daemon [_thread_blocked, id=15184, stack(0x000000d773600000,0x000000d773700000)]
  0x0000021a12ce7360 JavaThread "Attach Listener" daemon [_thread_blocked, id=9028, stack(0x000000d773700000,0x000000d773800000)]
  0x0000021a12ce7e30 JavaThread "Service Thread" daemon [_thread_blocked, id=12804, stack(0x000000d773800000,0x000000d773900000)]
  0x0000021a12ce8f10 JavaThread "Monitor Deflation Thread" daemon [_thread_blocked, id=7592, stack(0x000000d773900000,0x000000d773a00000)]
  0x0000021a12cdd2e0 JavaThread "C2 CompilerThread0" daemon [_thread_blocked, id=7044, stack(0x000000d773a00000,0x000000d773b00000)]
  0x0000021a12ce1d10 JavaThread "C1 CompilerThread0" daemon [_thread_blocked, id=14380, stack(0x000000d773b00000,0x000000d773c00000)]
  0x0000021a12ce2220 JavaThread "Sweeper thread" daemon [_thread_blocked, id=5568, stack(0x000000d773c00000,0x000000d773d00000)]
  0x0000021a17175c10 JavaThread "Notification Thread" daemon [_thread_blocked, id=16016, stack(0x000000d773d00000,0x000000d773e00000)]
  0x0000021a1718d420 JavaThread "Common-Cleaner" daemon [_thread_blocked, id=5620, stack(0x000000d773f00000,0x000000d774000000)]
  0x0000021a185c23e0 JavaThread "C2 CompilerThread1" daemon [_thread_blocked, id=10724, stack(0x000000d774800000,0x000000d774900000)]

Other Threads:
=>0x0000021a12c87d90 VMThread "VM Thread" [stack: 0x000000d773300000,0x000000d773400000] [id=6632]
  0x0000021a7b8fc9e0 WatcherThread [stack: 0x000000d773e00000,0x000000d773f00000] [id=5372]
  0x0000021a7b8dbcd0 GCTaskThread "GC Thread#0" [stack: 0x000000d772e00000,0x000000d772f00000] [id=13256]
  0x0000021a17717e90 GCTaskThread "GC Thread#1" [stack: 0x000000d774000000,0x000000d774100000] [id=16008]
  0x0000021a1774cb30 GCTaskThread "GC Thread#2" [stack: 0x000000d774100000,0x000000d774200000] [id=15188]
  0x0000021a1774cde0 GCTaskThread "GC Thread#3" [stack: 0x000000d774200000,0x000000d774300000] [id=9732]
  0x0000021a1774d090 GCTaskThread "GC Thread#4" [stack: 0x000000d774300000,0x000000d774400000] [id=14740]
  0x0000021a17c1e5f0 GCTaskThread "GC Thread#5" [stack: 0x000000d774400000,0x000000d774500000] [id=11568]
  0x0000021a17c1e340 GCTaskThread "GC Thread#6" [stack: 0x000000d774500000,0x000000d774600000] [id=12140]
  0x0000021a17c1e8a0 GCTaskThread "GC Thread#7" [stack: 0x000000d774600000,0x000000d774700000] [id=17200]
  0x0000021a7b8e3720 ConcurrentGCThread "G1 Main Marker" [stack: 0x000000d772f00000,0x000000d773000000] [id=1832]
  0x0000021a7b8e5bc0 ConcurrentGCThread "G1 Conc#0" [stack: 0x000000d773000000,0x000000d773100000] [id=7824]
  0x0000021a17c1e090 ConcurrentGCThread "G1 Conc#1" [stack: 0x000000d774700000,0x000000d774800000] [id=1664]
  0x0000021a7b9437b0 ConcurrentGCThread "G1 Refine#0" [stack: 0x000000d773100000,0x000000d773200000] [id=6008]
  0x0000021a7b943e80 ConcurrentGCThread "G1 Service" [stack: 0x000000d773200000,0x000000d773300000] [id=6340]

Threads with active compile tasks:
C2 CompilerThread0     9978 4942       4       org.jetbrains.org.objectweb.asm.ClassReader::readMethod (1061 bytes)
C2 CompilerThread1     9978 4253       4       org.jetbrains.kotlin.load.java.structure.impl.classFiles.BinaryClassSignatureParser::parseTypeString (120 bytes)

VM state: at safepoint (normal execution)

VM Mutex/Monitor currently owned by a thread:  ([mutex/lock_event])
[0x0000021a7978ae60] Threads_lock - owner thread: 0x0000021a12c87d90
[0x0000021a7b89ee80] Heap_lock - owner thread: 0x0000021a7b8a1350

Heap address: 0x00000000ca000000, size: 864 MB, Compressed Oops mode: 32-bit

CDS archive(s) not mapped
Compressed class space mapped at: 0x0000000100000000-0x0000000140000000, reserved size: 1073741824
Narrow klass base: 0x0000000000000000, Narrow klass shift: 3, Narrow klass range: 0x140000000

GC Precious Log:
 CPUs: 8 total, 8 available
 Memory: 3455M
 Large Page Support: Disabled
 NUMA Support: Disabled
 Compressed Oops: Enabled (32-bit)
 Heap Region Size: 1M
 Heap Min Capacity: 8M
 Heap Initial Capacity: 54M
 Heap Max Capacity: 864M
 Pre-touch: Disabled
 Parallel Workers: 8
 Concurrent Workers: 2
 Concurrent Refinement Workers: 8
 Periodic GC: Disabled

Heap:
 garbage-first heap   total 92160K, used 42390K [0x00000000ca000000, 0x0000000100000000)
  region size 1024K, 2 young (2048K), 2 survivors (2048K)
 Metaspace       used 55585K, committed 55808K, reserved 1114112K
  class space    used 6740K, committed 6848K, reserved 1048576K

Heap Regions: E=young(eden), S=young(survivor), O=old, HS=humongous(starts), HC=humongous(continues), CS=collection set, F=free, OA=open archive, CA=closed archive, TAMS=top-at-mark-start (previous, next)
|   0|0x00000000ca000000, 0x00000000ca100000, 0x00000000ca100000|100%|HS|  |TAMS 0x00000000ca100000, 0x00000000ca000000| Complete 
|   1|0x00000000ca100000, 0x00000000ca200000, 0x00000000ca200000|100%|HC|  |TAMS 0x00000000ca200000, 0x00000000ca100000| Complete 
|   2|0x00000000ca200000, 0x00000000ca300000, 0x00000000ca300000|100%|HC|  |TAMS 0x00000000ca300000, 0x00000000ca200000| Complete 
|   3|0x00000000ca300000, 0x00000000ca400000, 0x00000000ca400000|100%|HC|  |TAMS 0x00000000ca400000, 0x00000000ca300000| Complete 
|   4|0x00000000ca400000, 0x00000000ca500000, 0x00000000ca500000|100%| O|  |TAMS 0x00000000ca500000, 0x00000000ca400000| Untracked 
|   5|0x00000000ca500000, 0x00000000ca600000, 0x00000000ca600000|100%| O|  |TAMS 0x00000000ca600000, 0x00000000ca500000| Untracked 
|   6|0x00000000ca600000, 0x00000000ca700000, 0x00000000ca700000|100%| O|  |TAMS 0x00000000ca700000, 0x00000000ca600000| Untracked 
|   7|0x00000000ca700000, 0x00000000ca800000, 0x00000000ca800000|100%| O|  |TAMS 0x00000000ca800000, 0x00000000ca700000| Untracked 
|   8|0x00000000ca800000, 0x00000000ca891c00, 0x00000000ca900000| 56%| O|  |TAMS 0x00000000ca800000, 0x00000000ca800000| Untracked 
|   9|0x00000000ca900000, 0x00000000caa00000, 0x00000000caa00000|100%| O|  |TAMS 0x00000000caa00000, 0x00000000ca900000| Untracked 
|  10|0x00000000caa00000, 0x00000000cab00000, 0x00000000cab00000|100%| O|  |TAMS 0x00000000cab00000, 0x00000000caa00000| Untracked 
|  11|0x00000000cab00000, 0x00000000cac00000, 0x00000000cac00000|100%| O|  |TAMS 0x00000000cac00000, 0x00000000cab00000| Untracked 
|  12|0x00000000cac00000, 0x00000000cad00000, 0x00000000cad00000|100%| O|  |TAMS 0x00000000cad00000, 0x00000000cac00000| Untracked 
|  13|0x00000000cad00000, 0x00000000cae00000, 0x00000000cae00000|100%| O|  |TAMS 0x00000000cae00000, 0x00000000cad00000| Untracked 
|  14|0x00000000cae00000, 0x00000000caf00000, 0x00000000caf00000|100%| O|  |TAMS 0x00000000caf00000, 0x00000000cae00000| Untracked 
|  15|0x00000000caf00000, 0x00000000cb000000, 0x00000000cb000000|100%| O|  |TAMS 0x00000000cb000000, 0x00000000caf00000| Untracked 
|  16|0x00000000cb000000, 0x00000000cb100000, 0x00000000cb100000|100%| O|  |TAMS 0x00000000cb100000, 0x00000000cb000000| Untracked 
|  17|0x00000000cb100000, 0x00000000cb200000, 0x00000000cb200000|100%| O|  |TAMS 0x00000000cb200000, 0x00000000cb100000| Untracked 
|  18|0x00000000cb200000, 0x00000000cb300000, 0x00000000cb300000|100%| O|  |TAMS 0x00000000cb300000, 0x00000000cb200000| Untracked 
|  19|0x00000000cb300000, 0x00000000cb300000, 0x00000000cb400000|  0%| F|  |TAMS 0x00000000cb300000, 0x00000000cb300000| Untracked 
|  20|0x00000000cb400000, 0x00000000cb500000, 0x00000000cb500000|100%| O|  |TAMS 0x00000000cb500000, 0x00000000cb400000| Untracked 
|  21|0x00000000cb500000, 0x00000000cb600000, 0x00000000cb600000|100%| O|  |TAMS 0x00000000cb600000, 0x00000000cb500000| Untracked 
|  22|0x00000000cb600000, 0x00000000cb700000, 0x00000000cb700000|100%| O|  |TAMS 0x00000000cb700000, 0x00000000cb600000| Untracked 
|  23|0x00000000cb700000, 0x00000000cb800000, 0x00000000cb800000|100%|HS|  |TAMS 0x00000000cb800000, 0x00000000cb700000| Complete 
|  24|0x00000000cb800000, 0x00000000cb900000, 0x00000000cb900000|100%|HC|  |TAMS 0x00000000cb900000, 0x00000000cb800000| Complete 
|  25|0x00000000cb900000, 0x00000000cba00000, 0x00000000cba00000|100%| O|  |TAMS 0x00000000cba00000, 0x00000000cb900000| Untracked 
|  26|0x00000000cba00000, 0x00000000cbb00000, 0x00000000cbb00000|100%| O|  |TAMS 0x00000000cbb00000, 0x00000000cba00000| Untracked 
|  27|0x00000000cbb00000, 0x00000000cbc00000, 0x00000000cbc00000|100%| O|  |TAMS 0x00000000cbc00000, 0x00000000cbb00000| Untracked 
|  28|0x00000000cbc00000, 0x00000000cbd00000, 0x00000000cbd00000|100%| O|  |TAMS 0x00000000cbd00000, 0x00000000cbc00000| Untracked 
|  29|0x00000000cbd00000, 0x00000000cbe00000, 0x00000000cbe00000|100%| O|  |TAMS 0x00000000cbe00000, 0x00000000cbd00000| Untracked 
|  30|0x00000000cbe00000, 0x00000000cbf00000, 0x00000000cbf00000|100%| O|  |TAMS 0x00000000cbf00000, 0x00000000cbe00000| Untracked 
|  31|0x00000000cbf00000, 0x00000000cc000000, 0x00000000cc000000|100%| O|  |TAMS 0x00000000cc000000, 0x00000000cbf00000| Untracked 
|  32|0x00000000cc000000, 0x00000000cc100000, 0x00000000cc100000|100%| O|  |TAMS 0x00000000cc100000, 0x00000000cc000000| Untracked 
|  33|0x00000000cc100000, 0x00000000cc200000, 0x00000000cc200000|100%| O|  |TAMS 0x00000000cc200000, 0x00000000cc100000| Untracked 
|  34|0x00000000cc200000, 0x00000000cc300000, 0x00000000cc300000|100%| O|  |TAMS 0x00000000cc300000, 0x00000000cc200000| Untracked 
|  35|0x00000000cc300000, 0x00000000cc400000, 0x00000000cc400000|100%| O|  |TAMS 0x00000000cc400000, 0x00000000cc300000| Untracked 
|  36|0x00000000cc400000, 0x00000000cc500000, 0x00000000cc500000|100%| O|  |TAMS 0x00000000cc500000, 0x00000000cc400000| Untracked 
|  37|0x00000000cc500000, 0x00000000cc600000, 0x00000000cc600000|100%| O|  |TAMS 0x00000000cc600000, 0x00000000cc500000| Untracked 
|  38|0x00000000cc600000, 0x00000000cc700000, 0x00000000cc700000|100%| O|  |TAMS 0x00000000cc700000, 0x00000000cc600000| Untracked 
|  39|0x00000000cc700000, 0x00000000cc800000, 0x00000000cc800000|100%| O|  |TAMS 0x00000000cc800000, 0x00000000cc700000| Untracked 
|  40|0x00000000cc800000, 0x00000000cc900000, 0x00000000cc900000|100%| O|  |TAMS 0x00000000cc878c00, 0x00000000cc800000| Untracked 
|  41|0x00000000cc900000, 0x00000000cc900000, 0x00000000cca00000|  0%| F|  |TAMS 0x00000000cc900000, 0x00000000cc900000| Untracked 
|  42|0x00000000cca00000, 0x00000000cca00000, 0x00000000ccb00000|  0%| F|  |TAMS 0x00000000cca00000, 0x00000000cca00000| Untracked 
|  43|0x00000000ccb00000, 0x00000000ccb00000, 0x00000000ccc00000|  0%| F|  |TAMS 0x00000000ccb00000, 0x00000000ccb00000| Untracked 
|  44|0x00000000ccc00000, 0x00000000ccc00000, 0x00000000ccd00000|  0%| F|  |TAMS 0x00000000ccc00000, 0x00000000ccc00000| Untracked 
|  45|0x00000000ccd00000, 0x00000000ccd00000, 0x00000000cce00000|  0%| F|  |TAMS 0x00000000ccd00000, 0x00000000ccd00000| Untracked 
|  46|0x00000000cce00000, 0x00000000cce00000, 0x00000000ccf00000|  0%| F|  |TAMS 0x00000000cce00000, 0x00000000cce00000| Untracked 
|  47|0x00000000ccf00000, 0x00000000ccf00000, 0x00000000cd000000|  0%| F|  |TAMS 0x00000000ccf00000, 0x00000000ccf00000| Untracked 
|  48|0x00000000cd000000, 0x00000000cd000000, 0x00000000cd100000|  0%| F|  |TAMS 0x00000000cd000000, 0x00000000cd000000| Untracked 
|  49|0x00000000cd100000, 0x00000000cd100000, 0x00000000cd200000|  0%| F|  |TAMS 0x00000000cd100000, 0x00000000cd100000| Untracked 
|  50|0x00000000cd200000, 0x00000000cd200000, 0x00000000cd300000|  0%| F|  |TAMS 0x00000000cd200000, 0x00000000cd200000| Untracked 
|  51|0x00000000cd300000, 0x00000000cd300000, 0x00000000cd400000|  0%| F|  |TAMS 0x00000000cd300000, 0x00000000cd300000| Untracked 
|  52|0x00000000cd400000, 0x00000000cd400000, 0x00000000cd500000|  0%| F|  |TAMS 0x00000000cd400000, 0x00000000cd400000| Untracked 
|  53|0x00000000cd500000, 0x00000000cd500000, 0x00000000cd600000|  0%| F|  |TAMS 0x00000000cd500000, 0x00000000cd500000| Untracked 
|  54|0x00000000cd600000, 0x00000000cd600000, 0x00000000cd700000|  0%| F|  |TAMS 0x00000000cd600000, 0x00000000cd600000| Untracked 
|  55|0x00000000cd700000, 0x00000000cd700000, 0x00000000cd800000|  0%| F|  |TAMS 0x00000000cd700000, 0x00000000cd700000| Untracked 
|  56|0x00000000cd800000, 0x00000000cd800000, 0x00000000cd900000|  0%| F|  |TAMS 0x00000000cd800000, 0x00000000cd800000| Untracked 
|  57|0x00000000cd900000, 0x00000000cd900000, 0x00000000cda00000|  0%| F|  |TAMS 0x00000000cd900000, 0x00000000cd900000| Untracked 
|  58|0x00000000cda00000, 0x00000000cda00000, 0x00000000cdb00000|  0%| F|  |TAMS 0x00000000cda00000, 0x00000000cda00000| Untracked 
|  59|0x00000000cdb00000, 0x00000000cdb00000, 0x00000000cdc00000|  0%| F|  |TAMS 0x00000000cdb00000, 0x00000000cdb00000| Untracked 
|  60|0x00000000cdc00000, 0x00000000cdcd3ec0, 0x00000000cdd00000| 82%| S|CS|TAMS 0x00000000cdc00000, 0x00000000cdc00000| Complete 
|  61|0x00000000cdd00000, 0x00000000cde00000, 0x00000000cde00000|100%| S|CS|TAMS 0x00000000cdd00000, 0x00000000cdd00000| Complete 
|  62|0x00000000cde00000, 0x00000000cde00000, 0x00000000cdf00000|  0%| F|  |TAMS 0x00000000cde00000, 0x00000000cde00000| Untracked 
|  63|0x00000000cdf00000, 0x00000000cdf00000, 0x00000000ce000000|  0%| F|  |TAMS 0x00000000cdf00000, 0x00000000cdf00000| Untracked 
|  64|0x00000000ce000000, 0x00000000ce000000, 0x00000000ce100000|  0%| F|  |TAMS 0x00000000ce000000, 0x00000000ce000000| Untracked 
|  65|0x00000000ce100000, 0x00000000ce100000, 0x00000000ce200000|  0%| F|  |TAMS 0x00000000ce100000, 0x00000000ce100000| Untracked 
|  66|0x00000000ce200000, 0x00000000ce200000, 0x00000000ce300000|  0%| F|  |TAMS 0x00000000ce200000, 0x00000000ce200000| Untracked 
|  67|0x00000000ce300000, 0x00000000ce300000, 0x00000000ce400000|  0%| F|  |TAMS 0x00000000ce300000, 0x00000000ce300000| Untracked 
|  68|0x00000000ce400000, 0x00000000ce400000, 0x00000000ce500000|  0%| F|  |TAMS 0x00000000ce400000, 0x00000000ce400000| Untracked 
|  69|0x00000000ce500000, 0x00000000ce500000, 0x00000000ce600000|  0%| F|  |TAMS 0x00000000ce500000, 0x00000000ce500000| Untracked 
|  70|0x00000000ce600000, 0x00000000ce600000, 0x00000000ce700000|  0%| F|  |TAMS 0x00000000ce600000, 0x00000000ce600000| Untracked 
|  71|0x00000000ce700000, 0x00000000ce700000, 0x00000000ce800000|  0%| F|  |TAMS 0x00000000ce700000, 0x00000000ce700000| Untracked 
|  72|0x00000000ce800000, 0x00000000ce800000, 0x00000000ce900000|  0%| F|  |TAMS 0x00000000ce800000, 0x00000000ce800000| Untracked 
|  73|0x00000000ce900000, 0x00000000ce900000, 0x00000000cea00000|  0%| F|  |TAMS 0x00000000ce900000, 0x00000000ce900000| Untracked 
|  74|0x00000000cea00000, 0x00000000cea00000, 0x00000000ceb00000|  0%| F|  |TAMS 0x00000000cea00000, 0x00000000cea00000| Untracked 
|  75|0x00000000ceb00000, 0x00000000ceb00000, 0x00000000cec00000|  0%| F|  |TAMS 0x00000000ceb00000, 0x00000000ceb00000| Untracked 
|  76|0x00000000cec00000, 0x00000000cec00000, 0x00000000ced00000|  0%| F|  |TAMS 0x00000000cec00000, 0x00000000cec00000| Untracked 
|  77|0x00000000ced00000, 0x00000000ced00000, 0x00000000cee00000|  0%| F|  |TAMS 0x00000000ced00000, 0x00000000ced00000| Untracked 
|  78|0x00000000cee00000, 0x00000000cee00000, 0x00000000cef00000|  0%| F|  |TAMS 0x00000000cee00000, 0x00000000cee00000| Untracked 
|  79|0x00000000cef00000, 0x00000000cef00000, 0x00000000cf000000|  0%| F|  |TAMS 0x00000000cef00000, 0x00000000cef00000| Untracked 
|  80|0x00000000cf000000, 0x00000000cf000000, 0x00000000cf100000|  0%| F|  |TAMS 0x00000000cf000000, 0x00000000cf000000| Untracked 
|  81|0x00000000cf100000, 0x00000000cf100000, 0x00000000cf200000|  0%| F|  |TAMS 0x00000000cf100000, 0x00000000cf100000| Untracked 
|  82|0x00000000cf200000, 0x00000000cf200000, 0x00000000cf300000|  0%| F|  |TAMS 0x00000000cf200000, 0x00000000cf200000| Untracked 
|  83|0x00000000cf300000, 0x00000000cf300000, 0x00000000cf400000|  0%| F|  |TAMS 0x00000000cf300000, 0x00000000cf300000| Untracked 
|  84|0x00000000cf400000, 0x00000000cf400000, 0x00000000cf500000|  0%| F|  |TAMS 0x00000000cf400000, 0x00000000cf400000| Untracked 
|  85|0x00000000cf500000, 0x00000000cf500000, 0x00000000cf600000|  0%| F|  |TAMS 0x00000000cf500000, 0x00000000cf500000| Untracked 
|  86|0x00000000cf600000, 0x00000000cf600000, 0x00000000cf700000|  0%| F|  |TAMS 0x00000000cf600000, 0x00000000cf600000| Untracked 
|  87|0x00000000cf700000, 0x00000000cf700000, 0x00000000cf800000|  0%| F|  |TAMS 0x00000000cf700000, 0x00000000cf700000| Untracked 
|  88|0x00000000cf800000, 0x00000000cf800000, 0x00000000cf900000|  0%| F|  |TAMS 0x00000000cf800000, 0x00000000cf800000| Untracked 
|  89|0x00000000cf900000, 0x00000000cf900000, 0x00000000cfa00000|  0%| F|  |TAMS 0x00000000cf900000, 0x00000000cf900000| Untracked 

Card table byte_map: [0x0000021a7f250000,0x0000021a7f400000] _byte_map_base: 0x0000021a7ec00000

Marking Bits (Prev, Next): (CMBitMap*) 0x0000021a7b8dc1f0, (CMBitMap*) 0x0000021a7b8dc230
 Prev Bits: [0x0000021a0f000000, 0x0000021a0fd80000)
 Next Bits: [0x0000021a0fd80000, 0x0000021a10b00000)

Polling page: 0x0000021a79820000

Metaspace:

Usage:
  Non-class:     47.70 MB used.
      Class:      6.58 MB used.
       Both:     54.28 MB used.

Virtual space:
  Non-class space:       64.00 MB reserved,      47.81 MB ( 75%) committed,  1 nodes.
      Class space:        1.00 GB reserved,       6.69 MB ( <1%) committed,  1 nodes.
             Both:        1.06 GB reserved,      54.50 MB (  5%) committed. 

Chunk freelists:
   Non-Class:  128.00 KB
       Class:  9.31 MB
        Both:  9.44 MB

MaxMetaspaceSize: unlimited
CompressedClassSpaceSize: 1.00 GB
Initial GC threshold: 21.00 MB
Current GC threshold: 85.00 MB
CDS: off
MetaspaceReclaimPolicy: balanced
 - commit_granule_bytes: 65536.
 - commit_granule_words: 8192.
 - virtual_space_node_default_size: 8388608.
 - enlarge_chunks_in_place: 1.
 - new_chunks_are_fully_committed: 0.
 - uncommit_free_chunks: 1.
 - use_allocation_guard: 0.
 - handle_deallocations: 1.


Internal statistics:

num_allocs_failed_limit: 3.
num_arena_births: 208.
num_arena_deaths: 0.
num_vsnodes_births: 2.
num_vsnodes_deaths: 0.
num_space_committed: 870.
num_space_uncommitted: 0.
num_chunks_returned_to_freelist: 3.
num_chunks_taken_from_freelist: 1836.
num_chunk_merges: 3.
num_chunk_splits: 1542.
num_chunks_enlarged: 1401.
num_inconsistent_stats: 0.

CodeHeap 'non-profiled nmethods': size=120000Kb used=2271Kb max_used=2271Kb free=117728Kb
 bounds [0x0000021a07ad0000, 0x0000021a07d40000, 0x0000021a0f000000]
CodeHeap 'profiled nmethods': size=120000Kb used=10348Kb max_used=10348Kb free=109652Kb
 bounds [0x0000021a00000000, 0x0000021a00a20000, 0x0000021a07530000]
CodeHeap 'non-nmethods': size=5760Kb used=1280Kb max_used=1325Kb free=4479Kb
 bounds [0x0000021a07530000, 0x0000021a077a0000, 0x0000021a07ad0000]
 total_blobs=5506 nmethods=4911 adapters=507
 compilation: enabled
              stopped_count=0, restarted_count=0
 full_count=0

Compilation events (20 events):
Event: 7.895 Thread 0x0000021a12ce1d10 4939       2       org.jetbrains.kotlin.cli.jvm.compiler.CliVirtualFileFinder$findBinaryOrSigClass$1::<init> (16 bytes)
Event: 7.895 Thread 0x0000021a12ce1d10 nmethod 4939 0x0000021a00a16910 code [0x0000021a00a16aa0, 0x0000021a00a16c58]
Event: 7.896 Thread 0x0000021a12ce1d10 4940       2       org.jetbrains.kotlin.cli.jvm.compiler.CliVirtualFileFinder::findBinaryOrSigClass (35 bytes)
Event: 7.896 Thread 0x0000021a12ce1d10 nmethod 4940 0x0000021a00a16d10 code [0x0000021a00a16f00, 0x0000021a00a17158]
Event: 7.900 Thread 0x0000021a12cdd2e0 nmethod 4932% 0x0000021a07d07410 code [0x0000021a07d075a0, 0x0000021a07d07ad8]
Event: 7.900 Thread 0x0000021a12cdd2e0 4942       4       org.jetbrains.org.objectweb.asm.ClassReader::readMethod (1061 bytes)
Event: 7.902 Thread 0x0000021a12ce1d10 4947       2       gnu.trove.TObjectHash::capacity (6 bytes)
Event: 7.902 Thread 0x0000021a12ce1d10 nmethod 4947 0x0000021a00a17310 code [0x0000021a00a174a0, 0x0000021a00a175b8]
Event: 7.903 Thread 0x0000021a12ce1d10 4948       2       kotlin.jvm.internal.Intrinsics::areEqual (22 bytes)
Event: 7.904 Thread 0x0000021a12ce1d10 nmethod 4948 0x0000021a00a17690 code [0x0000021a00a17820, 0x0000021a00a17948]
Event: 7.908 Thread 0x0000021a12ce1d10 4949       2       org.jetbrains.kotlin.load.kotlin.KotlinBinaryClassCache$Companion::getKotlinBinaryClassOrClassFileContent (150 bytes)
Event: 7.910 Thread 0x0000021a12ce1d10 nmethod 4949 0x0000021a00a17a10 code [0x0000021a00a17dc0, 0x0000021a00a18bb8]
Event: 7.910 Thread 0x0000021a12ce1d10 4950       2       java.lang.Integer::formatUnsignedInt (40 bytes)
Event: 7.910 Thread 0x0000021a12ce1d10 nmethod 4950 0x0000021a00a19490 code [0x0000021a00a19620, 0x0000021a00a197f8]
Event: 7.911 Thread 0x0000021a12ce1d10 4952       2       java.lang.Integer::toUnsignedString0 (76 bytes)
Event: 7.911 Thread 0x0000021a12ce1d10 nmethod 4952 0x0000021a00a19990 code [0x0000021a00a19b40, 0x0000021a00a19df8]
Event: 7.916 Thread 0x0000021a12ce1d10 4954       2       org.jetbrains.kotlin.protobuf.AbstractParser::parseFrom (7 bytes)
Event: 7.917 Thread 0x0000021a12ce1d10 nmethod 4954 0x0000021a00a19f10 code [0x0000021a00a1a100, 0x0000021a00a1a4d8]
Event: 7.917 Thread 0x0000021a12ce1d10 4955       2       org.jetbrains.kotlin.protobuf.AbstractParser::parseFrom (11 bytes)
Event: 7.917 Thread 0x0000021a12ce1d10 nmethod 4955 0x0000021a00a1a790 code [0x0000021a00a1a980, 0x0000021a00a1ad58]

GC Heap History (20 events):
Event: 5.067 GC heap after
{Heap after GC invocations=11 (full 0):
 garbage-first heap   total 61440K, used 23374K [0x00000000ca000000, 0x0000000100000000)
  region size 1024K, 3 young (3072K), 3 survivors (3072K)
 Metaspace       used 37680K, committed 37824K, reserved 1114112K
  class space    used 4800K, committed 4864K, reserved 1048576K
}
Event: 5.426 GC heap before
{Heap before GC invocations=11 (full 0):
 garbage-first heap   total 61440K, used 42830K [0x00000000ca000000, 0x0000000100000000)
  region size 1024K, 23 young (23552K), 3 survivors (3072K)
 Metaspace       used 41677K, committed 41920K, reserved 1114112K
  class space    used 5145K, committed 5248K, reserved 1048576K
}
Event: 5.433 GC heap after
{Heap after GC invocations=12 (full 0):
 garbage-first heap   total 61440K, used 25205K [0x00000000ca000000, 0x0000000100000000)
  region size 1024K, 2 young (2048K), 2 survivors (2048K)
 Metaspace       used 41677K, committed 41920K, reserved 1114112K
  class space    used 5145K, committed 5248K, reserved 1048576K
}
Event: 6.092 GC heap before
{Heap before GC invocations=12 (full 0):
 garbage-first heap   total 61440K, used 46709K [0x00000000ca000000, 0x0000000100000000)
  region size 1024K, 21 young (21504K), 2 survivors (2048K)
 Metaspace       used 46188K, committed 46400K, reserved 1114112K
  class space    used 5646K, committed 5760K, reserved 1048576K
}
Event: 6.099 GC heap after
{Heap after GC invocations=13 (full 0):
 garbage-first heap   total 61440K, used 30366K [0x00000000ca000000, 0x0000000100000000)
  region size 1024K, 3 young (3072K), 3 survivors (3072K)
 Metaspace       used 46188K, committed 46400K, reserved 1114112K
  class space    used 5646K, committed 5760K, reserved 1048576K
}
Event: 6.439 GC heap before
{Heap before GC invocations=13 (full 0):
 garbage-first heap   total 61440K, used 46750K [0x00000000ca000000, 0x0000000100000000)
  region size 1024K, 19 young (19456K), 3 survivors (3072K)
 Metaspace       used 47710K, committed 48000K, reserved 1114112K
  class space    used 5814K, committed 5952K, reserved 1048576K
}
Event: 6.453 GC heap after
{Heap after GC invocations=14 (full 0):
 garbage-first heap   total 61440K, used 34524K [0x00000000ca000000, 0x0000000100000000)
  region size 1024K, 3 young (3072K), 3 survivors (3072K)
 Metaspace       used 47710K, committed 48000K, reserved 1114112K
  class space    used 5814K, committed 5952K, reserved 1048576K
}
Event: 6.773 GC heap before
{Heap before GC invocations=14 (full 0):
 garbage-first heap   total 61440K, used 47836K [0x00000000ca000000, 0x0000000100000000)
  region size 1024K, 16 young (16384K), 3 survivors (3072K)
 Metaspace       used 49006K, committed 49216K, reserved 1114112K
  class space    used 5964K, committed 6080K, reserved 1048576K
}
Event: 6.782 GC heap after
{Heap after GC invocations=15 (full 0):
 garbage-first heap   total 73728K, used 37592K [0x00000000ca000000, 0x0000000100000000)
  region size 1024K, 2 young (2048K), 2 survivors (2048K)
 Metaspace       used 49006K, committed 49216K, reserved 1114112K
  class space    used 5964K, committed 6080K, reserved 1048576K
}
Event: 7.237 GC heap before
{Heap before GC invocations=16 (full 0):
 garbage-first heap   total 73728K, used 52952K [0x00000000ca000000, 0x0000000100000000)
  region size 1024K, 18 young (18432K), 2 survivors (2048K)
 Metaspace       used 51869K, committed 52160K, reserved 1114112K
  class space    used 6336K, committed 6464K, reserved 1048576K
}
Event: 7.249 GC heap after
{Heap after GC invocations=17 (full 0):
 garbage-first heap   total 73728K, used 40960K [0x00000000ca000000, 0x0000000100000000)
  region size 1024K, 3 young (3072K), 3 survivors (3072K)
 Metaspace       used 51869K, committed 52160K, reserved 1114112K
  class space    used 6336K, committed 6464K, reserved 1048576K
}
Event: 7.272 GC heap before
{Heap before GC invocations=17 (full 0):
 garbage-first heap   total 73728K, used 41984K [0x00000000ca000000, 0x0000000100000000)
  region size 1024K, 4 young (4096K), 3 survivors (3072K)
 Metaspace       used 51937K, committed 52224K, reserved 1114112K
  class space    used 6342K, committed 6464K, reserved 1048576K
}
Event: 7.280 GC heap after
{Heap after GC invocations=18 (full 0):
 garbage-first heap   total 73728K, used 40954K [0x00000000ca000000, 0x0000000100000000)
  region size 1024K, 1 young (1024K), 1 survivors (1024K)
 Metaspace       used 51937K, committed 52224K, reserved 1114112K
  class space    used 6342K, committed 6464K, reserved 1048576K
}
Event: 7.282 GC heap before
{Heap before GC invocations=18 (full 0):
 garbage-first heap   total 73728K, used 40954K [0x00000000ca000000, 0x0000000100000000)
  region size 1024K, 2 young (2048K), 1 survivors (1024K)
 Metaspace       used 51938K, committed 52224K, reserved 1114112K
  class space    used 6342K, committed 6464K, reserved 1048576K
}
Event: 7.284 GC heap after
{Heap after GC invocations=19 (full 0):
 garbage-first heap   total 73728K, used 40762K [0x00000000ca000000, 0x0000000100000000)
  region size 1024K, 1 young (1024K), 1 survivors (1024K)
 Metaspace       used 51938K, committed 52224K, reserved 1114112K
  class space    used 6342K, committed 6464K, reserved 1048576K
}
Event: 7.366 GC heap before
{Heap before GC invocations=20 (full 0):
 garbage-first heap   total 92160K, used 56122K [0x00000000ca000000, 0x0000000100000000)
  region size 1024K, 16 young (16384K), 1 survivors (1024K)
 Metaspace       used 51995K, committed 52288K, reserved 1114112K
  class space    used 6342K, committed 6464K, reserved 1048576K
}
Event: 7.369 GC heap after
{Heap after GC invocations=21 (full 0):
 garbage-first heap   total 92160K, used 41701K [0x00000000ca000000, 0x0000000100000000)
  region size 1024K, 2 young (2048K), 2 survivors (2048K)
 Metaspace       used 51995K, committed 52288K, reserved 1114112K
  class space    used 6342K, committed 6464K, reserved 1048576K
}
Event: 7.379 GC heap before
{Heap before GC invocations=21 (full 0):
 garbage-first heap   total 92160K, used 43749K [0x00000000ca000000, 0x0000000100000000)
  region size 1024K, 4 young (4096K), 2 survivors (2048K)
 Metaspace       used 52001K, committed 52288K, reserved 1114112K
  class space    used 6342K, committed 6464K, reserved 1048576K
}
Event: 7.382 GC heap after
{Heap after GC invocations=22 (full 0):
 garbage-first heap   total 92160K, used 40795K [0x00000000ca000000, 0x0000000100000000)
  region size 1024K, 1 young (1024K), 1 survivors (1024K)
 Metaspace       used 52001K, committed 52288K, reserved 1114112K
  class space    used 6342K, committed 6464K, reserved 1048576K
}
Event: 7.917 GC heap before
{Heap before GC invocations=22 (full 0):
 garbage-first heap   total 92160K, used 68443K [0x00000000ca000000, 0x0000000100000000)
  region size 1024K, 28 young (28672K), 1 survivors (1024K)
 Metaspace       used 55585K, committed 55808K, reserved 1114112K
  class space    used 6740K, committed 6848K, reserved 1048576K
}

Dll operation events (2 events):
Event: 0.016 Loaded shared library C:\Program Files\Android\Android Studio\jbr\bin\java.dll
Event: 2.293 Loaded shared library C:\Program Files\Android\Android Studio\jbr\bin\verify.dll

Deoptimization events (20 events):
Event: 7.807 Thread 0x0000021a7b8a1350 Uncommon trap: trap_request=0xffffff45 fr.pc=0x0000021a07b545cc relative=0x000000000000004c
Event: 7.807 Thread 0x0000021a7b8a1350 Uncommon trap: reason=unstable_if action=reinterpret pc=0x0000021a07b545cc method=kotlin.jvm.internal.Intrinsics.areEqual(Ljava/lang/Object;Ljava/lang/Object;)Z @ 5 c2
Event: 7.807 Thread 0x0000021a7b8a1350 DEOPT PACKING pc=0x0000021a07b545cc sp=0x000000d772dfc6a0
Event: 7.807 Thread 0x0000021a7b8a1350 DEOPT UNPACKING pc=0x0000021a075869a3 sp=0x000000d772dfc630 mode 2
Event: 7.868 Thread 0x0000021a7b8a1350 Uncommon trap: trap_request=0xffffff45 fr.pc=0x0000021a07c6ca5c relative=0x000000000000023c
Event: 7.868 Thread 0x0000021a7b8a1350 Uncommon trap: reason=unstable_if action=reinterpret pc=0x0000021a07c6ca5c method=java.util.HashMap.hash(Ljava/lang/Object;)I @ 1 c2
Event: 7.868 Thread 0x0000021a7b8a1350 DEOPT PACKING pc=0x0000021a07c6ca5c sp=0x000000d772dfcdd0
Event: 7.868 Thread 0x0000021a7b8a1350 DEOPT UNPACKING pc=0x0000021a075869a3 sp=0x000000d772dfcc70 mode 2
Event: 7.871 Thread 0x0000021a7b8a1350 Uncommon trap: trap_request=0xffffff45 fr.pc=0x0000021a07b2c4e8 relative=0x0000000000000248
Event: 7.871 Thread 0x0000021a7b8a1350 Uncommon trap: reason=unstable_if action=reinterpret pc=0x0000021a07b2c4e8 method=java.util.HashMap.hash(Ljava/lang/Object;)I @ 1 c2
Event: 7.871 Thread 0x0000021a7b8a1350 DEOPT PACKING pc=0x0000021a07b2c4e8 sp=0x000000d772dfca50
Event: 7.871 Thread 0x0000021a7b8a1350 DEOPT UNPACKING pc=0x0000021a075869a3 sp=0x000000d772dfc958 mode 2
Event: 7.874 Thread 0x0000021a7b8a1350 Uncommon trap: trap_request=0xffffff45 fr.pc=0x0000021a07b23c14 relative=0x0000000000000094
Event: 7.874 Thread 0x0000021a7b8a1350 Uncommon trap: reason=unstable_if action=reinterpret pc=0x0000021a07b23c14 method=java.util.HashMap.hash(Ljava/lang/Object;)I @ 1 c2
Event: 7.874 Thread 0x0000021a7b8a1350 DEOPT PACKING pc=0x0000021a07b23c14 sp=0x000000d772dfba80
Event: 7.874 Thread 0x0000021a7b8a1350 DEOPT UNPACKING pc=0x0000021a075869a3 sp=0x000000d772dfba18 mode 2
Event: 7.910 Thread 0x0000021a7b8a1350 DEOPT PACKING pc=0x0000021a008dc321 sp=0x000000d772dfaac0
Event: 7.910 Thread 0x0000021a7b8a1350 DEOPT UNPACKING pc=0x0000021a07587143 sp=0x000000d772df9fc8 mode 0
Event: 7.912 Thread 0x0000021a7b8a1350 DEOPT PACKING pc=0x0000021a008dc321 sp=0x000000d772dfaac0
Event: 7.912 Thread 0x0000021a7b8a1350 DEOPT UNPACKING pc=0x0000021a07587143 sp=0x000000d772df9fc8 mode 0

Classes unloaded (0 events):
No events

Classes redefined (0 events):
No events

Internal exceptions (20 events):
Event: 2.690 Thread 0x0000021a7b8a1350 Exception <a 'java/lang/NoSuchMethodError'{0x00000000cb3d2750}: 'void java.lang.invoke.DirectMethodHandle$Holder.invokeVirtual(java.lang.Object, java.lang.Object)'> (0x00000000cb3d2750) 
thrown [s\src\hotspot\share\interpreter\linkResolver.cpp, line 771]
Event: 2.706 Thread 0x0000021a7b8a1350 Exception <a 'java/lang/NoSuchMethodError'{0x00000000cb21f9e0}: 'int java.lang.invoke.DirectMethodHandle$Holder.invokeVirtual(java.lang.Object, java.lang.Object)'> (0x00000000cb21f9e0) 
thrown [s\src\hotspot\share\interpreter\linkResolver.cpp, line 771]
Event: 2.740 Thread 0x0000021a7b8a1350 Exception <a 'java/lang/NoSuchMethodError'{0x00000000cb2b90d0}: 'java.lang.Object java.lang.invoke.Invokers$Holder.invokeExact_MT(java.lang.Object, java.lang.Object, java.lang.Object, java.lang.Object, java.lang.Object, java.lang.Object)'> (0x00000000cb2b90d0) 
thrown [s\src\hotspot\share\interpreter\linkResolver.cpp, line 771]
Event: 4.524 Thread 0x0000021a7b8a1350 Implicit null exception at 0x0000021a07ae89f2 to 0x0000021a07ae8fbc
Event: 4.676 Thread 0x0000021a7b8a1350 Implicit null exception at 0x0000021a07aea372 to 0x0000021a07aea94c
Event: 4.732 Thread 0x0000021a7b8a1350 Exception <a 'java/lang/NoSuchMethodError'{0x00000000cd758a40}: 'java.lang.Object java.lang.invoke.DirectMethodHandle$Holder.invokeVirtual(java.lang.Object, java.lang.Object, java.lang.Object)'> (0x00000000cd758a40) 
thrown [s\src\hotspot\share\interpreter\linkResolver.cpp, line 771]
Event: 5.603 Thread 0x0000021a7b8a1350 Exception <a 'java/lang/NoSuchMethodError'{0x00000000cd533a10}: 'java.lang.Object java.lang.invoke.DirectMethodHandle$Holder.newInvokeSpecial(java.lang.Object, java.lang.Object, int)'> (0x00000000cd533a10) 
thrown [s\src\hotspot\share\interpreter\linkResolver.cpp, line 771]
Event: 5.730 Thread 0x0000021a7b8a1350 Implicit null exception at 0x0000021a07c22c21 to 0x0000021a07c23590
Event: 5.756 Thread 0x0000021a7b8a1350 Implicit null exception at 0x0000021a07c19bcc to 0x0000021a07c19ca8
Event: 6.873 Thread 0x0000021a7b8a1350 Implicit null exception at 0x0000021a07c1dc53 to 0x0000021a07c1dd54
Event: 6.975 Thread 0x0000021a7b8a1350 Exception <a 'java/lang/NoSuchMethodError'{0x00000000ce15a190}: 'java.lang.Object java.lang.invoke.DirectMethodHandle$Holder.newInvokeSpecial(java.lang.Object, java.lang.Object, java.lang.Object, int)'> (0x00000000ce15a190) 
thrown [s\src\hotspot\share\interpreter\linkResolver.cpp, line 771]
Event: 6.975 Thread 0x0000021a7b8a1350 Exception <a 'java/lang/NoSuchMethodError'{0x00000000ce15e818}: 'java.lang.Object java.lang.invoke.DirectMethodHandle$Holder.invokeSpecial(java.lang.Object, java.lang.Object, java.lang.Object, java.lang.Object, int)'> (0x00000000ce15e818) 
thrown [s\src\hotspot\share\interpreter\linkResolver.cpp, line 771]
Event: 6.976 Thread 0x0000021a7b8a1350 Exception <a 'java/lang/NoSuchMethodError'{0x00000000ce162688}: 'java.lang.Object java.lang.invoke.Invokers$Holder.linkToTargetMethod(java.lang.Object, java.lang.Object, int, java.lang.Object)'> (0x00000000ce162688) 
thrown [s\src\hotspot\share\interpreter\linkResolver.cpp, line 771]
Event: 7.211 Thread 0x0000021a7b8a1350 Implicit null exception at 0x0000021a07caf10f to 0x0000021a07caf140
Event: 7.565 Thread 0x0000021a7b8a1350 Exception <a 'java/lang/NoSuchMethodError'{0x00000000cf0ded78}: 'java.lang.Object java.lang.invoke.DirectMethodHandle$Holder.newInvokeSpecial(java.lang.Object, java.lang.Object, java.lang.Object, java.lang.Object, java.lang.Object, java.lang.Object)'> (0x00000000cf0ded78) 
thrown [s\src\hotspot\share\interpreter\linkResolver.cpp, line 771]
Event: 7.593 Thread 0x0000021a7b8a1350 Exception <a 'java/lang/NoSuchMethodError'{0x00000000cefbdd48}: 'int java.lang.invoke.DirectMethodHandle$Holder.invokeInterface(java.lang.Object, java.lang.Object)'> (0x00000000cefbdd48) 
thrown [s\src\hotspot\share\interpreter\linkResolver.cpp, line 771]
Event: 7.797 Thread 0x0000021a7b8a1350 Implicit null exception at 0x0000021a07cb0195 to 0x0000021a07cb0434
Event: 7.868 Thread 0x0000021a7b8a1350 Implicit null exception at 0x0000021a07c6c86a to 0x0000021a07c6ca40
Event: 7.871 Thread 0x0000021a7b8a1350 Implicit null exception at 0x0000021a07b2c2ec to 0x0000021a07b2c4d0
Event: 7.874 Thread 0x0000021a7b8a1350 Implicit null exception at 0x0000021a07b23b8f to 0x0000021a07b23c05

VM Operations (20 events):
Event: 7.281 Executing VM operation: G1CollectForAllocation done
Event: 7.282 Executing VM operation: G1TryInitiateConcMark
Event: 7.284 Executing VM operation: G1TryInitiateConcMark done
Event: 7.329 Executing VM operation: G1Concurrent
Event: 7.336 Executing VM operation: G1Concurrent done
Event: 7.356 Executing VM operation: G1Concurrent
Event: 7.356 Executing VM operation: G1Concurrent done
Event: 7.366 Executing VM operation: G1CollectForAllocation
Event: 7.369 Executing VM operation: G1CollectForAllocation done
Event: 7.379 Executing VM operation: G1CollectForAllocation
Event: 7.382 Executing VM operation: G1CollectForAllocation done
Event: 7.750 Executing VM operation: HandshakeAllThreads
Event: 7.750 Executing VM operation: HandshakeAllThreads done
Event: 7.815 Executing VM operation: HandshakeAllThreads
Event: 7.815 Executing VM operation: HandshakeAllThreads done
Event: 7.828 Executing VM operation: HandshakeAllThreads
Event: 7.828 Executing VM operation: HandshakeAllThreads done
Event: 7.840 Executing VM operation: ICBufferFull
Event: 7.840 Executing VM operation: ICBufferFull done
Event: 7.917 Executing VM operation: G1CollectForAllocation

Events (20 events):
Event: 7.418 loading class java/util/stream/IntPipeline$Head
Event: 7.418 loading class java/util/stream/IntPipeline
Event: 7.419 loading class java/util/stream/IntPipeline done
Event: 7.419 loading class java/util/stream/IntPipeline$Head done
Event: 7.419 loading class java/util/stream/IntPipeline$1
Event: 7.419 loading class java/util/stream/IntPipeline$1 done
Event: 7.420 loading class java/util/stream/ReferencePipeline$2
Event: 7.420 loading class java/util/stream/ReferencePipeline$2 done
Event: 7.421 loading class java/util/stream/ReferencePipeline$2$1
Event: 7.422 loading class java/util/stream/ReferencePipeline$2$1 done
Event: 7.422 loading class java/util/stream/IntPipeline$1$1
Event: 7.422 loading class java/util/stream/Sink$ChainedInt
Event: 7.422 loading class java/util/stream/Sink$OfInt
Event: 7.422 loading class java/util/function/IntConsumer
Event: 7.422 loading class java/util/function/IntConsumer done
Event: 7.422 loading class java/util/stream/Sink$OfInt done
Event: 7.422 loading class java/util/stream/Sink$ChainedInt done
Event: 7.422 loading class java/util/stream/IntPipeline$1$1 done
Event: 7.568 loading class java/util/RegularEnumSet$EnumSetIterator
Event: 7.568 loading class java/util/RegularEnumSet$EnumSetIterator done


Dynamic libraries:
0x00007ff63c380000 - 0x00007ff63c38a000 	C:\Program Files\Android\Android Studio\jbr\bin\java.exe
0x00007ffc1b130000 - 0x00007ffc1b37e000 	C:\WINDOWS\SYSTEM32\ntdll.dll
0x00007ffc1a350000 - 0x00007ffc1a416000 	C:\WINDOWS\System32\KERNEL32.DLL
0x00007ffc188f0000 - 0x00007ffc18c83000 	C:\WINDOWS\System32\KERNELBASE.dll
0x00007ffc18c90000 - 0x00007ffc18dcd000 	C:\WINDOWS\System32\ucrtbase.dll
0x00007ffbe5470000 - 0x00007ffbe5487000 	C:\Program Files\Android\Android Studio\jbr\bin\jli.dll
0x00007ffbea5f0000 - 0x00007ffbea60b000 	C:\Program Files\Android\Android Studio\jbr\bin\VCRUNTIME140.dll
0x00007ffc19fe0000 - 0x00007ffc1a19f000 	C:\WINDOWS\System32\USER32.dll
0x00007ffc18770000 - 0x00007ffc18797000 	C:\WINDOWS\System32\win32u.dll
0x00007ffc1acf0000 - 0x00007ffc1ad1a000 	C:\WINDOWS\System32\GDI32.dll
0x00007ffc175e0000 - 0x00007ffc17871000 	C:\WINDOWS\WinSxS\amd64_microsoft.windows.common-controls_6595b64144ccf1df_6.0.26040.1000_none_3b9025f0e753cce1\COMCTL32.dll
0x00007ffc18610000 - 0x00007ffc18730000 	C:\WINDOWS\System32\gdi32full.dll
0x00007ffc1aa70000 - 0x00007ffc1ab18000 	C:\WINDOWS\System32\msvcrt.dll
0x00007ffc18840000 - 0x00007ffc188e3000 	C:\WINDOWS\System32\msvcp_win.dll
0x00007ffc1ad20000 - 0x00007ffc1ad4d000 	C:\WINDOWS\System32\IMM32.DLL
0x00007ffc147a0000 - 0x00007ffc147ac000 	C:\Program Files\Android\Android Studio\jbr\bin\vcruntime140_1.dll
0x00007ffba1f50000 - 0x00007ffba1fdd000 	C:\Program Files\Android\Android Studio\jbr\bin\msvcp140.dll
0x00007ffb9e4e0000 - 0x00007ffb9f160000 	C:\Program Files\Android\Android Studio\jbr\bin\server\jvm.dll
0x00007ffc1ab20000 - 0x00007ffc1abd1000 	C:\WINDOWS\System32\ADVAPI32.dll
0x00007ffc194c0000 - 0x00007ffc19566000 	C:\WINDOWS\System32\sechost.dll
0x00007ffc18740000 - 0x00007ffc18766000 	C:\WINDOWS\System32\bcrypt.dll
0x00007ffc1afd0000 - 0x00007ffc1b0e9000 	C:\WINDOWS\System32\RPCRT4.dll
0x00007ffc14d40000 - 0x00007ffc14d4b000 	C:\WINDOWS\SYSTEM32\VERSION.dll
0x00007ffc10280000 - 0x00007ffc102b6000 	C:\WINDOWS\SYSTEM32\WINMM.dll
0x00007ffbf8290000 - 0x00007ffbf829a000 	C:\WINDOWS\SYSTEM32\WSOCK32.dll
0x00007ffc18fc0000 - 0x00007ffc19034000 	C:\WINDOWS\System32\WS2_32.dll
0x00007ffc16390000 - 0x00007ffc163a9000 	C:\WINDOWS\SYSTEM32\kernel.appcore.dll
0x00007ffbef9b0000 - 0x00007ffbef9ba000 	C:\Program Files\Android\Android Studio\jbr\bin\jimage.dll
0x00007ffc17ca0000 - 0x00007ffc17edd000 	C:\WINDOWS\SYSTEM32\DBGHELP.DLL
0x00007ffc1a520000 - 0x00007ffc1a899000 	C:\WINDOWS\System32\combase.dll
0x00007ffc19570000 - 0x00007ffc19646000 	C:\WINDOWS\System32\OLEAUT32.dll
0x00007ffc17b90000 - 0x00007ffc17bc9000 	C:\WINDOWS\SYSTEM32\dbgcore.DLL
0x00007ffc187a0000 - 0x00007ffc1883c000 	C:\WINDOWS\System32\bcryptPrimitives.dll
0x00007ffbea4c0000 - 0x00007ffbea4e5000 	C:\Program Files\Android\Android Studio\jbr\bin\java.dll
0x00007ffbeaab0000 - 0x00007ffbeaac8000 	C:\Program Files\Android\Android Studio\jbr\bin\zip.dll
0x00007ffc19660000 - 0x00007ffc19e1a000 	C:\WINDOWS\System32\SHELL32.dll
0x00007ffc15310000 - 0x00007ffc15b67000 	C:\WINDOWS\SYSTEM32\windows.storage.dll
0x00007ffc1aef0000 - 0x00007ffc1afc7000 	C:\WINDOWS\System32\SHCORE.dll
0x00007ffc1ac80000 - 0x00007ffc1acdd000 	C:\WINDOWS\System32\shlwapi.dll
0x00007ffc183b0000 - 0x00007ffc183d4000 	C:\WINDOWS\SYSTEM32\profapi.dll
0x00007ffbe7160000 - 0x00007ffbe7179000 	C:\Program Files\Android\Android Studio\jbr\bin\net.dll
0x00007ffc0f970000 - 0x00007ffc0fa8d000 	C:\WINDOWS\SYSTEM32\WINHTTP.dll
0x00007ffc16830000 - 0x00007ffc16898000 	C:\WINDOWS\system32\mswsock.dll
0x00007ffbe5490000 - 0x00007ffbe54a6000 	C:\Program Files\Android\Android Studio\jbr\bin\nio.dll
0x00007ffbef9a0000 - 0x00007ffbef9b0000 	C:\Program Files\Android\Android Studio\jbr\bin\verify.dll

dbghelp: loaded successfully - version: 4.0.5 - missing functions: none
symbol engine: initialized successfully - sym options: 0x614 - pdb path: .;C:\Program Files\Android\Android Studio\jbr\bin;C:\WINDOWS\SYSTEM32;C:\WINDOWS\WinSxS\amd64_microsoft.windows.common-controls_6595b64144ccf1df_6.0.26040.1000_none_3b9025f0e753cce1;C:\Program Files\Android\Android Studio\jbr\bin\server

VM Arguments:
java_command: org.jetbrains.kotlin.cli.jvm.K2JVMCompiler @C:\Users\athul\AndroidStudioProjects\Roam\app\build\20240213_5079564224270196497.compiler.options
java_class_path (initial): C:\Users\athul\.gradle\caches\modules-2\files-2.1\org.jetbrains.kotlin\kotlin-compiler-embeddable\1.9.10\57ca1b0823ae3ecb451a97e1f8e6de0b19ea5294\kotlin-compiler-embeddable-1.9.10.jar;C:\Users\athul\.gradle\caches\modules-2\files-2.1\org.jetbrains.kotlin\kotlin-stdlib\1.9.10\72812e8a368917ab5c0a5081b56915ffdfec93b7\kotlin-stdlib-1.9.10.jar;C:\Users\athul\.gradle\caches\modules-2\files-2.1\org.jetbrains.kotlin\kotlin-script-runtime\1.9.10\398513a8534701579cccaf5953ea914416b4696c\kotlin-script-runtime-1.9.10.jar;C:\Users\athul\.gradle\caches\modules-2\files-2.1\org.jetbrains.kotlin\kotlin-reflect\1.6.10\1cbe9c92c12a94eea200d23c2bbaedaf3daf5132\kotlin-reflect-1.6.10.jar;C:\Users\athul\.gradle\caches\modules-2\files-2.1\org.jetbrains.kotlin\kotlin-daemon-embeddable\1.9.10\bda2f7daa6b89d2ded2d9e1e0b0cadaf9446ade1\kotlin-daemon-embeddable-1.9.10.jar;C:\Users\athul\.gradle\caches\modules-2\files-2.1\org.jetbrains.intellij.deps\trove4j\1.0.20200330\3afb14d5f9ceb459d724e907a21145e8ff394f02\trove4j-1.0.20200330.jar;C:\Users\athul\.gradle\caches\modules-2\files-2.1\org.jetbrains.kotlin\kotlin-stdlib-common\1.9.10\dafaf2c27f27c09220cee312df10917d9a5d97ce\kotlin-stdlib-common-1.9.10.jar;C:\Users\athul\.gradle\caches\modules-2\files-2.1\org.jetbrains\annotations\13.0\919f0dfe192fb4e063e7dacadee7f8bb9a2672a9\annotations-13.0.jar
Launcher Type: SUN_STANDARD

[Global flags]
     intx CICompilerCount                          = 4                                         {product} {ergonomic}
     uint ConcGCThreads                            = 2                                         {product} {ergonomic}
     uint G1ConcRefinementThreads                  = 8                                         {product} {ergonomic}
   size_t G1HeapRegionSize                         = 1048576                                   {product} {ergonomic}
    uintx GCDrainStackTargetSize                   = 64                                        {product} {ergonomic}
   size_t InitialHeapSize                          = 56623104                                  {product} {ergonomic}
   size_t MarkStackSize                            = 4194304                                   {product} {ergonomic}
   size_t MaxHeapSize                              = 905969664                                 {product} {ergonomic}
   size_t MaxNewSize                               = 543162368                                 {product} {ergonomic}
   size_t MinHeapDeltaBytes                        = 1048576                                   {product} {ergonomic}
   size_t MinHeapSize                              = 8388608                                   {product} {ergonomic}
    uintx NonNMethodCodeHeapSize                   = 5839372                                {pd product} {ergonomic}
    uintx NonProfiledCodeHeapSize                  = 122909434                              {pd product} {ergonomic}
    uintx ProfiledCodeHeapSize                     = 122909434                              {pd product} {ergonomic}
    uintx ReservedCodeCacheSize                    = 251658240                              {pd product} {ergonomic}
     bool SegmentedCodeCache                       = true                                      {product} {ergonomic}
   size_t SoftMaxHeapSize                          = 905969664                              {manageable} {ergonomic}
     bool UseCompressedClassPointers               = true                           {product lp64_product} {ergonomic}
     bool UseCompressedOops                        = true                           {product lp64_product} {ergonomic}
     bool UseG1GC                                  = true                                      {product} {ergonomic}
     bool UseLargePagesIndividualAllocation        = false                                  {pd product} {ergonomic}

Logging:
Log output configuration:
 #0: stdout all=warning uptime,level,tags
 #1: stderr all=off uptime,level,tags

Environment Variables:
PATH=C:\WINDOWS\system32;C:\WINDOWS;C:\WINDOWS\System32\Wbem;C:\WINDOWS\System32\WindowsPowerShell\v1.0\;C:\WINDOWS\System32\OpenSSH\;C:\Program Files\nodejs\;C:\Program Files\Git\cmd;C:\Program Files\GitHub CLI\;C:\Users\athul\AppData\Local\Microsoft\WindowsApps;C:\Users\athul\AppData\Roaming\npm;C:\Users\athul\AppData\Local\Programs\Microsoft VS Code\bin;C:\Users\athul\AppData\Local\GitHubDesktop\bin
USERNAME=athul
OS=Windows_NT
PROCESSOR_IDENTIFIER=AMD64 Family 23 Model 24 Stepping 1, AuthenticAMD
TMP=C:\Users\athul\AppData\Local\Temp
TEMP=C:\Users\athul\AppData\Local\Temp


JNI global refs:
JNI global refs: 10, weak refs: 24

JNI global refs memory usage: 843, weak refs: 841

OOME stack traces (most recent first):
Classloader memory used:
Loader jdk.internal.loader.ClassLoaders$AppClassLoader                                 : 5576K
Loader bootstrap                                                                       : 1338K
Loader java.net.URLClassLoader                                                         : 22536B
Loader jdk.internal.reflect.DelegatingClassLoader                                      : 9479B
Loader jdk.internal.loader.ClassLoaders$PlatformClassLoader                            : 2276B


---------------  S Y S T E M  ---------------

OS:
 Windows 11 , 64 bit Build 26040 (10.0.26040.1000)
OS uptime: 0 days 23:21 hours

CPU: total 8 (initial active 8) (8 cores per cpu, 2 threads per core) family 23 model 24 stepping 1 microcode 0x8108109, cx8, cmov, fxsr, ht, mmx, 3dnowpref, sse, sse2, sse3, ssse3, sse4a, sse4.1, sse4.2, popcnt, lzcnt, tsc, tscinvbit, avx, avx2, aes, clmul, bmi1, bmi2, adx, sha, fma, vzeroupper, clflush, clflushopt

Memory: 4k page, system-wide physical 3455M (297M free)
TotalPageFile size 14207M (AvailPageFile size 108M)
current process WorkingSet (physical memory assigned to process): 247M, peak: 249M
current process commit charge ("private bytes"): 282M, peak: 416M

vm_info: OpenJDK 64-Bit Server VM (17.0.7+0-b2043.56-10550314) for windows-amd64 JRE (17.0.7+0-b2043.56-10550314), built on Jul 24 2023 18:27:45 by "androidbuild" with MS VC++ 16.10 / 16.11 (VS2019)

END.
