#
# There is insufficient memory for the Java Runtime Environment to continue.
# Native memory allocation (mmap) failed to map 176160768 bytes for G1 virtual space
# Possible reasons:
#   The system is out of physical RAM or swap space
#   The process is running with CompressedOops enabled, and the Java Heap may be blocking the growth of the native heap
# Possible solutions:
#   Reduce memory load on the system
#   Increase physical memory or swap space
#   Check if swap backing store is full
#   Decrease Java heap size (-Xmx/-Xms)
#   Decrease number of Java threads
#   Decrease Java thread stack sizes (-Xss)
#   Set larger code cache with -XX:ReservedCodeCacheSize=
#   JVM is running with Unscaled Compressed Oops mode in which the Java heap is
#     placed in the first 4GB address space. The Java Heap base address is the
#     maximum limit for the native heap growth. Please use -XX:HeapBaseMinAddress
#     to set the Java Heap base and to place the Java Heap above 4GB virtual address.
# This output file may be truncated or incomplete.
#
#  Out of Memory Error (os_windows.cpp:3771), pid=12944, tid=2032
#
# JRE version: OpenJDK Runtime Environment (17.0.7) (build 17.0.7+0-b2043.56-10550314)
# Java VM: OpenJDK 64-Bit Server VM (17.0.7+0-b2043.56-10550314, mixed mode, tiered, compressed oops, compressed class ptrs, g1 gc, windows-amd64)
# No core dump will be written. Minidumps are not enabled by default on client versions of Windows
#

---------------  S U M M A R Y ------------

Command Line: org.jetbrains.kotlin.cli.jvm.K2JVMCompiler @C:\Users\athul\AndroidStudioProjects\Roam\app\build\20240213_15180531099598070549.compiler.options

Host: AMD Ryzen 5 3550H with Radeon Vega Mobile Gfx  , 8 cores, 3G,  Windows 11 , 64 bit Build 26040 (10.0.26040.1000)
Time: Tue Feb 13 02:44:43 2024 India Standard Time elapsed time: 15.325917 seconds (0d 0h 0m 15s)

---------------  T H R E A D  ---------------

Current thread (0x000001d0f4484310):  VMThread "VM Thread" [stack: 0x0000000100c00000,0x0000000100d00000] [id=2032]

Stack: [0x0000000100c00000,0x0000000100d00000]
Native frames: (J=compiled Java code, j=interpreted, Vv=VM code, C=native code)
V  [jvm.dll+0x683bfa]
V  [jvm.dll+0x8430a4]
V  [jvm.dll+0x8449be]
V  [jvm.dll+0x845023]
V  [jvm.dll+0x24ad2f]
V  [jvm.dll+0x680ac9]
V  [jvm.dll+0x67519a]
V  [jvm.dll+0x30b3cb]
V  [jvm.dll+0x312876]
V  [jvm.dll+0x36221e]
V  [jvm.dll+0x36244f]
V  [jvm.dll+0x2e14a8]
V  [jvm.dll+0x2df684]
V  [jvm.dll+0x2dec8c]
V  [jvm.dll+0x32382b]
V  [jvm.dll+0x8496eb]
V  [jvm.dll+0x84a424]
V  [jvm.dll+0x84a93d]
V  [jvm.dll+0x84ad14]
V  [jvm.dll+0x84ade0]
V  [jvm.dll+0x7f2aea]
V  [jvm.dll+0x682a35]
C  [ucrtbase.dll+0x6bcc0]
C  [KERNEL32.DLL+0x28d17]
C  [ntdll.dll+0x28260]

VM_Operation (0x00000001006fd100): G1CollectForAllocation, mode: safepoint, requested by thread 0x000001d0dca6e000


---------------  P R O C E S S  ---------------

Threads class SMR info:
_java_thread_list=0x000001d0fad24780, length=12, elements={
0x000001d0dca6e000, 0x000001d0f44a8670, 0x000001d0f44abec0, 0x000001d0f44dca30,
0x000001d0f44dd5e0, 0x000001d0f44de190, 0x000001d0f474b010, 0x000001d0f4754420,
0x000001d0f475a230, 0x000001d0f477db60, 0x000001d0f48c8b60, 0x000001d0f48e7420
}

Java Threads: ( => current thread )
  0x000001d0dca6e000 JavaThread "main" [_thread_blocked, id=16172, stack(0x0000000100600000,0x0000000100700000)]
  0x000001d0f44a8670 JavaThread "Reference Handler" daemon [_thread_blocked, id=6404, stack(0x0000000100d00000,0x0000000100e00000)]
  0x000001d0f44abec0 JavaThread "Finalizer" daemon [_thread_blocked, id=16976, stack(0x0000000100e00000,0x0000000100f00000)]
  0x000001d0f44dca30 JavaThread "Signal Dispatcher" daemon [_thread_blocked, id=15556, stack(0x0000000100f00000,0x0000000101000000)]
  0x000001d0f44dd5e0 JavaThread "Attach Listener" daemon [_thread_blocked, id=8884, stack(0x0000000101000000,0x0000000101100000)]
  0x000001d0f44de190 JavaThread "Service Thread" daemon [_thread_blocked, id=12180, stack(0x0000000101100000,0x0000000101200000)]
  0x000001d0f474b010 JavaThread "Monitor Deflation Thread" daemon [_thread_blocked, id=5296, stack(0x0000000101200000,0x0000000101300000)]
  0x000001d0f4754420 JavaThread "C2 CompilerThread0" daemon [_thread_blocked, id=16860, stack(0x0000000101300000,0x0000000101400000)]
  0x000001d0f475a230 JavaThread "C1 CompilerThread0" daemon [_thread_blocked, id=2152, stack(0x0000000101400000,0x0000000101500000)]
  0x000001d0f477db60 JavaThread "Sweeper thread" daemon [_thread_blocked, id=6280, stack(0x0000000101500000,0x0000000101600000)]
  0x000001d0f48c8b60 JavaThread "Notification Thread" daemon [_thread_blocked, id=15628, stack(0x0000000101600000,0x0000000101700000)]
  0x000001d0f48e7420 JavaThread "Common-Cleaner" daemon [_thread_blocked, id=16920, stack(0x0000000101800000,0x0000000101900000)]

Other Threads:
=>0x000001d0f4484310 VMThread "VM Thread" [stack: 0x0000000100c00000,0x0000000100d00000] [id=2032]
  0x000001d0dcac0b80 WatcherThread [stack: 0x0000000101700000,0x0000000101800000] [id=15220]
  0x000001d0dcaaa220 GCTaskThread "GC Thread#0" [stack: 0x0000000100700000,0x0000000100800000] [id=17112]
  0x000001d0f937ba20 GCTaskThread "GC Thread#1" [stack: 0x0000000101a00000,0x0000000101b00000] [id=16404]
  0x000001d0f93c3fe0 GCTaskThread "GC Thread#2" [stack: 0x0000000101b00000,0x0000000101c00000] [id=17372]
  0x000001d0f93c4290 GCTaskThread "GC Thread#3" [stack: 0x0000000101c00000,0x0000000101d00000] [id=16936]
  0x000001d0f93c4540 GCTaskThread "GC Thread#4" [stack: 0x0000000101d00000,0x0000000101e00000] [id=2404]
  0x000001d0f9bf7fa0 GCTaskThread "GC Thread#5" [stack: 0x0000000101e00000,0x0000000101f00000] [id=7860]
  0x000001d0f9bf7a40 GCTaskThread "GC Thread#6" [stack: 0x0000000101f00000,0x0000000102000000] [id=3280]
  0x000001d0f9bf8500 GCTaskThread "GC Thread#7" [stack: 0x0000000102000000,0x0000000102100000] [id=12720]
  0x000001d0dcab3240 ConcurrentGCThread "G1 Main Marker" [stack: 0x0000000100800000,0x0000000100900000] [id=6168]
  0x000001d0dcab4b00 ConcurrentGCThread "G1 Conc#0" [stack: 0x0000000100900000,0x0000000100a00000] [id=15552]
  0x000001d0f9bf7cf0 ConcurrentGCThread "G1 Conc#1" [stack: 0x0000000102100000,0x0000000102200000] [id=10352]
  0x000001d0dcb2e500 ConcurrentGCThread "G1 Refine#0" [stack: 0x0000000100a00000,0x0000000100b00000] [id=11828]
  0x000001d0fa747c50 ConcurrentGCThread "G1 Refine#1" [stack: 0x0000000101900000,0x0000000101a00000] [id=12404]
  0x000001d0fa749350 ConcurrentGCThread "G1 Refine#2" [stack: 0x0000000102200000,0x0000000102300000] [id=9588]
  0x000001d0fa749630 ConcurrentGCThread "G1 Refine#3" [stack: 0x0000000102300000,0x0000000102400000] [id=15620]
  0x000001d0f42e1090 ConcurrentGCThread "G1 Service" [stack: 0x0000000100b00000,0x0000000100c00000] [id=16072]

Threads with active compile tasks:
C2 CompilerThread0    15372 11364       4       org.jetbrains.kotlin.load.java.typeEnhancement.TypeEnhancementUtilsKt::hasEnhancedNullability (29 bytes)

VM state: at safepoint (normal execution)

VM Mutex/Monitor currently owned by a thread:  ([mutex/lock_event])
[0x000001d0db19d7a0] Threads_lock - owner thread: 0x000001d0f4484310
[0x000001d0dca6adc0] Heap_lock - owner thread: 0x000001d0dca6e000

Heap address: 0x00000000ca000000, size: 864 MB, Compressed Oops mode: 32-bit

CDS archive(s) not mapped
Compressed class space mapped at: 0x000001d080000000-0x000001d0c0000000, reserved size: 1073741824
Narrow klass base: 0x000001d080000000, Narrow klass shift: 0, Narrow klass range: 0x40000000

GC Precious Log:
 CPUs: 8 total, 8 available
 Memory: 3455M
 Large Page Support: Disabled
 NUMA Support: Disabled
 Compressed Oops: Enabled (32-bit)
 Heap Region Size: 1M
 Heap Min Capacity: 8M
 Heap Initial Capacity: 54M
 Heap Max Capacity: 864M
 Pre-touch: Disabled
 Parallel Workers: 8
 Concurrent Workers: 2
 Concurrent Refinement Workers: 8
 Periodic GC: Disabled

Heap:
 garbage-first heap   total 150528K, used 78182K [0x00000000ca000000, 0x0000000100000000)
  region size 1024K, 3 young (3072K), 3 survivors (3072K)
 Metaspace       used 79131K, committed 79360K, reserved 1179648K
  class space    used 9037K, committed 9152K, reserved 1048576K

Heap Regions: E=young(eden), S=young(survivor), O=old, HS=humongous(starts), HC=humongous(continues), CS=collection set, F=free, OA=open archive, CA=closed archive, TAMS=top-at-mark-start (previous, next)
|   0|0x00000000ca000000, 0x00000000ca100000, 0x00000000ca100000|100%|HS|  |TAMS 0x00000000ca100000, 0x00000000ca000000| Complete 
|   1|0x00000000ca100000, 0x00000000ca200000, 0x00000000ca200000|100%|HC|  |TAMS 0x00000000ca200000, 0x00000000ca100000| Complete 
|   2|0x00000000ca200000, 0x00000000ca300000, 0x00000000ca300000|100%|HC|  |TAMS 0x00000000ca300000, 0x00000000ca200000| Complete 
|   3|0x00000000ca300000, 0x00000000ca400000, 0x00000000ca400000|100%|HC|  |TAMS 0x00000000ca400000, 0x00000000ca300000| Complete 
|   4|0x00000000ca400000, 0x00000000ca500000, 0x00000000ca500000|100%| O|  |TAMS 0x00000000ca500000, 0x00000000ca400000| Untracked 
|   5|0x00000000ca500000, 0x00000000ca600000, 0x00000000ca600000|100%| O|  |TAMS 0x00000000ca600000, 0x00000000ca500000| Untracked 
|   6|0x00000000ca600000, 0x00000000ca700000, 0x00000000ca700000|100%| O|  |TAMS 0x00000000ca700000, 0x00000000ca600000| Untracked 
|   7|0x00000000ca700000, 0x00000000ca800000, 0x00000000ca800000|100%| O|  |TAMS 0x00000000ca700000, 0x00000000ca700000| Untracked 
|   8|0x00000000ca800000, 0x00000000ca900000, 0x00000000ca900000|100%| O|  |TAMS 0x00000000ca900000, 0x00000000ca800000| Untracked 
|   9|0x00000000ca900000, 0x00000000caa00000, 0x00000000caa00000|100%| O|  |TAMS 0x00000000caa00000, 0x00000000ca900000| Untracked 
|  10|0x00000000caa00000, 0x00000000cab00000, 0x00000000cab00000|100%| O|  |TAMS 0x00000000cab00000, 0x00000000caa00000| Untracked 
|  11|0x00000000cab00000, 0x00000000cac00000, 0x00000000cac00000|100%| O|  |TAMS 0x00000000cac00000, 0x00000000cab00000| Untracked 
|  12|0x00000000cac00000, 0x00000000cad00000, 0x00000000cad00000|100%| O|  |TAMS 0x00000000cad00000, 0x00000000cac00000| Untracked 
|  13|0x00000000cad00000, 0x00000000cae00000, 0x00000000cae00000|100%| O|  |TAMS 0x00000000cae00000, 0x00000000cad00000| Untracked 
|  14|0x00000000cae00000, 0x00000000caf00000, 0x00000000caf00000|100%| O|  |TAMS 0x00000000caf00000, 0x00000000cae00000| Untracked 
|  15|0x00000000caf00000, 0x00000000cb000000, 0x00000000cb000000|100%| O|  |TAMS 0x00000000cb000000, 0x00000000caf00000| Untracked 
|  16|0x00000000cb000000, 0x00000000cb100000, 0x00000000cb100000|100%| O|  |TAMS 0x00000000cb100000, 0x00000000cb000000| Untracked 
|  17|0x00000000cb100000, 0x00000000cb200000, 0x00000000cb200000|100%| O|  |TAMS 0x00000000cb200000, 0x00000000cb100000| Untracked 
|  18|0x00000000cb200000, 0x00000000cb300000, 0x00000000cb300000|100%| O|  |TAMS 0x00000000cb300000, 0x00000000cb200000| Untracked 
|  19|0x00000000cb300000, 0x00000000cb400000, 0x00000000cb400000|100%| O|  |TAMS 0x00000000cb400000, 0x00000000cb300000| Untracked 
|  20|0x00000000cb400000, 0x00000000cb500000, 0x00000000cb500000|100%| O|  |TAMS 0x00000000cb500000, 0x00000000cb400000| Untracked 
|  21|0x00000000cb500000, 0x00000000cb600000, 0x00000000cb600000|100%| O|  |TAMS 0x00000000cb600000, 0x00000000cb500000| Untracked 
|  22|0x00000000cb600000, 0x00000000cb700000, 0x00000000cb700000|100%| O|  |TAMS 0x00000000cb700000, 0x00000000cb600000| Untracked 
|  23|0x00000000cb700000, 0x00000000cb800000, 0x00000000cb800000|100%| O|  |TAMS 0x00000000cb800000, 0x00000000cb700000| Untracked 
|  24|0x00000000cb800000, 0x00000000cb900000, 0x00000000cb900000|100%|HS|  |TAMS 0x00000000cb900000, 0x00000000cb800000| Complete 
|  25|0x00000000cb900000, 0x00000000cba00000, 0x00000000cba00000|100%|HC|  |TAMS 0x00000000cba00000, 0x00000000cb900000| Complete 
|  26|0x00000000cba00000, 0x00000000cba00000, 0x00000000cbb00000|  0%| F|  |TAMS 0x00000000cba00000, 0x00000000cba00000| Untracked 
|  27|0x00000000cbb00000, 0x00000000cbc00000, 0x00000000cbc00000|100%| O|  |TAMS 0x00000000cbc00000, 0x00000000cbb00000| Untracked 
|  28|0x00000000cbc00000, 0x00000000cbd00000, 0x00000000cbd00000|100%| O|  |TAMS 0x00000000cbd00000, 0x00000000cbc00000| Untracked 
|  29|0x00000000cbd00000, 0x00000000cbe00000, 0x00000000cbe00000|100%| O|  |TAMS 0x00000000cbe00000, 0x00000000cbd00000| Untracked 
|  30|0x00000000cbe00000, 0x00000000cbf00000, 0x00000000cbf00000|100%| O|  |TAMS 0x00000000cbf00000, 0x00000000cbe00000| Untracked 
|  31|0x00000000cbf00000, 0x00000000cc000000, 0x00000000cc000000|100%| O|  |TAMS 0x00000000cc000000, 0x00000000cbf00000| Untracked 
|  32|0x00000000cc000000, 0x00000000cc100000, 0x00000000cc100000|100%| O|  |TAMS 0x00000000cc100000, 0x00000000cc000000| Untracked 
|  33|0x00000000cc100000, 0x00000000cc200000, 0x00000000cc200000|100%| O|  |TAMS 0x00000000cc200000, 0x00000000cc100000| Untracked 
|  34|0x00000000cc200000, 0x00000000cc300000, 0x00000000cc300000|100%| O|  |TAMS 0x00000000cc300000, 0x00000000cc200000| Untracked 
|  35|0x00000000cc300000, 0x00000000cc400000, 0x00000000cc400000|100%| O|  |TAMS 0x00000000cc400000, 0x00000000cc300000| Untracked 
|  36|0x00000000cc400000, 0x00000000cc500000, 0x00000000cc500000|100%| O|  |TAMS 0x00000000cc500000, 0x00000000cc400000| Untracked 
|  37|0x00000000cc500000, 0x00000000cc600000, 0x00000000cc600000|100%| O|  |TAMS 0x00000000cc600000, 0x00000000cc500000| Untracked 
|  38|0x00000000cc600000, 0x00000000cc700000, 0x00000000cc700000|100%| O|  |TAMS 0x00000000cc700000, 0x00000000cc600000| Untracked 
|  39|0x00000000cc700000, 0x00000000cc800000, 0x00000000cc800000|100%| O|  |TAMS 0x00000000cc700000, 0x00000000cc700000| Untracked 
|  40|0x00000000cc800000, 0x00000000cc900000, 0x00000000cc900000|100%| O|  |TAMS 0x00000000cc900000, 0x00000000cc800000| Untracked 
|  41|0x00000000cc900000, 0x00000000cca00000, 0x00000000cca00000|100%| O|  |TAMS 0x00000000cca00000, 0x00000000cc900000| Untracked 
|  42|0x00000000cca00000, 0x00000000ccb00000, 0x00000000ccb00000|100%| O|  |TAMS 0x00000000ccb00000, 0x00000000cca00000| Untracked 
|  43|0x00000000ccb00000, 0x00000000ccc00000, 0x00000000ccc00000|100%| O|  |TAMS 0x00000000ccc00000, 0x00000000ccb00000| Untracked 
|  44|0x00000000ccc00000, 0x00000000ccd00000, 0x00000000ccd00000|100%| O|  |TAMS 0x00000000ccd00000, 0x00000000ccc00000| Untracked 
|  45|0x00000000ccd00000, 0x00000000cce00000, 0x00000000cce00000|100%| O|  |TAMS 0x00000000cce00000, 0x00000000ccd00000| Untracked 
|  46|0x00000000cce00000, 0x00000000ccf00000, 0x00000000ccf00000|100%| O|  |TAMS 0x00000000ccf00000, 0x00000000cce00000| Untracked 
|  47|0x00000000ccf00000, 0x00000000cd000000, 0x00000000cd000000|100%| O|  |TAMS 0x00000000cd000000, 0x00000000ccf00000| Untracked 
|  48|0x00000000cd000000, 0x00000000cd100000, 0x00000000cd100000|100%| O|  |TAMS 0x00000000cd100000, 0x00000000cd000000| Untracked 
|  49|0x00000000cd100000, 0x00000000cd200000, 0x00000000cd200000|100%| O|  |TAMS 0x00000000cd200000, 0x00000000cd100000| Untracked 
|  50|0x00000000cd200000, 0x00000000cd300000, 0x00000000cd300000|100%| O|  |TAMS 0x00000000cd300000, 0x00000000cd200000| Untracked 
|  51|0x00000000cd300000, 0x00000000cd400000, 0x00000000cd400000|100%| O|  |TAMS 0x00000000cd400000, 0x00000000cd300000| Untracked 
|  52|0x00000000cd400000, 0x00000000cd500000, 0x00000000cd500000|100%| O|  |TAMS 0x00000000cd500000, 0x00000000cd400000| Untracked 
|  53|0x00000000cd500000, 0x00000000cd600000, 0x00000000cd600000|100%| O|  |TAMS 0x00000000cd600000, 0x00000000cd500000| Untracked 
|  54|0x00000000cd600000, 0x00000000cd700000, 0x00000000cd700000|100%| O|  |TAMS 0x00000000cd700000, 0x00000000cd600000| Untracked 
|  55|0x00000000cd700000, 0x00000000cd800000, 0x00000000cd800000|100%| O|  |TAMS 0x00000000cd800000, 0x00000000cd700000| Untracked 
|  56|0x00000000cd800000, 0x00000000cd900000, 0x00000000cd900000|100%| O|  |TAMS 0x00000000cd900000, 0x00000000cd800000| Untracked 
|  57|0x00000000cd900000, 0x00000000cda00000, 0x00000000cda00000|100%| O|  |TAMS 0x00000000cda00000, 0x00000000cd900000| Untracked 
|  58|0x00000000cda00000, 0x00000000cdb00000, 0x00000000cdb00000|100%| O|  |TAMS 0x00000000cdb00000, 0x00000000cda00000| Untracked 
|  59|0x00000000cdb00000, 0x00000000cdc00000, 0x00000000cdc00000|100%| O|  |TAMS 0x00000000cdc00000, 0x00000000cdb00000| Untracked 
|  60|0x00000000cdc00000, 0x00000000cdd00000, 0x00000000cdd00000|100%| O|  |TAMS 0x00000000cdd00000, 0x00000000cdc00000| Untracked 
|  61|0x00000000cdd00000, 0x00000000cde00000, 0x00000000cde00000|100%| O|  |TAMS 0x00000000cde00000, 0x00000000cdd00000| Untracked 
|  62|0x00000000cde00000, 0x00000000cdf00000, 0x00000000cdf00000|100%| O|  |TAMS 0x00000000cdf00000, 0x00000000cde00000| Untracked 
|  63|0x00000000cdf00000, 0x00000000ce000000, 0x00000000ce000000|100%| O|  |TAMS 0x00000000ce000000, 0x00000000cdf00000| Untracked 
|  64|0x00000000ce000000, 0x00000000ce100000, 0x00000000ce100000|100%| O|  |TAMS 0x00000000ce100000, 0x00000000ce000000| Untracked 
|  65|0x00000000ce100000, 0x00000000ce100000, 0x00000000ce200000|  0%| F|  |TAMS 0x00000000ce100000, 0x00000000ce100000| Untracked 
|  66|0x00000000ce200000, 0x00000000ce300000, 0x00000000ce300000|100%| O|  |TAMS 0x00000000ce300000, 0x00000000ce200000| Untracked 
|  67|0x00000000ce300000, 0x00000000ce400000, 0x00000000ce400000|100%| O|  |TAMS 0x00000000ce400000, 0x00000000ce300000| Untracked 
|  68|0x00000000ce400000, 0x00000000ce500000, 0x00000000ce500000|100%| O|  |TAMS 0x00000000ce500000, 0x00000000ce400000| Untracked 
|  69|0x00000000ce500000, 0x00000000ce600000, 0x00000000ce600000|100%| O|  |TAMS 0x00000000ce600000, 0x00000000ce500000| Untracked 
|  70|0x00000000ce600000, 0x00000000ce700000, 0x00000000ce700000|100%| O|  |TAMS 0x00000000ce700000, 0x00000000ce600000| Untracked 
|  71|0x00000000ce700000, 0x00000000ce800000, 0x00000000ce800000|100%| O|  |TAMS 0x00000000ce800000, 0x00000000ce700000| Untracked 
|  72|0x00000000ce800000, 0x00000000ce900000, 0x00000000ce900000|100%| O|  |TAMS 0x00000000ce800000, 0x00000000ce800000| Untracked 
|  73|0x00000000ce900000, 0x00000000cea00000, 0x00000000cea00000|100%| O|  |TAMS 0x00000000ce900000, 0x00000000ce900000| Untracked 
|  74|0x00000000cea00000, 0x00000000ceb00000, 0x00000000ceb00000|100%| O|  |TAMS 0x00000000cea00000, 0x00000000cea00000| Untracked 
|  75|0x00000000ceb00000, 0x00000000cebb4000, 0x00000000cec00000| 70%| O|  |TAMS 0x00000000ceb00000, 0x00000000ceb00000| Untracked 
|  76|0x00000000cec00000, 0x00000000cec00000, 0x00000000ced00000|  0%| F|  |TAMS 0x00000000cec00000, 0x00000000cec00000| Untracked 
|  77|0x00000000ced00000, 0x00000000ced00000, 0x00000000cee00000|  0%| F|  |TAMS 0x00000000ced00000, 0x00000000ced00000| Untracked 
|  78|0x00000000cee00000, 0x00000000cee00000, 0x00000000cef00000|  0%| F|  |TAMS 0x00000000cee00000, 0x00000000cee00000| Untracked 
|  79|0x00000000cef00000, 0x00000000cef00000, 0x00000000cf000000|  0%| F|  |TAMS 0x00000000cef00000, 0x00000000cef00000| Untracked 
|  80|0x00000000cf000000, 0x00000000cf000000, 0x00000000cf100000|  0%| F|  |TAMS 0x00000000cf000000, 0x00000000cf000000| Untracked 
|  81|0x00000000cf100000, 0x00000000cf100000, 0x00000000cf200000|  0%| F|  |TAMS 0x00000000cf100000, 0x00000000cf100000| Untracked 
|  82|0x00000000cf200000, 0x00000000cf200000, 0x00000000cf300000|  0%| F|  |TAMS 0x00000000cf200000, 0x00000000cf200000| Untracked 
|  83|0x00000000cf300000, 0x00000000cf300000, 0x00000000cf400000|  0%| F|  |TAMS 0x00000000cf300000, 0x00000000cf300000| Untracked 
|  84|0x00000000cf400000, 0x00000000cf400000, 0x00000000cf500000|  0%| F|  |TAMS 0x00000000cf400000, 0x00000000cf400000| Untracked 
|  85|0x00000000cf500000, 0x00000000cf500000, 0x00000000cf600000|  0%| F|  |TAMS 0x00000000cf500000, 0x00000000cf500000| Untracked 
|  86|0x00000000cf600000, 0x00000000cf600000, 0x00000000cf700000|  0%| F|  |TAMS 0x00000000cf600000, 0x00000000cf600000| Untracked 
|  87|0x00000000cf700000, 0x00000000cf700000, 0x00000000cf800000|  0%| F|  |TAMS 0x00000000cf700000, 0x00000000cf700000| Untracked 
|  88|0x00000000cf800000, 0x00000000cf800000, 0x00000000cf900000|  0%| F|  |TAMS 0x00000000cf800000, 0x00000000cf800000| Untracked 
|  89|0x00000000cf900000, 0x00000000cf900000, 0x00000000cfa00000|  0%| F|  |TAMS 0x00000000cf900000, 0x00000000cf900000| Untracked 
|  90|0x00000000cfa00000, 0x00000000cfa00000, 0x00000000cfb00000|  0%| F|  |TAMS 0x00000000cfa00000, 0x00000000cfa00000| Untracked 
|  91|0x00000000cfb00000, 0x00000000cfb00000, 0x00000000cfc00000|  0%| F|  |TAMS 0x00000000cfb00000, 0x00000000cfb00000| Untracked 
|  92|0x00000000cfc00000, 0x00000000cfc00000, 0x00000000cfd00000|  0%| F|  |TAMS 0x00000000cfc00000, 0x00000000cfc00000| Untracked 
|  93|0x00000000cfd00000, 0x00000000cfd00000, 0x00000000cfe00000|  0%| F|  |TAMS 0x00000000cfd00000, 0x00000000cfd00000| Untracked 
|  94|0x00000000cfe00000, 0x00000000cfe00000, 0x00000000cff00000|  0%| F|  |TAMS 0x00000000cfe00000, 0x00000000cfe00000| Untracked 
|  95|0x00000000cff00000, 0x00000000cff00000, 0x00000000d0000000|  0%| F|  |TAMS 0x00000000cff00000, 0x00000000cff00000| Untracked 
|  96|0x00000000d0000000, 0x00000000d0000000, 0x00000000d0100000|  0%| F|  |TAMS 0x00000000d0000000, 0x00000000d0000000| Untracked 
|  97|0x00000000d0100000, 0x00000000d0100000, 0x00000000d0200000|  0%| F|  |TAMS 0x00000000d0100000, 0x00000000d0100000| Untracked 
|  98|0x00000000d0200000, 0x00000000d02a5a00, 0x00000000d0300000| 64%| S|CS|TAMS 0x00000000d0200000, 0x00000000d0200000| Complete 
|  99|0x00000000d0300000, 0x00000000d0400000, 0x00000000d0400000|100%| S|CS|TAMS 0x00000000d0300000, 0x00000000d0300000| Complete 
| 100|0x00000000d0400000, 0x00000000d0500000, 0x00000000d0500000|100%| S|CS|TAMS 0x00000000d0400000, 0x00000000d0400000| Complete 
| 101|0x00000000d0500000, 0x00000000d0500000, 0x00000000d0600000|  0%| F|  |TAMS 0x00000000d0500000, 0x00000000d0500000| Untracked 
| 102|0x00000000d0600000, 0x00000000d0600000, 0x00000000d0700000|  0%| F|  |TAMS 0x00000000d0600000, 0x00000000d0600000| Untracked 
| 103|0x00000000d0700000, 0x00000000d0700000, 0x00000000d0800000|  0%| F|  |TAMS 0x00000000d0700000, 0x00000000d0700000| Untracked 
| 104|0x00000000d0800000, 0x00000000d0800000, 0x00000000d0900000|  0%| F|  |TAMS 0x00000000d0800000, 0x00000000d0800000| Untracked 
| 105|0x00000000d0900000, 0x00000000d0900000, 0x00000000d0a00000|  0%| F|  |TAMS 0x00000000d0900000, 0x00000000d0900000| Untracked 
| 106|0x00000000d0a00000, 0x00000000d0a00000, 0x00000000d0b00000|  0%| F|  |TAMS 0x00000000d0a00000, 0x00000000d0a00000| Untracked 
| 107|0x00000000d0b00000, 0x00000000d0b00000, 0x00000000d0c00000|  0%| F|  |TAMS 0x00000000d0b00000, 0x00000000d0b00000| Untracked 
| 108|0x00000000d0c00000, 0x00000000d0c00000, 0x00000000d0d00000|  0%| F|  |TAMS 0x00000000d0c00000, 0x00000000d0c00000| Untracked 
| 109|0x00000000d0d00000, 0x00000000d0d00000, 0x00000000d0e00000|  0%| F|  |TAMS 0x00000000d0d00000, 0x00000000d0d00000| Untracked 
| 110|0x00000000d0e00000, 0x00000000d0e00000, 0x00000000d0f00000|  0%| F|  |TAMS 0x00000000d0e00000, 0x00000000d0e00000| Untracked 
| 111|0x00000000d0f00000, 0x00000000d0f00000, 0x00000000d1000000|  0%| F|  |TAMS 0x00000000d0f00000, 0x00000000d0f00000| Untracked 
| 112|0x00000000d1000000, 0x00000000d1000000, 0x00000000d1100000|  0%| F|  |TAMS 0x00000000d1000000, 0x00000000d1000000| Untracked 
| 113|0x00000000d1100000, 0x00000000d1100000, 0x00000000d1200000|  0%| F|  |TAMS 0x00000000d1100000, 0x00000000d1100000| Untracked 
| 114|0x00000000d1200000, 0x00000000d1200000, 0x00000000d1300000|  0%| F|  |TAMS 0x00000000d1200000, 0x00000000d1200000| Untracked 
| 115|0x00000000d1300000, 0x00000000d1300000, 0x00000000d1400000|  0%| F|  |TAMS 0x00000000d1300000, 0x00000000d1300000| Untracked 
| 116|0x00000000d1400000, 0x00000000d1400000, 0x00000000d1500000|  0%| F|  |TAMS 0x00000000d1400000, 0x00000000d1400000| Untracked 
| 117|0x00000000d1500000, 0x00000000d1500000, 0x00000000d1600000|  0%| F|  |TAMS 0x00000000d1500000, 0x00000000d1500000| Untracked 
| 118|0x00000000d1600000, 0x00000000d1600000, 0x00000000d1700000|  0%| F|  |TAMS 0x00000000d1600000, 0x00000000d1600000| Untracked 
| 119|0x00000000d1700000, 0x00000000d1700000, 0x00000000d1800000|  0%| F|  |TAMS 0x00000000d1700000, 0x00000000d1700000| Untracked 
| 120|0x00000000d1800000, 0x00000000d1800000, 0x00000000d1900000|  0%| F|  |TAMS 0x00000000d1800000, 0x00000000d1800000| Untracked 
| 121|0x00000000d1900000, 0x00000000d1900000, 0x00000000d1a00000|  0%| F|  |TAMS 0x00000000d1900000, 0x00000000d1900000| Untracked 
| 122|0x00000000d1a00000, 0x00000000d1a00000, 0x00000000d1b00000|  0%| F|  |TAMS 0x00000000d1a00000, 0x00000000d1a00000| Untracked 
| 123|0x00000000d1b00000, 0x00000000d1b00000, 0x00000000d1c00000|  0%| F|  |TAMS 0x00000000d1b00000, 0x00000000d1b00000| Untracked 
| 124|0x00000000d1c00000, 0x00000000d1c00000, 0x00000000d1d00000|  0%| F|  |TAMS 0x00000000d1c00000, 0x00000000d1c00000| Untracked 
| 125|0x00000000d1d00000, 0x00000000d1d00000, 0x00000000d1e00000|  0%| F|  |TAMS 0x00000000d1d00000, 0x00000000d1d00000| Untracked 
| 126|0x00000000d1e00000, 0x00000000d1e00000, 0x00000000d1f00000|  0%| F|  |TAMS 0x00000000d1e00000, 0x00000000d1e00000| Untracked 
| 127|0x00000000d1f00000, 0x00000000d1f00000, 0x00000000d2000000|  0%| F|  |TAMS 0x00000000d1f00000, 0x00000000d1f00000| Untracked 
| 128|0x00000000d2000000, 0x00000000d2000000, 0x00000000d2100000|  0%| F|  |TAMS 0x00000000d2000000, 0x00000000d2000000| Untracked 
| 129|0x00000000d2100000, 0x00000000d2100000, 0x00000000d2200000|  0%| F|  |TAMS 0x00000000d2100000, 0x00000000d2100000| Untracked 
| 130|0x00000000d2200000, 0x00000000d2200000, 0x00000000d2300000|  0%| F|  |TAMS 0x00000000d2200000, 0x00000000d2200000| Untracked 
| 131|0x00000000d2300000, 0x00000000d2300000, 0x00000000d2400000|  0%| F|  |TAMS 0x00000000d2300000, 0x00000000d2300000| Untracked 
| 132|0x00000000d2400000, 0x00000000d2400000, 0x00000000d2500000|  0%| F|  |TAMS 0x00000000d2400000, 0x00000000d2400000| Untracked 
| 133|0x00000000d2500000, 0x00000000d2500000, 0x00000000d2600000|  0%| F|  |TAMS 0x00000000d2500000, 0x00000000d2500000| Untracked 
| 134|0x00000000d2600000, 0x00000000d2600000, 0x00000000d2700000|  0%| F|  |TAMS 0x00000000d2600000, 0x00000000d2600000| Untracked 
| 135|0x00000000d2700000, 0x00000000d2700000, 0x00000000d2800000|  0%| F|  |TAMS 0x00000000d2700000, 0x00000000d2700000| Untracked 
| 136|0x00000000d2800000, 0x00000000d2800000, 0x00000000d2900000|  0%| F|  |TAMS 0x00000000d2800000, 0x00000000d2800000| Untracked 
| 137|0x00000000d2900000, 0x00000000d2900000, 0x00000000d2a00000|  0%| F|  |TAMS 0x00000000d2900000, 0x00000000d2900000| Untracked 
| 138|0x00000000d2a00000, 0x00000000d2a00000, 0x00000000d2b00000|  0%| F|  |TAMS 0x00000000d2a00000, 0x00000000d2a00000| Untracked 
| 139|0x00000000d2b00000, 0x00000000d2b00000, 0x00000000d2c00000|  0%| F|  |TAMS 0x00000000d2b00000, 0x00000000d2b00000| Untracked 
| 140|0x00000000d2c00000, 0x00000000d2c00000, 0x00000000d2d00000|  0%| F|  |TAMS 0x00000000d2c00000, 0x00000000d2c00000| Untracked 
| 141|0x00000000d2d00000, 0x00000000d2d00000, 0x00000000d2e00000|  0%| F|  |TAMS 0x00000000d2d00000, 0x00000000d2d00000| Untracked 
| 142|0x00000000d2e00000, 0x00000000d2e00000, 0x00000000d2f00000|  0%| F|  |TAMS 0x00000000d2e00000, 0x00000000d2e00000| Untracked 
| 143|0x00000000d2f00000, 0x00000000d2f00000, 0x00000000d3000000|  0%| F|  |TAMS 0x00000000d2f00000, 0x00000000d2f00000| Untracked 
| 144|0x00000000d3000000, 0x00000000d3000000, 0x00000000d3100000|  0%| F|  |TAMS 0x00000000d3000000, 0x00000000d3000000| Untracked 
| 145|0x00000000d3100000, 0x00000000d3100000, 0x00000000d3200000|  0%| F|  |TAMS 0x00000000d3100000, 0x00000000d3100000| Untracked 
| 146|0x00000000d3200000, 0x00000000d3200000, 0x00000000d3300000|  0%| F|  |TAMS 0x00000000d3200000, 0x00000000d3200000| Untracked 

Card table byte_map: [0x000001d0efbf0000,0x000001d0efda0000] _byte_map_base: 0x000001d0ef5a0000

Marking Bits (Prev, Next): (CMBitMap*) 0x000001d0dcaaa830, (CMBitMap*) 0x000001d0dcaaa870
 Prev Bits: [0x000001d0eff50000, 0x000001d0f0cd0000)
 Next Bits: [0x000001d0f0cd0000, 0x000001d0f1a50000)

Polling page: 0x000001d0db220000

Metaspace:

Usage:
  Non-class:     68.45 MB used.
      Class:      8.83 MB used.
       Both:     77.28 MB used.

Virtual space:
  Non-class space:      128.00 MB reserved,      68.56 MB ( 54%) committed,  2 nodes.
      Class space:        1.00 GB reserved,       8.94 MB ( <1%) committed,  1 nodes.
             Both:        1.12 GB reserved,      77.50 MB (  7%) committed. 

Chunk freelists:
   Non-Class:  10.62 MB
       Class:  7.06 MB
        Both:  17.69 MB

MaxMetaspaceSize: unlimited
CompressedClassSpaceSize: 1.00 GB
Initial GC threshold: 21.00 MB
Current GC threshold: 125.44 MB
CDS: off
MetaspaceReclaimPolicy: balanced
 - commit_granule_bytes: 65536.
 - commit_granule_words: 8192.
 - virtual_space_node_default_size: 8388608.
 - enlarge_chunks_in_place: 1.
 - new_chunks_are_fully_committed: 0.
 - uncommit_free_chunks: 1.
 - use_allocation_guard: 0.
 - handle_deallocations: 1.


Internal statistics:

num_allocs_failed_limit: 6.
num_arena_births: 306.
num_arena_deaths: 0.
num_vsnodes_births: 3.
num_vsnodes_deaths: 0.
num_space_committed: 1238.
num_space_uncommitted: 0.
num_chunks_returned_to_freelist: 6.
num_chunks_taken_from_freelist: 2791.
num_chunk_merges: 6.
num_chunk_splits: 2337.
num_chunks_enlarged: 2101.
num_inconsistent_stats: 0.

CodeHeap 'non-profiled nmethods': size=120000Kb used=3713Kb max_used=3713Kb free=116287Kb
 bounds [0x000001d0e7ab0000, 0x000001d0e7e60000, 0x000001d0eefe0000]
CodeHeap 'profiled nmethods': size=120000Kb used=23040Kb max_used=23040Kb free=96959Kb
 bounds [0x000001d0dffe0000, 0x000001d0e1670000, 0x000001d0e7510000]
CodeHeap 'non-nmethods': size=5760Kb used=1381Kb max_used=1427Kb free=4379Kb
 bounds [0x000001d0e7510000, 0x000001d0e7780000, 0x000001d0e7ab0000]
 total_blobs=10990 nmethods=10291 adapters=607
 compilation: enabled
              stopped_count=0, restarted_count=0
 full_count=0

Compilation events (20 events):
Event: 13.178 Thread 0x000001d0f475a230 nmethod 11357 0x000001d0e165d610 code [0x000001d0e165d860, 0x000001d0e165de48]
Event: 13.178 Thread 0x000001d0f4754420 11353       4       java.util.ArrayList::toArray (57 bytes)
Event: 13.178 Thread 0x000001d0f475a230 11358       1       org.jetbrains.kotlin.metadata.ProtoBuf$Class::getSupertypeIdList (5 bytes)
Event: 13.178 Thread 0x000001d0f475a230 nmethod 11358 0x000001d0e7e4da10 code [0x000001d0e7e4dba0, 0x000001d0e7e4dc78]
Event: 13.178 Thread 0x000001d0f475a230 11359       1       org.jetbrains.kotlin.ir.declarations.impl.IrConstructorImpl::getEndOffset (5 bytes)
Event: 13.178 Thread 0x000001d0f475a230 nmethod 11359 0x000001d0e7e4dd10 code [0x000001d0e7e4dea0, 0x000001d0e7e4df78]
Event: 13.179 Thread 0x000001d0f475a230 11360       1       org.jetbrains.kotlin.ir.declarations.impl.IrExternalPackageFragmentImpl::getSymbol (5 bytes)
Event: 13.179 Thread 0x000001d0f475a230 nmethod 11360 0x000001d0e7e4e010 code [0x000001d0e7e4e1a0, 0x000001d0e7e4e278]
Event: 13.181 Thread 0x000001d0f4754420 nmethod 11353 0x000001d0e7e4e310 code [0x000001d0e7e4e4a0, 0x000001d0e7e4e958]
Event: 13.181 Thread 0x000001d0f4754420 11340       4       org.jetbrains.kotlin.backend.jvm.mapping.IrTypeCheckerContextForTypeMapping::typeConstructor (18 bytes)
Event: 13.181 Thread 0x000001d0f475a230 11363       2       org.jetbrains.kotlin.types.AbstractTypeMapper::mapArrayType (187 bytes)
Event: 13.182 Thread 0x000001d0f4754420 nmethod 11340 0x000001d0e7e4eb10 code [0x000001d0e7e4eca0, 0x000001d0e7e4ee18]
Event: 13.182 Thread 0x000001d0f4754420 11362       4       java.lang.String::regionMatches (189 bytes)
Event: 13.183 Thread 0x000001d0f475a230 nmethod 11363 0x000001d0e165e190 code [0x000001d0e165e5a0, 0x000001d0e165f6c8]
Event: 13.185 Thread 0x000001d0f4754420 nmethod 11362 0x000001d0e7e4f010 code [0x000001d0e7e4f1a0, 0x000001d0e7e4f438]
Event: 13.185 Thread 0x000001d0f4754420 11361       4       java.util.ArrayList$SubList::iterator (5 bytes)
Event: 13.187 Thread 0x000001d0f4754420 nmethod 11361 0x000001d0e7e4f690 code [0x000001d0e7e4f820, 0x000001d0e7e4f978]
Event: 13.187 Thread 0x000001d0f4754420 11281       4       org.jetbrains.kotlin.ir.declarations.lazy.IrLazyFunction::getExtensionReceiverParameter (19 bytes)
Event: 13.191 Thread 0x000001d0f4754420 nmethod 11281 0x000001d0e7e4fb10 code [0x000001d0e7e4fca0, 0x000001d0e7e501d8]
Event: 13.191 Thread 0x000001d0f4754420 11364       4       org.jetbrains.kotlin.load.java.typeEnhancement.TypeEnhancementUtilsKt::hasEnhancedNullability (29 bytes)

GC Heap History (20 events):
Event: 6.722 GC heap after
{Heap after GC invocations=23 (full 0):
 garbage-first heap   total 130048K, used 47776K [0x00000000ca000000, 0x0000000100000000)
  region size 1024K, 1 young (1024K), 1 survivors (1024K)
 Metaspace       used 56942K, committed 57280K, reserved 1114112K
  class space    used 6869K, committed 7040K, reserved 1048576K
}
Event: 8.275 GC heap before
{Heap before GC invocations=23 (full 0):
 garbage-first heap   total 130048K, used 97952K [0x00000000ca000000, 0x0000000100000000)
  region size 1024K, 50 young (51200K), 1 survivors (1024K)
 Metaspace       used 60248K, committed 60544K, reserved 1114112K
  class space    used 7217K, committed 7360K, reserved 1048576K
}
Event: 8.294 GC heap after
{Heap after GC invocations=24 (full 0):
 garbage-first heap   total 130048K, used 55568K [0x00000000ca000000, 0x0000000100000000)
  region size 1024K, 7 young (7168K), 7 survivors (7168K)
 Metaspace       used 60248K, committed 60544K, reserved 1114112K
  class space    used 7217K, committed 7360K, reserved 1048576K
}
Event: 9.361 GC heap before
{Heap before GC invocations=24 (full 0):
 garbage-first heap   total 130048K, used 97552K [0x00000000ca000000, 0x0000000100000000)
  region size 1024K, 48 young (49152K), 7 survivors (7168K)
 Metaspace       used 63181K, committed 63488K, reserved 1114112K
  class space    used 7524K, committed 7680K, reserved 1048576K
}
Event: 9.379 GC heap after
{Heap after GC invocations=25 (full 0):
 garbage-first heap   total 130048K, used 61792K [0x00000000ca000000, 0x0000000100000000)
  region size 1024K, 6 young (6144K), 6 survivors (6144K)
 Metaspace       used 63181K, committed 63488K, reserved 1114112K
  class space    used 7524K, committed 7680K, reserved 1048576K
}
Event: 10.159 GC heap before
{Heap before GC invocations=25 (full 0):
 garbage-first heap   total 130048K, used 99680K [0x00000000ca000000, 0x0000000100000000)
  region size 1024K, 43 young (44032K), 6 survivors (6144K)
 Metaspace       used 68183K, committed 68416K, reserved 1114112K
  class space    used 8014K, committed 8128K, reserved 1048576K
}
Event: 10.176 GC heap after
{Heap after GC invocations=26 (full 0):
 garbage-first heap   total 130048K, used 67335K [0x00000000ca000000, 0x0000000100000000)
  region size 1024K, 6 young (6144K), 6 survivors (6144K)
 Metaspace       used 68183K, committed 68416K, reserved 1114112K
  class space    used 8014K, committed 8128K, reserved 1048576K
}
Event: 10.764 GC heap before
{Heap before GC invocations=26 (full 0):
 garbage-first heap   total 130048K, used 101127K [0x00000000ca000000, 0x0000000100000000)
  region size 1024K, 39 young (39936K), 6 survivors (6144K)
 Metaspace       used 71013K, committed 71232K, reserved 1114112K
  class space    used 8271K, committed 8384K, reserved 1048576K
}
Event: 10.791 GC heap after
{Heap after GC invocations=27 (full 0):
 garbage-first heap   total 130048K, used 72132K [0x00000000ca000000, 0x0000000100000000)
  region size 1024K, 5 young (5120K), 5 survivors (5120K)
 Metaspace       used 71013K, committed 71232K, reserved 1114112K
  class space    used 8271K, committed 8384K, reserved 1048576K
}
Event: 11.525 GC heap before
{Heap before GC invocations=28 (full 0):
 garbage-first heap   total 130048K, used 101828K [0x00000000ca000000, 0x0000000100000000)
  region size 1024K, 35 young (35840K), 5 survivors (5120K)
 Metaspace       used 76361K, committed 76672K, reserved 1179648K
  class space    used 8856K, committed 9024K, reserved 1048576K
}
Event: 11.539 GC heap after
{Heap after GC invocations=29 (full 0):
 garbage-first heap   total 130048K, used 72977K [0x00000000ca000000, 0x0000000100000000)
  region size 1024K, 2 young (2048K), 2 survivors (2048K)
 Metaspace       used 76361K, committed 76672K, reserved 1179648K
  class space    used 8856K, committed 9024K, reserved 1048576K
}
Event: 11.594 GC heap before
{Heap before GC invocations=29 (full 0):
 garbage-first heap   total 130048K, used 77073K [0x00000000ca000000, 0x0000000100000000)
  region size 1024K, 6 young (6144K), 2 survivors (2048K)
 Metaspace       used 76456K, committed 76736K, reserved 1179648K
  class space    used 8863K, committed 9024K, reserved 1048576K
}
Event: 11.604 GC heap after
{Heap after GC invocations=30 (full 0):
 garbage-first heap   total 130048K, used 72109K [0x00000000ca000000, 0x0000000100000000)
  region size 1024K, 1 young (1024K), 1 survivors (1024K)
 Metaspace       used 76456K, committed 76736K, reserved 1179648K
  class space    used 8863K, committed 9024K, reserved 1048576K
}
Event: 11.896 GC heap before
{Heap before GC invocations=30 (full 0):
 garbage-first heap   total 130048K, used 104877K [0x00000000ca000000, 0x0000000100000000)
  region size 1024K, 33 young (33792K), 1 survivors (1024K)
 Metaspace       used 76763K, committed 77056K, reserved 1179648K
  class space    used 8863K, committed 9024K, reserved 1048576K
}
Event: 11.907 GC heap after
{Heap after GC invocations=31 (full 0):
 garbage-first heap   total 130048K, used 76295K [0x00000000ca000000, 0x0000000100000000)
  region size 1024K, 5 young (5120K), 5 survivors (5120K)
 Metaspace       used 76763K, committed 77056K, reserved 1179648K
  class space    used 8863K, committed 9024K, reserved 1048576K
}
Event: 12.204 GC heap before
{Heap before GC invocations=32 (full 0):
 garbage-first heap   total 150528K, used 104967K [0x00000000ca000000, 0x0000000100000000)
  region size 1024K, 33 young (33792K), 5 survivors (5120K)
 Metaspace       used 76834K, committed 77120K, reserved 1179648K
  class space    used 8863K, committed 9024K, reserved 1048576K
}
Event: 12.227 GC heap after
{Heap after GC invocations=33 (full 0):
 garbage-first heap   total 150528K, used 76890K [0x00000000ca000000, 0x0000000100000000)
  region size 1024K, 1 young (1024K), 1 survivors (1024K)
 Metaspace       used 76834K, committed 77120K, reserved 1179648K
  class space    used 8863K, committed 9024K, reserved 1048576K
}
Event: 12.270 GC heap before
{Heap before GC invocations=33 (full 0):
 garbage-first heap   total 150528K, used 83034K [0x00000000ca000000, 0x0000000100000000)
  region size 1024K, 7 young (7168K), 1 survivors (1024K)
 Metaspace       used 76837K, committed 77120K, reserved 1179648K
  class space    used 8863K, committed 9024K, reserved 1048576K
}
Event: 12.279 GC heap after
{Heap after GC invocations=34 (full 0):
 garbage-first heap   total 150528K, used 76068K [0x00000000ca000000, 0x0000000100000000)
  region size 1024K, 1 young (1024K), 1 survivors (1024K)
 Metaspace       used 76837K, committed 77120K, reserved 1179648K
  class space    used 8863K, committed 9024K, reserved 1048576K
}
Event: 13.192 GC heap before
{Heap before GC invocations=34 (full 0):
 garbage-first heap   total 150528K, used 122148K [0x00000000ca000000, 0x0000000100000000)
  region size 1024K, 46 young (47104K), 1 survivors (1024K)
 Metaspace       used 79131K, committed 79360K, reserved 1179648K
  class space    used 9037K, committed 9152K, reserved 1048576K
}

Dll operation events (2 events):
Event: 0.026 Loaded shared library C:\Program Files\Android\Android Studio\jbr\bin\java.dll
Event: 2.092 Loaded shared library C:\Program Files\Android\Android Studio\jbr\bin\verify.dll

Deoptimization events (20 events):
Event: 12.853 Thread 0x000001d0dca6e000 Uncommon trap: trap_request=0xffffffc6 fr.pc=0x000001d0e7da0250 relative=0x0000000000000b90
Event: 12.853 Thread 0x000001d0dca6e000 Uncommon trap: reason=bimorphic_or_optimized_type_check action=maybe_recompile pc=0x000001d0e7da0250 method=org.jetbrains.kotlin.descriptors.impl.FunctionDescriptorImpl.isInfix()Z @ 44 c2
Event: 12.853 Thread 0x000001d0dca6e000 DEOPT PACKING pc=0x000001d0e7da0250 sp=0x00000001006fd410
Event: 12.853 Thread 0x000001d0dca6e000 DEOPT UNPACKING pc=0x000001d0e75669a3 sp=0x00000001006fd3c0 mode 2
Event: 12.903 Thread 0x000001d0dca6e000 Uncommon trap: trap_request=0xffffffc6 fr.pc=0x000001d0e7d26e5c relative=0x0000000000000edc
Event: 12.903 Thread 0x000001d0dca6e000 Uncommon trap: reason=bimorphic_or_optimized_type_check action=maybe_recompile pc=0x000001d0e7d26e5c method=org.jetbrains.kotlin.storage.LockBasedStorageManager$MapBasedMemoizedFunction.invoke(Ljava/lang/Object;)Ljava/lang/Object; @ 235 c2
Event: 12.903 Thread 0x000001d0dca6e000 DEOPT PACKING pc=0x000001d0e7d26e5c sp=0x00000001006fd240
Event: 12.903 Thread 0x000001d0dca6e000 DEOPT UNPACKING pc=0x000001d0e75669a3 sp=0x00000001006fd200 mode 2
Event: 13.009 Thread 0x000001d0dca6e000 Uncommon trap: trap_request=0xffffffc6 fr.pc=0x000001d0e7d26e5c relative=0x0000000000000edc
Event: 13.009 Thread 0x000001d0dca6e000 Uncommon trap: reason=bimorphic_or_optimized_type_check action=maybe_recompile pc=0x000001d0e7d26e5c method=org.jetbrains.kotlin.storage.LockBasedStorageManager$MapBasedMemoizedFunction.invoke(Ljava/lang/Object;)Ljava/lang/Object; @ 235 c2
Event: 13.009 Thread 0x000001d0dca6e000 DEOPT PACKING pc=0x000001d0e7d26e5c sp=0x00000001006fd240
Event: 13.009 Thread 0x000001d0dca6e000 DEOPT UNPACKING pc=0x000001d0e75669a3 sp=0x00000001006fd200 mode 2
Event: 13.174 Thread 0x000001d0dca6e000 Uncommon trap: trap_request=0xffffffcc fr.pc=0x000001d0e7e4d030 relative=0x0000000000000210
Event: 13.174 Thread 0x000001d0dca6e000 Uncommon trap: reason=intrinsic_or_type_checked_inlining action=make_not_entrant pc=0x000001d0e7e4d030 method=java.util.ArrayList.toArray([Ljava/lang/Object;)[Ljava/lang/Object; @ 36 c2
Event: 13.174 Thread 0x000001d0dca6e000 DEOPT PACKING pc=0x000001d0e7e4d030 sp=0x00000001006fd800
Event: 13.174 Thread 0x000001d0dca6e000 DEOPT UNPACKING pc=0x000001d0e75669a3 sp=0x00000001006fd7a0 mode 2
Event: 13.179 Thread 0x000001d0dca6e000 Uncommon trap: trap_request=0xffffffc6 fr.pc=0x000001d0e7d26e5c relative=0x0000000000000edc
Event: 13.179 Thread 0x000001d0dca6e000 Uncommon trap: reason=bimorphic_or_optimized_type_check action=maybe_recompile pc=0x000001d0e7d26e5c method=org.jetbrains.kotlin.storage.LockBasedStorageManager$MapBasedMemoizedFunction.invoke(Ljava/lang/Object;)Ljava/lang/Object; @ 235 c2
Event: 13.179 Thread 0x000001d0dca6e000 DEOPT PACKING pc=0x000001d0e7d26e5c sp=0x00000001006fd1c0
Event: 13.179 Thread 0x000001d0dca6e000 DEOPT UNPACKING pc=0x000001d0e75669a3 sp=0x00000001006fd180 mode 2

Classes unloaded (0 events):
No events

Classes redefined (0 events):
No events

Internal exceptions (20 events):
Event: 6.234 Thread 0x000001d0dca6e000 Implicit null exception at 0x000001d0e7af860e to 0x000001d0e7af8850
Event: 6.236 Thread 0x000001d0dca6e000 Implicit null exception at 0x000001d0e7b0f38f to 0x000001d0e7b0f409
Event: 6.415 Thread 0x000001d0dca6e000 Exception <a 'java/lang/NoSuchMethodError'{0x00000000cf846038}: 'java.lang.Object java.lang.invoke.DirectMethodHandle$Holder.newInvokeSpecial(java.lang.Object, java.lang.Object, java.lang.Object, java.lang.Object, java.lang.Object, java.lang.Object, java.lang.Object, java.lang.Object)'> (0x00000000cf846038) 
thrown [s\src\hotspot\share\interpreter\linkResolver.cpp, line 771]
Event: 6.416 Thread 0x000001d0dca6e000 Exception <a 'java/lang/NoSuchMethodError'{0x00000000cf84b650}: 'java.lang.Object java.lang.invoke.DirectMethodHandle$Holder.invokeSpecial(java.lang.Object, java.lang.Object, java.lang.Object, java.lang.Object, java.lang.Object, java.lang.Object, java.lang.Object, java.lang.Object, java.lang.Object)'> (0x00000000cf84b650) 
thrown [s\src\hotspot\share\interpreter\linkResolver.cpp, line 771]
Event: 6.416 Thread 0x000001d0dca6e000 Exception <a 'java/lang/NoSuchMethodError'{0x00000000cf850580}: 'java.lang.Object java.lang.invoke.Invokers$Holder.linkToTargetMethod(java.lang.Object, java.lang.Object, java.lang.Object, java.lang.Object, java.lang.Object, java.lang.Object, java.lang.Object, java.lang.Object)'> (0x00000000cf850580) 
thrown [s\src\hotspot\share\interpreter\linkResolver.cpp, line 771]
Event: 6.437 Thread 0x000001d0dca6e000 Implicit null exception at 0x000001d0e7bc70d8 to 0x000001d0e7bc716e
Event: 6.541 Thread 0x000001d0dca6e000 Exception <a 'java/lang/NoSuchMethodError'{0x00000000cf535590}: 'java.lang.Object java.lang.invoke.DirectMethodHandle$Holder.invokeStaticInit(java.lang.Object, java.lang.Object, java.lang.Object)'> (0x00000000cf535590) 
thrown [s\src\hotspot\share\interpreter\linkResolver.cpp, line 771]
Event: 6.546 Thread 0x000001d0dca6e000 Exception <a 'java/lang/NoSuchMethodError'{0x00000000cf556258}: 'java.lang.Object java.lang.invoke.DirectMethodHandle$Holder.newInvokeSpecial(java.lang.Object, int, java.lang.Object)'> (0x00000000cf556258) 
thrown [s\src\hotspot\share\interpreter\linkResolver.cpp, line 771]
Event: 7.043 Thread 0x000001d0dca6e000 Exception <a 'java/lang/NoSuchMethodError'{0x00000000d168d650}: 'java.lang.Object java.lang.invoke.DirectMethodHandle$Holder.invokeInterface(java.lang.Object, java.lang.Object, java.lang.Object)'> (0x00000000d168d650) 
thrown [s\src\hotspot\share\interpreter\linkResolver.cpp, line 771]
Event: 7.044 Thread 0x000001d0dca6e000 Exception <a 'java/lang/IncompatibleClassChangeError'{0x00000000d1691510}: Found class java.lang.Object, but interface was expected> (0x00000000d1691510) 
thrown [s\src\hotspot\share\interpreter\linkResolver.cpp, line 838]
Event: 7.497 Thread 0x000001d0dca6e000 Exception <a 'java/lang/NoSuchMethodError'{0x00000000d0d44318}: 'java.lang.Object java.lang.invoke.DirectMethodHandle$Holder.invokeStatic(java.lang.Object, java.lang.Object, java.lang.Object, java.lang.Object, int)'> (0x00000000d0d44318) 
thrown [s\src\hotspot\share\interpreter\linkResolver.cpp, line 771]
Event: 7.498 Thread 0x000001d0dca6e000 Exception <a 'java/lang/NoSuchMethodError'{0x00000000d0d4dc60}: 'java.lang.Object java.lang.invoke.DirectMethodHandle$Holder.newInvokeSpecial(java.lang.Object, java.lang.Object, java.lang.Object, java.lang.Object, int)'> (0x00000000d0d4dc60) 
thrown [s\src\hotspot\share\interpreter\linkResolver.cpp, line 771]
Event: 7.499 Thread 0x000001d0dca6e000 Exception <a 'java/lang/NoSuchMethodError'{0x00000000d0d55d30}: 'java.lang.Object java.lang.invoke.Invokers$Holder.linkToTargetMethod(java.lang.Object, java.lang.Object, java.lang.Object, int, java.lang.Object)'> (0x00000000d0d55d30) 
thrown [s\src\hotspot\share\interpreter\linkResolver.cpp, line 771]
Event: 8.872 Thread 0x000001d0dca6e000 Exception <a 'java/lang/NoSuchMethodError'{0x00000000d0974c38}: 'void java.lang.invoke.DirectMethodHandle$Holder.invokeInterface(java.lang.Object, java.lang.Object)'> (0x00000000d0974c38) 
thrown [s\src\hotspot\share\interpreter\linkResolver.cpp, line 771]
Event: 8.896 Thread 0x000001d0dca6e000 Exception <a 'java/lang/NoSuchMethodError'{0x00000000d09f1118}: 'void java.lang.invoke.DirectMethodHandle$Holder.invokeSpecial(java.lang.Object, java.lang.Object, int, java.lang.Object)'> (0x00000000d09f1118) 
thrown [s\src\hotspot\share\interpreter\linkResolver.cpp, line 771]
Event: 8.957 Thread 0x000001d0dca6e000 Exception <a 'java/lang/NoSuchMethodError'{0x00000000d07742e0}: 'java.lang.Object java.lang.invoke.DirectMethodHandle$Holder.newInvokeSpecial(java.lang.Object, java.lang.Object, java.lang.Object, java.lang.Object, java.lang.Object, java.lang.Object, java.lang.Object)'> (0x00000000d07742e0) 
thrown [s\src\hotspot\share\interpreter\linkResolver.cpp, line 771]
Event: 8.958 Thread 0x000001d0dca6e000 Exception <a 'java/lang/NoSuchMethodError'{0x00000000d0778e98}: 'java.lang.Object java.lang.invoke.Invokers$Holder.linkToTargetMethod(java.lang.Object, java.lang.Object, java.lang.Object, java.lang.Object, java.lang.Object, java.lang.Object, java.lang.Object)'> (0x00000000d0778e98) 
thrown [s\src\hotspot\share\interpreter\linkResolver.cpp, line 771]
Event: 8.973 Thread 0x000001d0dca6e000 Exception <a 'java/lang/NoSuchMethodError'{0x00000000d07aaf20}: 'int java.lang.invoke.DirectMethodHandle$Holder.invokeStaticInit(java.lang.Object, int)'> (0x00000000d07aaf20) 
thrown [s\src\hotspot\share\interpreter\linkResolver.cpp, line 771]
Event: 11.397 Thread 0x000001d0dca6e000 Exception <a 'java/lang/NoSuchMethodError'{0x00000000d054ec50}: 'java.lang.Object java.lang.invoke.DirectMethodHandle$Holder.invokeStatic(java.lang.Object, int, java.lang.Object)'> (0x00000000d054ec50) 
thrown [s\src\hotspot\share\interpreter\linkResolver.cpp, line 771]
Event: 11.405 Thread 0x000001d0dca6e000 Exception <a 'java/lang/NoSuchMethodError'{0x00000000d05784e0}: 'java.lang.Object java.lang.invoke.DirectMethodHandle$Holder.newInvokeSpecial(java.lang.Object, int, java.lang.Object, java.lang.Object)'> (0x00000000d05784e0) 
thrown [s\src\hotspot\share\interpreter\linkResolver.cpp, line 771]

VM Operations (20 events):
Event: 12.412 Executing VM operation: HandshakeAllThreads done
Event: 12.431 Executing VM operation: HandshakeAllThreads
Event: 12.431 Executing VM operation: HandshakeAllThreads done
Event: 12.436 Executing VM operation: HandshakeAllThreads
Event: 12.436 Executing VM operation: HandshakeAllThreads done
Event: 12.440 Executing VM operation: HandshakeAllThreads
Event: 12.440 Executing VM operation: HandshakeAllThreads done
Event: 12.470 Executing VM operation: HandshakeAllThreads
Event: 12.470 Executing VM operation: HandshakeAllThreads done
Event: 12.565 Executing VM operation: HandshakeAllThreads
Event: 12.566 Executing VM operation: HandshakeAllThreads done
Event: 12.677 Executing VM operation: ICBufferFull
Event: 12.677 Executing VM operation: ICBufferFull done
Event: 12.700 Executing VM operation: HandshakeAllThreads
Event: 12.700 Executing VM operation: HandshakeAllThreads done
Event: 12.978 Executing VM operation: ICBufferFull
Event: 12.979 Executing VM operation: ICBufferFull done
Event: 13.174 Executing VM operation: ICBufferFull
Event: 13.174 Executing VM operation: ICBufferFull done
Event: 13.192 Executing VM operation: G1CollectForAllocation

Events (20 events):
Event: 9.045 Thread 0x000001d0f477db60 flushing nmethod 0x000001d0e0b64710
Event: 9.045 Thread 0x000001d0f477db60 flushing nmethod 0x000001d0e0b88f10
Event: 9.045 Thread 0x000001d0f477db60 flushing nmethod 0x000001d0e0ba0490
Event: 9.045 Thread 0x000001d0f477db60 flushing nmethod 0x000001d0e0ba8890
Event: 9.045 Thread 0x000001d0f477db60 flushing nmethod 0x000001d0e0bb3e90
Event: 9.045 Thread 0x000001d0f477db60 flushing nmethod 0x000001d0e0bbd110
Event: 9.045 Thread 0x000001d0f477db60 flushing nmethod 0x000001d0e0bd0490
Event: 9.045 Thread 0x000001d0f477db60 flushing nmethod 0x000001d0e0bf2b10
Event: 9.045 Thread 0x000001d0f477db60 flushing nmethod 0x000001d0e0bf9310
Event: 9.045 Thread 0x000001d0f477db60 flushing nmethod 0x000001d0e0c2db90
Event: 9.045 Thread 0x000001d0f477db60 flushing nmethod 0x000001d0e0c36e10
Event: 9.046 Thread 0x000001d0f477db60 flushing nmethod 0x000001d0e0d39790
Event: 9.047 Thread 0x000001d0f477db60 flushing nmethod 0x000001d0e0db7b10
Event: 9.047 Thread 0x000001d0f477db60 flushing nmethod 0x000001d0e0e19b10
Event: 10.415 Thread 0x000001d0f477db60 flushing nmethod 0x000001d0e018ce90
Event: 10.415 Thread 0x000001d0f477db60 flushing nmethod 0x000001d0e0195f10
Event: 10.427 Thread 0x000001d0f477db60 flushing nmethod 0x000001d0e0fa1010
Event: 10.427 Thread 0x000001d0f477db60 flushing nmethod 0x000001d0e0fa2210
Event: 10.427 Thread 0x000001d0f477db60 flushing nmethod 0x000001d0e0fa2a90
Event: 10.427 Thread 0x000001d0f477db60 flushing nmethod 0x000001d0e0fa3310


Dynamic libraries:
0x00007ff63c380000 - 0x00007ff63c38a000 	C:\Program Files\Android\Android Studio\jbr\bin\java.exe
0x00007ffc1b130000 - 0x00007ffc1b37e000 	C:\WINDOWS\SYSTEM32\ntdll.dll
0x00007ffc1a350000 - 0x00007ffc1a416000 	C:\WINDOWS\System32\KERNEL32.DLL
0x00007ffc188f0000 - 0x00007ffc18c83000 	C:\WINDOWS\System32\KERNELBASE.dll
0x00007ffc18c90000 - 0x00007ffc18dcd000 	C:\WINDOWS\System32\ucrtbase.dll
0x00007ffbe5470000 - 0x00007ffbe5487000 	C:\Program Files\Android\Android Studio\jbr\bin\jli.dll
0x00007ffbea5f0000 - 0x00007ffbea60b000 	C:\Program Files\Android\Android Studio\jbr\bin\VCRUNTIME140.dll
0x00007ffc19fe0000 - 0x00007ffc1a19f000 	C:\WINDOWS\System32\USER32.dll
0x00007ffc18770000 - 0x00007ffc18797000 	C:\WINDOWS\System32\win32u.dll
0x00007ffc1acf0000 - 0x00007ffc1ad1a000 	C:\WINDOWS\System32\GDI32.dll
0x00007ffc175e0000 - 0x00007ffc17871000 	C:\WINDOWS\WinSxS\amd64_microsoft.windows.common-controls_6595b64144ccf1df_6.0.26040.1000_none_3b9025f0e753cce1\COMCTL32.dll
0x00007ffc18610000 - 0x00007ffc18730000 	C:\WINDOWS\System32\gdi32full.dll
0x00007ffc1aa70000 - 0x00007ffc1ab18000 	C:\WINDOWS\System32\msvcrt.dll
0x00007ffc18840000 - 0x00007ffc188e3000 	C:\WINDOWS\System32\msvcp_win.dll
0x00007ffc1ad20000 - 0x00007ffc1ad4d000 	C:\WINDOWS\System32\IMM32.DLL
0x00007ffc147a0000 - 0x00007ffc147ac000 	C:\Program Files\Android\Android Studio\jbr\bin\vcruntime140_1.dll
0x00007ffba1f50000 - 0x00007ffba1fdd000 	C:\Program Files\Android\Android Studio\jbr\bin\msvcp140.dll
0x00007ffb9e4e0000 - 0x00007ffb9f160000 	C:\Program Files\Android\Android Studio\jbr\bin\server\jvm.dll
0x00007ffc1ab20000 - 0x00007ffc1abd1000 	C:\WINDOWS\System32\ADVAPI32.dll
0x00007ffc194c0000 - 0x00007ffc19566000 	C:\WINDOWS\System32\sechost.dll
0x00007ffc18740000 - 0x00007ffc18766000 	C:\WINDOWS\System32\bcrypt.dll
0x00007ffc1afd0000 - 0x00007ffc1b0e9000 	C:\WINDOWS\System32\RPCRT4.dll
0x00007ffc10280000 - 0x00007ffc102b6000 	C:\WINDOWS\SYSTEM32\WINMM.dll
0x00007ffbf8290000 - 0x00007ffbf829a000 	C:\WINDOWS\SYSTEM32\WSOCK32.dll
0x00007ffc14d40000 - 0x00007ffc14d4b000 	C:\WINDOWS\SYSTEM32\VERSION.dll
0x00007ffc18fc0000 - 0x00007ffc19034000 	C:\WINDOWS\System32\WS2_32.dll
0x00007ffc16390000 - 0x00007ffc163a9000 	C:\WINDOWS\SYSTEM32\kernel.appcore.dll
0x00007ffbef9b0000 - 0x00007ffbef9ba000 	C:\Program Files\Android\Android Studio\jbr\bin\jimage.dll
0x00007ffc17ca0000 - 0x00007ffc17edd000 	C:\WINDOWS\SYSTEM32\DBGHELP.DLL
0x00007ffc1a520000 - 0x00007ffc1a899000 	C:\WINDOWS\System32\combase.dll
0x00007ffc19570000 - 0x00007ffc19646000 	C:\WINDOWS\System32\OLEAUT32.dll
0x00007ffc17b90000 - 0x00007ffc17bc9000 	C:\WINDOWS\SYSTEM32\dbgcore.DLL
0x00007ffc187a0000 - 0x00007ffc1883c000 	C:\WINDOWS\System32\bcryptPrimitives.dll
0x00007ffbea4c0000 - 0x00007ffbea4e5000 	C:\Program Files\Android\Android Studio\jbr\bin\java.dll
0x00007ffbeaab0000 - 0x00007ffbeaac8000 	C:\Program Files\Android\Android Studio\jbr\bin\zip.dll
0x00007ffc19660000 - 0x00007ffc19e1a000 	C:\WINDOWS\System32\SHELL32.dll
0x00007ffc15310000 - 0x00007ffc15b67000 	C:\WINDOWS\SYSTEM32\windows.storage.dll
0x00007ffc1aef0000 - 0x00007ffc1afc7000 	C:\WINDOWS\System32\SHCORE.dll
0x00007ffc1ac80000 - 0x00007ffc1acdd000 	C:\WINDOWS\System32\shlwapi.dll
0x00007ffc183b0000 - 0x00007ffc183d4000 	C:\WINDOWS\SYSTEM32\profapi.dll
0x00007ffbe7160000 - 0x00007ffbe7179000 	C:\Program Files\Android\Android Studio\jbr\bin\net.dll
0x00007ffc0f970000 - 0x00007ffc0fa8d000 	C:\WINDOWS\SYSTEM32\WINHTTP.dll
0x00007ffc16830000 - 0x00007ffc16898000 	C:\WINDOWS\system32\mswsock.dll
0x00007ffbe5490000 - 0x00007ffbe54a6000 	C:\Program Files\Android\Android Studio\jbr\bin\nio.dll
0x00007ffbef9a0000 - 0x00007ffbef9b0000 	C:\Program Files\Android\Android Studio\jbr\bin\verify.dll

dbghelp: loaded successfully - version: 4.0.5 - missing functions: none
symbol engine: initialized successfully - sym options: 0x614 - pdb path: .;C:\Program Files\Android\Android Studio\jbr\bin;C:\WINDOWS\SYSTEM32;C:\WINDOWS\WinSxS\amd64_microsoft.windows.common-controls_6595b64144ccf1df_6.0.26040.1000_none_3b9025f0e753cce1;C:\Program Files\Android\Android Studio\jbr\bin\server

VM Arguments:
java_command: org.jetbrains.kotlin.cli.jvm.K2JVMCompiler @C:\Users\athul\AndroidStudioProjects\Roam\app\build\20240213_15180531099598070549.compiler.options
java_class_path (initial): C:\Users\athul\.gradle\caches\modules-2\files-2.1\org.jetbrains.kotlin\kotlin-compiler-embeddable\1.9.10\57ca1b0823ae3ecb451a97e1f8e6de0b19ea5294\kotlin-compiler-embeddable-1.9.10.jar;C:\Users\athul\.gradle\caches\modules-2\files-2.1\org.jetbrains.kotlin\kotlin-stdlib\1.9.10\72812e8a368917ab5c0a5081b56915ffdfec93b7\kotlin-stdlib-1.9.10.jar;C:\Users\athul\.gradle\caches\modules-2\files-2.1\org.jetbrains.kotlin\kotlin-script-runtime\1.9.10\398513a8534701579cccaf5953ea914416b4696c\kotlin-script-runtime-1.9.10.jar;C:\Users\athul\.gradle\caches\modules-2\files-2.1\org.jetbrains.kotlin\kotlin-reflect\1.6.10\1cbe9c92c12a94eea200d23c2bbaedaf3daf5132\kotlin-reflect-1.6.10.jar;C:\Users\athul\.gradle\caches\modules-2\files-2.1\org.jetbrains.kotlin\kotlin-daemon-embeddable\1.9.10\bda2f7daa6b89d2ded2d9e1e0b0cadaf9446ade1\kotlin-daemon-embeddable-1.9.10.jar;C:\Users\athul\.gradle\caches\modules-2\files-2.1\org.jetbrains.intellij.deps\trove4j\1.0.20200330\3afb14d5f9ceb459d724e907a21145e8ff394f02\trove4j-1.0.20200330.jar;C:\Users\athul\.gradle\caches\modules-2\files-2.1\org.jetbrains.kotlin\kotlin-stdlib-common\1.9.10\dafaf2c27f27c09220cee312df10917d9a5d97ce\kotlin-stdlib-common-1.9.10.jar;C:\Users\athul\.gradle\caches\modules-2\files-2.1\org.jetbrains\annotations\13.0\919f0dfe192fb4e063e7dacadee7f8bb9a2672a9\annotations-13.0.jar
Launcher Type: SUN_STANDARD

[Global flags]
     intx CICompilerCount                          = 4                                         {product} {ergonomic}
     uint ConcGCThreads                            = 2                                         {product} {ergonomic}
     uint G1ConcRefinementThreads                  = 8                                         {product} {ergonomic}
   size_t G1HeapRegionSize                         = 1048576                                   {product} {ergonomic}
    uintx GCDrainStackTargetSize                   = 64                                        {product} {ergonomic}
   size_t InitialHeapSize                          = 56623104                                  {product} {ergonomic}
   size_t MarkStackSize                            = 4194304                                   {product} {ergonomic}
   size_t MaxHeapSize                              = 905969664                                 {product} {ergonomic}
   size_t MaxNewSize                               = 543162368                                 {product} {ergonomic}
   size_t MinHeapDeltaBytes                        = 1048576                                   {product} {ergonomic}
   size_t MinHeapSize                              = 8388608                                   {product} {ergonomic}
    uintx NonNMethodCodeHeapSize                   = 5839372                                {pd product} {ergonomic}
    uintx NonProfiledCodeHeapSize                  = 122909434                              {pd product} {ergonomic}
    uintx ProfiledCodeHeapSize                     = 122909434                              {pd product} {ergonomic}
    uintx ReservedCodeCacheSize                    = 251658240                              {pd product} {ergonomic}
     bool SegmentedCodeCache                       = true                                      {product} {ergonomic}
   size_t SoftMaxHeapSize                          = 905969664                              {manageable} {ergonomic}
     bool UseCompressedClassPointers               = true                           {product lp64_product} {ergonomic}
     bool UseCompressedOops                        = true                           {product lp64_product} {ergonomic}
     bool UseG1GC                                  = true                                      {product} {ergonomic}
     bool UseLargePagesIndividualAllocation        = false                                  {pd product} {ergonomic}

Logging:
Log output configuration:
 #0: stdout all=warning uptime,level,tags
 #1: stderr all=off uptime,level,tags

Environment Variables:
PATH=C:\WINDOWS\system32;C:\WINDOWS;C:\WINDOWS\System32\Wbem;C:\WINDOWS\System32\WindowsPowerShell\v1.0\;C:\WINDOWS\System32\OpenSSH\;C:\Program Files\nodejs\;C:\Program Files\Git\cmd;C:\Program Files\GitHub CLI\;C:\Users\athul\AppData\Local\Microsoft\WindowsApps;C:\Users\athul\AppData\Roaming\npm;C:\Users\athul\AppData\Local\Programs\Microsoft VS Code\bin;C:\Users\athul\AppData\Local\GitHubDesktop\bin
USERNAME=athul
OS=Windows_NT
PROCESSOR_IDENTIFIER=AMD64 Family 23 Model 24 Stepping 1, AuthenticAMD
TMP=C:\Users\athul\AppData\Local\Temp
TEMP=C:\Users\athul\AppData\Local\Temp


JNI global refs:
JNI global refs: 10, weak refs: 14

JNI global refs memory usage: 843, weak refs: 841

OOME stack traces (most recent first):
Classloader memory used:
Loader jdk.internal.loader.ClassLoaders$AppClassLoader                                 : 8466K
Loader bootstrap                                                                       : 1381K
Loader java.net.URLClassLoader                                                         : 23146B
Loader jdk.internal.reflect.DelegatingClassLoader                                      : 18840B
Loader jdk.internal.loader.ClassLoaders$PlatformClassLoader                            : 2276B


---------------  S Y S T E M  ---------------

OS:
 Windows 11 , 64 bit Build 26040 (10.0.26040.1000)
OS uptime: 0 days 23:23 hours

CPU: total 8 (initial active 8) (8 cores per cpu, 2 threads per core) family 23 model 24 stepping 1 microcode 0x8108109, cx8, cmov, fxsr, ht, mmx, 3dnowpref, sse, sse2, sse3, ssse3, sse4a, sse4.1, sse4.2, popcnt, lzcnt, tsc, tscinvbit, avx, avx2, aes, clmul, bmi1, bmi2, adx, sha, fma, vzeroupper, clflush, clflushopt

Memory: 4k page, system-wide physical 3455M (494M free)
TotalPageFile size 14207M (AvailPageFile size 52M)
current process WorkingSet (physical memory assigned to process): 204M, peak: 261M
current process commit charge ("private bytes"): 355M, peak: 546M

vm_info: OpenJDK 64-Bit Server VM (17.0.7+0-b2043.56-10550314) for windows-amd64 JRE (17.0.7+0-b2043.56-10550314), built on Jul 24 2023 18:27:45 by "androidbuild" with MS VC++ 16.10 / 16.11 (VS2019)

END.
